{"/Users/stefan/tmp/games/survivor_protocol/src/config.ts": {"path":"/Users/stefan/tmp/games/survivor_protocol/src/config.ts","statementMap":{"0":{"start":{"line":3,"column":30},"end":{"line":12,"column":null}}},"fnMap":{},"branchMap":{},"s":{"0":109},"f":{},"b":{},"meta":{"lastBranch":0,"lastFunction":0,"lastStatement":1,"seen":{"s:3:30:12:Infinity":0}}}
,"/Users/stefan/tmp/games/survivor_protocol/src/game.ts": {"path":"/Users/stefan/tmp/games/survivor_protocol/src/game.ts","statementMap":{"0":{"start":{"line":72,"column":37},"end":{"line":72,"column":null}},"1":{"start":{"line":73,"column":41},"end":{"line":73,"column":null}},"2":{"start":{"line":76,"column":24},"end":{"line":76,"column":null}},"3":{"start":{"line":77,"column":30},"end":{"line":77,"column":null}},"4":{"start":{"line":78,"column":32},"end":{"line":78,"column":null}},"5":{"start":{"line":79,"column":11},"end":{"line":79,"column":null}},"6":{"start":{"line":80,"column":11},"end":{"line":80,"column":null}},"7":{"start":{"line":81,"column":11},"end":{"line":81,"column":null}},"8":{"start":{"line":82,"column":9},"end":{"line":82,"column":null}},"9":{"start":{"line":83,"column":9},"end":{"line":83,"column":null}},"10":{"start":{"line":84,"column":12},"end":{"line":84,"column":null}},"11":{"start":{"line":85,"column":10},"end":{"line":85,"column":null}},"12":{"start":{"line":86,"column":14},"end":{"line":86,"column":null}},"13":{"start":{"line":87,"column":13},"end":{"line":87,"column":null}},"14":{"start":{"line":88,"column":16},"end":{"line":88,"column":null}},"15":{"start":{"line":89,"column":22},"end":{"line":89,"column":null}},"16":{"start":{"line":91,"column":26},"end":{"line":91,"column":null}},"17":{"start":{"line":92,"column":21},"end":{"line":92,"column":null}},"18":{"start":{"line":93,"column":30},"end":{"line":93,"column":null}},"19":{"start":{"line":94,"column":36},"end":{"line":94,"column":null}},"20":{"start":{"line":95,"column":17},"end":{"line":95,"column":null}},"21":{"start":{"line":96,"column":26},"end":{"line":96,"column":null}},"22":{"start":{"line":97,"column":30},"end":{"line":97,"column":null}},"23":{"start":{"line":98,"column":26},"end":{"line":98,"column":null}},"24":{"start":{"line":100,"column":22},"end":{"line":107,"column":null}},"25":{"start":{"line":109,"column":15},"end":{"line":109,"column":null}},"26":{"start":{"line":112,"column":4},"end":{"line":112,"column":null}},"27":{"start":{"line":113,"column":4},"end":{"line":113,"column":null}},"28":{"start":{"line":113,"column":22},"end":{"line":113,"column":null}},"29":{"start":{"line":115,"column":4},"end":{"line":115,"column":null}},"30":{"start":{"line":116,"column":4},"end":{"line":116,"column":null}},"31":{"start":{"line":116,"column":19},"end":{"line":116,"column":null}},"32":{"start":{"line":118,"column":4},"end":{"line":118,"column":null}},"33":{"start":{"line":119,"column":4},"end":{"line":119,"column":null}},"34":{"start":{"line":119,"column":28},"end":{"line":119,"column":null}},"35":{"start":{"line":121,"column":4},"end":{"line":121,"column":null}},"36":{"start":{"line":122,"column":4},"end":{"line":122,"column":null}},"37":{"start":{"line":125,"column":4},"end":{"line":128,"column":null}},"38":{"start":{"line":126,"column":6},"end":{"line":126,"column":null}},"39":{"start":{"line":127,"column":6},"end":{"line":127,"column":null}},"40":{"start":{"line":127,"column":39},"end":{"line":127,"column":null}},"41":{"start":{"line":129,"column":4},"end":{"line":131,"column":null}},"42":{"start":{"line":130,"column":6},"end":{"line":130,"column":null}},"43":{"start":{"line":134,"column":4},"end":{"line":145,"column":null}},"44":{"start":{"line":135,"column":6},"end":{"line":135,"column":null}},"45":{"start":{"line":135,"column":40},"end":{"line":135,"column":null}},"46":{"start":{"line":136,"column":19},"end":{"line":136,"column":null}},"47":{"start":{"line":137,"column":21},"end":{"line":137,"column":null}},"48":{"start":{"line":138,"column":21},"end":{"line":138,"column":null}},"49":{"start":{"line":140,"column":22},"end":{"line":140,"column":null}},"50":{"start":{"line":141,"column":22},"end":{"line":141,"column":null}},"51":{"start":{"line":142,"column":6},"end":{"line":142,"column":null}},"52":{"start":{"line":144,"column":6},"end":{"line":144,"column":null}},"53":{"start":{"line":148,"column":15},"end":{"line":148,"column":null}},"54":{"start":{"line":149,"column":25},"end":{"line":155,"column":null}},"55":{"start":{"line":150,"column":19},"end":{"line":150,"column":null}},"56":{"start":{"line":151,"column":6},"end":{"line":154,"column":null}},"57":{"start":{"line":156,"column":4},"end":{"line":173,"column":null}},"58":{"start":{"line":157,"column":6},"end":{"line":157,"column":null}},"59":{"start":{"line":158,"column":6},"end":{"line":172,"column":null}},"60":{"start":{"line":159,"column":20},"end":{"line":159,"column":null}},"61":{"start":{"line":160,"column":26},"end":{"line":160,"column":null}},"62":{"start":{"line":161,"column":8},"end":{"line":171,"column":null}},"63":{"start":{"line":163,"column":10},"end":{"line":163,"column":null}},"64":{"start":{"line":164,"column":10},"end":{"line":164,"column":null}},"65":{"start":{"line":165,"column":10},"end":{"line":165,"column":null}},"66":{"start":{"line":168,"column":10},"end":{"line":168,"column":null}},"67":{"start":{"line":169,"column":10},"end":{"line":169,"column":null}},"68":{"start":{"line":170,"column":10},"end":{"line":170,"column":null}},"69":{"start":{"line":174,"column":4},"end":{"line":200,"column":null}},"70":{"start":{"line":175,"column":6},"end":{"line":175,"column":null}},"71":{"start":{"line":176,"column":6},"end":{"line":199,"column":null}},"72":{"start":{"line":177,"column":20},"end":{"line":177,"column":null}},"73":{"start":{"line":178,"column":26},"end":{"line":178,"column":null}},"74":{"start":{"line":179,"column":8},"end":{"line":198,"column":null}},"75":{"start":{"line":181,"column":10},"end":{"line":181,"column":null}},"76":{"start":{"line":181,"column":38},"end":{"line":181,"column":null}},"77":{"start":{"line":182,"column":21},"end":{"line":182,"column":null}},"78":{"start":{"line":183,"column":21},"end":{"line":183,"column":null}},"79":{"start":{"line":184,"column":23},"end":{"line":184,"column":null}},"80":{"start":{"line":185,"column":24},"end":{"line":185,"column":null}},"81":{"start":{"line":186,"column":24},"end":{"line":186,"column":null}},"82":{"start":{"line":187,"column":10},"end":{"line":187,"column":null}},"83":{"start":{"line":188,"column":10},"end":{"line":188,"column":null}},"84":{"start":{"line":191,"column":10},"end":{"line":191,"column":null}},"85":{"start":{"line":191,"column":41},"end":{"line":191,"column":null}},"86":{"start":{"line":192,"column":21},"end":{"line":192,"column":null}},"87":{"start":{"line":193,"column":21},"end":{"line":193,"column":null}},"88":{"start":{"line":194,"column":24},"end":{"line":194,"column":null}},"89":{"start":{"line":195,"column":10},"end":{"line":195,"column":null}},"90":{"start":{"line":196,"column":10},"end":{"line":196,"column":null}},"91":{"start":{"line":197,"column":10},"end":{"line":197,"column":null}},"92":{"start":{"line":201,"column":4},"end":{"line":216,"column":null}},"93":{"start":{"line":202,"column":6},"end":{"line":215,"column":null}},"94":{"start":{"line":203,"column":26},"end":{"line":203,"column":null}},"95":{"start":{"line":204,"column":8},"end":{"line":214,"column":null}},"96":{"start":{"line":206,"column":10},"end":{"line":206,"column":null}},"97":{"start":{"line":207,"column":10},"end":{"line":207,"column":null}},"98":{"start":{"line":208,"column":10},"end":{"line":208,"column":null}},"99":{"start":{"line":211,"column":10},"end":{"line":211,"column":null}},"100":{"start":{"line":212,"column":10},"end":{"line":212,"column":null}},"101":{"start":{"line":213,"column":10},"end":{"line":213,"column":null}},"102":{"start":{"line":218,"column":4},"end":{"line":218,"column":null}},"103":{"start":{"line":219,"column":4},"end":{"line":219,"column":null}},"104":{"start":{"line":219,"column":32},"end":{"line":219,"column":43}},"105":{"start":{"line":223,"column":4},"end":{"line":226,"column":null}},"106":{"start":{"line":224,"column":6},"end":{"line":224,"column":null}},"107":{"start":{"line":225,"column":6},"end":{"line":225,"column":null}},"108":{"start":{"line":230,"column":23},"end":{"line":230,"column":null}},"109":{"start":{"line":231,"column":27},"end":{"line":231,"column":null}},"110":{"start":{"line":233,"column":4},"end":{"line":233,"column":null}},"111":{"start":{"line":233,"column":20},"end":{"line":233,"column":null}},"112":{"start":{"line":234,"column":4},"end":{"line":234,"column":null}},"113":{"start":{"line":234,"column":24},"end":{"line":234,"column":null}},"114":{"start":{"line":236,"column":4},"end":{"line":236,"column":null}},"115":{"start":{"line":237,"column":4},"end":{"line":237,"column":null}},"116":{"start":{"line":238,"column":4},"end":{"line":238,"column":null}},"117":{"start":{"line":239,"column":4},"end":{"line":239,"column":null}},"118":{"start":{"line":240,"column":4},"end":{"line":240,"column":null}},"119":{"start":{"line":241,"column":4},"end":{"line":241,"column":null}},"120":{"start":{"line":242,"column":4},"end":{"line":242,"column":null}},"121":{"start":{"line":243,"column":4},"end":{"line":243,"column":null}},"122":{"start":{"line":244,"column":4},"end":{"line":244,"column":null}},"123":{"start":{"line":245,"column":4},"end":{"line":245,"column":null}},"124":{"start":{"line":246,"column":4},"end":{"line":246,"column":null}},"125":{"start":{"line":249,"column":17},"end":{"line":249,"column":null}},"126":{"start":{"line":250,"column":4},"end":{"line":250,"column":null}},"127":{"start":{"line":250,"column":15},"end":{"line":250,"column":null}},"128":{"start":{"line":252,"column":4},"end":{"line":259,"column":null}},"129":{"start":{"line":261,"column":4},"end":{"line":261,"column":null}},"130":{"start":{"line":262,"column":4},"end":{"line":262,"column":null}},"131":{"start":{"line":263,"column":4},"end":{"line":263,"column":null}},"132":{"start":{"line":264,"column":4},"end":{"line":264,"column":null}},"133":{"start":{"line":265,"column":4},"end":{"line":265,"column":null}},"134":{"start":{"line":266,"column":4},"end":{"line":266,"column":null}},"135":{"start":{"line":267,"column":4},"end":{"line":267,"column":null}},"136":{"start":{"line":269,"column":19},"end":{"line":269,"column":null}},"137":{"start":{"line":270,"column":19},"end":{"line":270,"column":null}},"138":{"start":{"line":271,"column":21},"end":{"line":271,"column":null}},"139":{"start":{"line":274,"column":4},"end":{"line":307,"column":null}},"140":{"start":{"line":274,"column":17},"end":{"line":274,"column":20}},"141":{"start":{"line":275,"column":15},"end":{"line":275,"column":18}},"142":{"start":{"line":275,"column":23},"end":{"line":275,"column":26}},"143":{"start":{"line":275,"column":31},"end":{"line":275,"column":35}},"144":{"start":{"line":275,"column":40},"end":{"line":275,"column":null}},"145":{"start":{"line":276,"column":21},"end":{"line":276,"column":null}},"146":{"start":{"line":277,"column":18},"end":{"line":277,"column":null}},"147":{"start":{"line":278,"column":26},"end":{"line":278,"column":null}},"148":{"start":{"line":280,"column":6},"end":{"line":302,"column":null}},"149":{"start":{"line":281,"column":8},"end":{"line":281,"column":null}},"150":{"start":{"line":282,"column":8},"end":{"line":282,"column":null}},"151":{"start":{"line":283,"column":8},"end":{"line":283,"column":null}},"152":{"start":{"line":284,"column":8},"end":{"line":284,"column":null}},"153":{"start":{"line":285,"column":8},"end":{"line":285,"column":null}},"154":{"start":{"line":288,"column":8},"end":{"line":288,"column":null}},"155":{"start":{"line":288,"column":67},"end":{"line":288,"column":null}},"156":{"start":{"line":291,"column":23},"end":{"line":291,"column":null}},"157":{"start":{"line":292,"column":8},"end":{"line":299,"column":null}},"158":{"start":{"line":293,"column":23},"end":{"line":293,"column":null}},"159":{"start":{"line":294,"column":16},"end":{"line":294,"column":null}},"160":{"start":{"line":295,"column":10},"end":{"line":298,"column":null}},"161":{"start":{"line":296,"column":12},"end":{"line":296,"column":null}},"162":{"start":{"line":297,"column":12},"end":{"line":297,"column":null}},"163":{"start":{"line":301,"column":8},"end":{"line":301,"column":null}},"164":{"start":{"line":301,"column":23},"end":{"line":301,"column":null}},"165":{"start":{"line":304,"column":6},"end":{"line":306,"column":null}},"166":{"start":{"line":305,"column":8},"end":{"line":305,"column":null}},"167":{"start":{"line":309,"column":4},"end":{"line":309,"column":null}},"168":{"start":{"line":312,"column":4},"end":{"line":312,"column":null}},"169":{"start":{"line":317,"column":15},"end":{"line":317,"column":null}},"170":{"start":{"line":318,"column":4},"end":{"line":318,"column":null}},"171":{"start":{"line":318,"column":17},"end":{"line":318,"column":20}},"172":{"start":{"line":318,"column":32},"end":{"line":318,"column":null}},"173":{"start":{"line":319,"column":4},"end":{"line":319,"column":null}},"174":{"start":{"line":320,"column":4},"end":{"line":320,"column":null}},"175":{"start":{"line":321,"column":4},"end":{"line":321,"column":null}},"176":{"start":{"line":326,"column":4},"end":{"line":326,"column":null}},"177":{"start":{"line":329,"column":17},"end":{"line":329,"column":null}},"178":{"start":{"line":330,"column":4},"end":{"line":330,"column":null}},"179":{"start":{"line":333,"column":42},"end":{"line":333,"column":null}},"180":{"start":{"line":334,"column":4},"end":{"line":337,"column":null}},"181":{"start":{"line":335,"column":16},"end":{"line":335,"column":null}},"182":{"start":{"line":336,"column":6},"end":{"line":336,"column":null}},"183":{"start":{"line":340,"column":24},"end":{"line":340,"column":null}},"184":{"start":{"line":341,"column":18},"end":{"line":341,"column":null}},"185":{"start":{"line":342,"column":4},"end":{"line":342,"column":null}},"186":{"start":{"line":345,"column":17},"end":{"line":345,"column":null}},"187":{"start":{"line":346,"column":4},"end":{"line":346,"column":null}},"188":{"start":{"line":350,"column":4},"end":{"line":350,"column":null}},"189":{"start":{"line":354,"column":4},"end":{"line":354,"column":null}},"190":{"start":{"line":356,"column":10},"end":{"line":361,"column":null}},"191":{"start":{"line":363,"column":4},"end":{"line":363,"column":null}},"192":{"start":{"line":364,"column":4},"end":{"line":364,"column":null}},"193":{"start":{"line":366,"column":4},"end":{"line":366,"column":null}},"194":{"start":{"line":370,"column":27},"end":{"line":370,"column":null}},"195":{"start":{"line":371,"column":23},"end":{"line":371,"column":null}},"196":{"start":{"line":373,"column":4},"end":{"line":373,"column":null}},"197":{"start":{"line":373,"column":24},"end":{"line":373,"column":null}},"198":{"start":{"line":374,"column":4},"end":{"line":374,"column":null}},"199":{"start":{"line":374,"column":20},"end":{"line":374,"column":null}},"200":{"start":{"line":376,"column":4},"end":{"line":376,"column":null}},"201":{"start":{"line":380,"column":4},"end":{"line":380,"column":null}},"202":{"start":{"line":380,"column":53},"end":{"line":380,"column":null}},"203":{"start":{"line":382,"column":4},"end":{"line":425,"column":null}},"204":{"start":{"line":383,"column":6},"end":{"line":383,"column":null}},"205":{"start":{"line":384,"column":19},"end":{"line":384,"column":null}},"206":{"start":{"line":385,"column":12},"end":{"line":385,"column":null}},"207":{"start":{"line":387,"column":6},"end":{"line":387,"column":null}},"208":{"start":{"line":387,"column":19},"end":{"line":387,"column":null}},"209":{"start":{"line":389,"column":6},"end":{"line":389,"column":null}},"210":{"start":{"line":391,"column":6},"end":{"line":419,"column":null}},"211":{"start":{"line":395,"column":10},"end":{"line":395,"column":null}},"212":{"start":{"line":396,"column":10},"end":{"line":396,"column":null}},"213":{"start":{"line":398,"column":10},"end":{"line":398,"column":null}},"214":{"start":{"line":399,"column":10},"end":{"line":399,"column":null}},"215":{"start":{"line":401,"column":16},"end":{"line":401,"column":null}},"216":{"start":{"line":402,"column":10},"end":{"line":417,"column":null}},"217":{"start":{"line":403,"column":25},"end":{"line":414,"column":null}},"218":{"start":{"line":415,"column":12},"end":{"line":415,"column":null}},"219":{"start":{"line":416,"column":12},"end":{"line":416,"column":null}},"220":{"start":{"line":418,"column":10},"end":{"line":418,"column":null}},"221":{"start":{"line":422,"column":6},"end":{"line":424,"column":null}},"222":{"start":{"line":423,"column":8},"end":{"line":423,"column":null}},"223":{"start":{"line":429,"column":15},"end":{"line":429,"column":null}},"224":{"start":{"line":430,"column":4},"end":{"line":430,"column":null}},"225":{"start":{"line":435,"column":4},"end":{"line":435,"column":null}},"226":{"start":{"line":435,"column":43},"end":{"line":435,"column":null}},"227":{"start":{"line":438,"column":4},"end":{"line":438,"column":null}},"228":{"start":{"line":438,"column":51},"end":{"line":438,"column":null}},"229":{"start":{"line":441,"column":10},"end":{"line":441,"column":null}},"230":{"start":{"line":443,"column":4},"end":{"line":445,"column":null}},"231":{"start":{"line":443,"column":17},"end":{"line":443,"column":20}},"232":{"start":{"line":444,"column":6},"end":{"line":444,"column":null}},"233":{"start":{"line":449,"column":10},"end":{"line":449,"column":null}},"234":{"start":{"line":450,"column":4},"end":{"line":450,"column":null}},"235":{"start":{"line":451,"column":4},"end":{"line":451,"column":null}},"236":{"start":{"line":455,"column":4},"end":{"line":455,"column":null}},"237":{"start":{"line":455,"column":53},"end":{"line":455,"column":null}},"238":{"start":{"line":457,"column":14},"end":{"line":457,"column":null}},"239":{"start":{"line":459,"column":4},"end":{"line":459,"column":null}},"240":{"start":{"line":462,"column":10},"end":{"line":462,"column":null}},"241":{"start":{"line":463,"column":4},"end":{"line":463,"column":null}},"242":{"start":{"line":464,"column":4},"end":{"line":464,"column":null}},"243":{"start":{"line":465,"column":4},"end":{"line":465,"column":null}},"244":{"start":{"line":468,"column":4},"end":{"line":468,"column":null}},"245":{"start":{"line":469,"column":4},"end":{"line":469,"column":null}},"246":{"start":{"line":472,"column":4},"end":{"line":472,"column":null}},"247":{"start":{"line":475,"column":10},"end":{"line":482,"column":null}},"248":{"start":{"line":483,"column":4},"end":{"line":483,"column":null}},"249":{"start":{"line":484,"column":4},"end":{"line":484,"column":null}},"250":{"start":{"line":485,"column":4},"end":{"line":485,"column":null}},"251":{"start":{"line":486,"column":4},"end":{"line":486,"column":null}},"252":{"start":{"line":489,"column":10},"end":{"line":495,"column":null}},"253":{"start":{"line":494,"column":46},"end":{"line":494,"column":63}},"254":{"start":{"line":497,"column":4},"end":{"line":499,"column":null}},"255":{"start":{"line":498,"column":6},"end":{"line":498,"column":null}},"256":{"start":{"line":502,"column":4},"end":{"line":668,"column":null}},"257":{"start":{"line":503,"column":6},"end":{"line":509,"column":null}},"258":{"start":{"line":504,"column":8},"end":{"line":508,"column":null}},"259":{"start":{"line":511,"column":12},"end":{"line":511,"column":null}},"260":{"start":{"line":512,"column":18},"end":{"line":512,"column":null}},"261":{"start":{"line":513,"column":21},"end":{"line":513,"column":null}},"262":{"start":{"line":516,"column":6},"end":{"line":527,"column":null}},"263":{"start":{"line":517,"column":14},"end":{"line":517,"column":null}},"264":{"start":{"line":518,"column":8},"end":{"line":525,"column":null}},"265":{"start":{"line":519,"column":10},"end":{"line":519,"column":null}},"266":{"start":{"line":520,"column":10},"end":{"line":524,"column":null}},"267":{"start":{"line":521,"column":12},"end":{"line":523,"column":null}},"268":{"start":{"line":522,"column":14},"end":{"line":522,"column":null}},"269":{"start":{"line":526,"column":8},"end":{"line":526,"column":null}},"270":{"start":{"line":529,"column":6},"end":{"line":667,"column":null}},"271":{"start":{"line":530,"column":14},"end":{"line":530,"column":null}},"272":{"start":{"line":532,"column":8},"end":{"line":666,"column":null}},"273":{"start":{"line":534,"column":10},"end":{"line":555,"column":null}},"274":{"start":{"line":535,"column":12},"end":{"line":554,"column":null}},"275":{"start":{"line":536,"column":27},"end":{"line":547,"column":null}},"276":{"start":{"line":548,"column":14},"end":{"line":548,"column":null}},"277":{"start":{"line":548,"column":38},"end":{"line":548,"column":null}},"278":{"start":{"line":549,"column":14},"end":{"line":549,"column":null}},"279":{"start":{"line":549,"column":36},"end":{"line":549,"column":null}},"280":{"start":{"line":550,"column":14},"end":{"line":550,"column":null}},"281":{"start":{"line":550,"column":35},"end":{"line":550,"column":null}},"282":{"start":{"line":551,"column":14},"end":{"line":551,"column":null}},"283":{"start":{"line":551,"column":42},"end":{"line":551,"column":null}},"284":{"start":{"line":552,"column":14},"end":{"line":552,"column":null}},"285":{"start":{"line":552,"column":38},"end":{"line":552,"column":null}},"286":{"start":{"line":553,"column":14},"end":{"line":553,"column":null}},"287":{"start":{"line":558,"column":10},"end":{"line":575,"column":null}},"288":{"start":{"line":559,"column":12},"end":{"line":574,"column":null}},"289":{"start":{"line":560,"column":31},"end":{"line":570,"column":null}},"290":{"start":{"line":571,"column":14},"end":{"line":571,"column":null}},"291":{"start":{"line":571,"column":40},"end":{"line":571,"column":null}},"292":{"start":{"line":572,"column":14},"end":{"line":572,"column":null}},"293":{"start":{"line":572,"column":38},"end":{"line":572,"column":null}},"294":{"start":{"line":573,"column":14},"end":{"line":573,"column":null}},"295":{"start":{"line":578,"column":10},"end":{"line":663,"column":null}},"296":{"start":{"line":579,"column":94},"end":{"line":579,"column":null}},"297":{"start":{"line":582,"column":12},"end":{"line":599,"column":null}},"298":{"start":{"line":582,"column":25},"end":{"line":582,"column":28}},"299":{"start":{"line":583,"column":27},"end":{"line":583,"column":null}},"300":{"start":{"line":584,"column":30},"end":{"line":584,"column":null}},"301":{"start":{"line":585,"column":14},"end":{"line":588,"column":null}},"302":{"start":{"line":586,"column":22},"end":{"line":586,"column":null}},"303":{"start":{"line":587,"column":16},"end":{"line":587,"column":null}},"304":{"start":{"line":589,"column":34},"end":{"line":589,"column":null}},"305":{"start":{"line":590,"column":14},"end":{"line":598,"column":null}},"306":{"start":{"line":602,"column":12},"end":{"line":619,"column":null}},"307":{"start":{"line":603,"column":32},"end":{"line":603,"column":null}},"308":{"start":{"line":604,"column":31},"end":{"line":604,"column":null}},"309":{"start":{"line":605,"column":14},"end":{"line":618,"column":null}},"310":{"start":{"line":605,"column":27},"end":{"line":605,"column":30}},"311":{"start":{"line":606,"column":29},"end":{"line":606,"column":null}},"312":{"start":{"line":607,"column":36},"end":{"line":607,"column":null}},"313":{"start":{"line":608,"column":22},"end":{"line":608,"column":null}},"314":{"start":{"line":609,"column":34},"end":{"line":609,"column":null}},"315":{"start":{"line":610,"column":16},"end":{"line":617,"column":null}},"316":{"start":{"line":622,"column":12},"end":{"line":641,"column":null}},"317":{"start":{"line":623,"column":14},"end":{"line":640,"column":null}},"318":{"start":{"line":623,"column":27},"end":{"line":623,"column":30}},"319":{"start":{"line":624,"column":22},"end":{"line":624,"column":null}},"320":{"start":{"line":625,"column":30},"end":{"line":625,"column":null}},"321":{"start":{"line":626,"column":30},"end":{"line":626,"column":null}},"322":{"start":{"line":627,"column":29},"end":{"line":638,"column":null}},"323":{"start":{"line":639,"column":16},"end":{"line":639,"column":null}},"324":{"start":{"line":644,"column":12},"end":{"line":662,"column":null}},"325":{"start":{"line":645,"column":14},"end":{"line":661,"column":null}},"326":{"start":{"line":646,"column":29},"end":{"line":646,"column":null}},"327":{"start":{"line":647,"column":16},"end":{"line":660,"column":null}},"328":{"start":{"line":648,"column":28},"end":{"line":648,"column":null}},"329":{"start":{"line":649,"column":28},"end":{"line":649,"column":null}},"330":{"start":{"line":650,"column":18},"end":{"line":650,"column":null}},"331":{"start":{"line":650,"column":50},"end":{"line":650,"column":null}},"332":{"start":{"line":651,"column":18},"end":{"line":651,"column":null}},"333":{"start":{"line":651,"column":51},"end":{"line":651,"column":null}},"334":{"start":{"line":652,"column":18},"end":{"line":652,"column":null}},"335":{"start":{"line":652,"column":50},"end":{"line":652,"column":null}},"336":{"start":{"line":653,"column":18},"end":{"line":653,"column":null}},"337":{"start":{"line":653,"column":51},"end":{"line":653,"column":null}},"338":{"start":{"line":654,"column":37},"end":{"line":654,"column":null}},"339":{"start":{"line":655,"column":34},"end":{"line":655,"column":null}},"340":{"start":{"line":656,"column":18},"end":{"line":656,"column":null}},"341":{"start":{"line":656,"column":43},"end":{"line":656,"column":null}},"342":{"start":{"line":657,"column":18},"end":{"line":659,"column":null}},"343":{"start":{"line":658,"column":20},"end":{"line":658,"column":null}},"344":{"start":{"line":665,"column":10},"end":{"line":665,"column":null}},"345":{"start":{"line":671,"column":4},"end":{"line":671,"column":null}},"346":{"start":{"line":671,"column":37},"end":{"line":671,"column":50}},"347":{"start":{"line":674,"column":4},"end":{"line":684,"column":null}},"348":{"start":{"line":675,"column":6},"end":{"line":683,"column":null}},"349":{"start":{"line":676,"column":8},"end":{"line":682,"column":null}},"350":{"start":{"line":687,"column":4},"end":{"line":694,"column":null}},"351":{"start":{"line":688,"column":6},"end":{"line":688,"column":null}},"352":{"start":{"line":691,"column":6},"end":{"line":693,"column":null}},"353":{"start":{"line":692,"column":8},"end":{"line":692,"column":null}},"354":{"start":{"line":697,"column":4},"end":{"line":697,"column":null}},"355":{"start":{"line":697,"column":30},"end":{"line":697,"column":74}},"356":{"start":{"line":700,"column":4},"end":{"line":710,"column":null}},"357":{"start":{"line":701,"column":6},"end":{"line":709,"column":null}},"358":{"start":{"line":702,"column":8},"end":{"line":702,"column":null}},"359":{"start":{"line":702,"column":59},"end":{"line":702,"column":null}},"360":{"start":{"line":704,"column":8},"end":{"line":708,"column":null}},"361":{"start":{"line":705,"column":10},"end":{"line":705,"column":null}},"362":{"start":{"line":706,"column":10},"end":{"line":706,"column":null}},"363":{"start":{"line":707,"column":10},"end":{"line":707,"column":null}},"364":{"start":{"line":707,"column":25},"end":{"line":707,"column":null}},"365":{"start":{"line":713,"column":4},"end":{"line":788,"column":null}},"366":{"start":{"line":714,"column":6},"end":{"line":787,"column":null}},"367":{"start":{"line":716,"column":8},"end":{"line":725,"column":null}},"368":{"start":{"line":717,"column":10},"end":{"line":720,"column":null}},"369":{"start":{"line":718,"column":12},"end":{"line":718,"column":null}},"370":{"start":{"line":719,"column":12},"end":{"line":719,"column":null}},"371":{"start":{"line":721,"column":10},"end":{"line":721,"column":null}},"372":{"start":{"line":722,"column":10},"end":{"line":722,"column":null}},"373":{"start":{"line":723,"column":10},"end":{"line":723,"column":null}},"374":{"start":{"line":724,"column":10},"end":{"line":724,"column":null}},"375":{"start":{"line":724,"column":25},"end":{"line":724,"column":null}},"376":{"start":{"line":728,"column":8},"end":{"line":786,"column":null}},"377":{"start":{"line":729,"column":10},"end":{"line":785,"column":null}},"378":{"start":{"line":731,"column":12},"end":{"line":731,"column":null}},"379":{"start":{"line":732,"column":12},"end":{"line":732,"column":null}},"380":{"start":{"line":735,"column":12},"end":{"line":759,"column":null}},"381":{"start":{"line":736,"column":14},"end":{"line":736,"column":null}},"382":{"start":{"line":737,"column":14},"end":{"line":737,"column":null}},"383":{"start":{"line":740,"column":14},"end":{"line":758,"column":null}},"384":{"start":{"line":741,"column":22},"end":{"line":741,"column":null}},"385":{"start":{"line":742,"column":16},"end":{"line":757,"column":null}},"386":{"start":{"line":743,"column":36},"end":{"line":754,"column":null}},"387":{"start":{"line":755,"column":18},"end":{"line":755,"column":null}},"388":{"start":{"line":756,"column":18},"end":{"line":756,"column":null}},"389":{"start":{"line":762,"column":12},"end":{"line":770,"column":null}},"390":{"start":{"line":763,"column":20},"end":{"line":763,"column":null}},"391":{"start":{"line":764,"column":14},"end":{"line":768,"column":null}},"392":{"start":{"line":765,"column":16},"end":{"line":767,"column":null}},"393":{"start":{"line":766,"column":18},"end":{"line":766,"column":null}},"394":{"start":{"line":769,"column":14},"end":{"line":769,"column":null}},"395":{"start":{"line":773,"column":12},"end":{"line":778,"column":null}},"396":{"start":{"line":774,"column":30},"end":{"line":774,"column":null}},"397":{"start":{"line":775,"column":20},"end":{"line":775,"column":null}},"398":{"start":{"line":776,"column":14},"end":{"line":776,"column":null}},"399":{"start":{"line":777,"column":14},"end":{"line":777,"column":null}},"400":{"start":{"line":780,"column":12},"end":{"line":780,"column":null}},"401":{"start":{"line":781,"column":12},"end":{"line":784,"column":null}},"402":{"start":{"line":782,"column":14},"end":{"line":782,"column":null}},"403":{"start":{"line":783,"column":14},"end":{"line":783,"column":null}},"404":{"start":{"line":791,"column":4},"end":{"line":839,"column":null}},"405":{"start":{"line":792,"column":6},"end":{"line":817,"column":null}},"406":{"start":{"line":793,"column":8},"end":{"line":816,"column":null}},"407":{"start":{"line":795,"column":10},"end":{"line":795,"column":null}},"408":{"start":{"line":796,"column":10},"end":{"line":796,"column":null}},"409":{"start":{"line":799,"column":10},"end":{"line":799,"column":null}},"410":{"start":{"line":802,"column":10},"end":{"line":809,"column":null}},"411":{"start":{"line":803,"column":18},"end":{"line":803,"column":null}},"412":{"start":{"line":804,"column":12},"end":{"line":808,"column":null}},"413":{"start":{"line":805,"column":14},"end":{"line":807,"column":null}},"414":{"start":{"line":806,"column":16},"end":{"line":806,"column":null}},"415":{"start":{"line":811,"column":10},"end":{"line":811,"column":null}},"416":{"start":{"line":812,"column":10},"end":{"line":815,"column":null}},"417":{"start":{"line":813,"column":12},"end":{"line":813,"column":null}},"418":{"start":{"line":814,"column":12},"end":{"line":814,"column":null}},"419":{"start":{"line":820,"column":6},"end":{"line":825,"column":null}},"420":{"start":{"line":821,"column":14},"end":{"line":821,"column":null}},"421":{"start":{"line":822,"column":8},"end":{"line":824,"column":null}},"422":{"start":{"line":823,"column":10},"end":{"line":823,"column":null}},"423":{"start":{"line":828,"column":6},"end":{"line":838,"column":null}},"424":{"start":{"line":829,"column":8},"end":{"line":829,"column":null}},"425":{"start":{"line":832,"column":8},"end":{"line":837,"column":null}},"426":{"start":{"line":833,"column":16},"end":{"line":833,"column":null}},"427":{"start":{"line":834,"column":10},"end":{"line":836,"column":null}},"428":{"start":{"line":835,"column":12},"end":{"line":835,"column":null}},"429":{"start":{"line":842,"column":4},"end":{"line":867,"column":null}},"430":{"start":{"line":843,"column":6},"end":{"line":866,"column":null}},"431":{"start":{"line":845,"column":14},"end":{"line":845,"column":null}},"432":{"start":{"line":846,"column":8},"end":{"line":846,"column":null}},"433":{"start":{"line":847,"column":8},"end":{"line":847,"column":null}},"434":{"start":{"line":850,"column":8},"end":{"line":865,"column":null}},"435":{"start":{"line":851,"column":10},"end":{"line":851,"column":null}},"436":{"start":{"line":853,"column":16},"end":{"line":853,"column":null}},"437":{"start":{"line":854,"column":10},"end":{"line":856,"column":null}},"438":{"start":{"line":855,"column":12},"end":{"line":855,"column":null}},"439":{"start":{"line":858,"column":10},"end":{"line":864,"column":null}},"440":{"start":{"line":859,"column":12},"end":{"line":859,"column":null}},"441":{"start":{"line":859,"column":43},"end":{"line":859,"column":64}},"442":{"start":{"line":860,"column":10},"end":{"line":864,"column":null}},"443":{"start":{"line":861,"column":12},"end":{"line":861,"column":null}},"444":{"start":{"line":862,"column":10},"end":{"line":864,"column":null}},"445":{"start":{"line":863,"column":12},"end":{"line":863,"column":null}},"446":{"start":{"line":870,"column":25},"end":{"line":878,"column":null}},"447":{"start":{"line":871,"column":21},"end":{"line":871,"column":null}},"448":{"start":{"line":872,"column":6},"end":{"line":876,"column":null}},"449":{"start":{"line":872,"column":19},"end":{"line":872,"column":22}},"450":{"start":{"line":873,"column":8},"end":{"line":875,"column":null}},"451":{"start":{"line":874,"column":10},"end":{"line":874,"column":null}},"452":{"start":{"line":877,"column":6},"end":{"line":877,"column":null}},"453":{"start":{"line":880,"column":4},"end":{"line":880,"column":null}},"454":{"start":{"line":881,"column":4},"end":{"line":881,"column":null}},"455":{"start":{"line":882,"column":4},"end":{"line":882,"column":null}},"456":{"start":{"line":883,"column":4},"end":{"line":883,"column":null}},"457":{"start":{"line":886,"column":4},"end":{"line":886,"column":null}},"458":{"start":{"line":886,"column":33},"end":{"line":886,"column":44}},"459":{"start":{"line":887,"column":4},"end":{"line":887,"column":null}},"460":{"start":{"line":890,"column":22},"end":{"line":890,"column":null}},"461":{"start":{"line":891,"column":4},"end":{"line":895,"column":null}},"462":{"start":{"line":891,"column":17},"end":{"line":891,"column":20}},"463":{"start":{"line":892,"column":6},"end":{"line":894,"column":null}},"464":{"start":{"line":893,"column":8},"end":{"line":893,"column":null}},"465":{"start":{"line":896,"column":4},"end":{"line":896,"column":null}},"466":{"start":{"line":899,"column":4},"end":{"line":899,"column":null}},"467":{"start":{"line":900,"column":4},"end":{"line":900,"column":null}},"468":{"start":{"line":901,"column":4},"end":{"line":901,"column":null}},"469":{"start":{"line":904,"column":4},"end":{"line":906,"column":null}},"470":{"start":{"line":905,"column":6},"end":{"line":905,"column":null}},"471":{"start":{"line":909,"column":4},"end":{"line":909,"column":null}},"472":{"start":{"line":913,"column":4},"end":{"line":913,"column":null}},"473":{"start":{"line":914,"column":4},"end":{"line":914,"column":null}},"474":{"start":{"line":916,"column":4},"end":{"line":916,"column":null}},"475":{"start":{"line":918,"column":4},"end":{"line":937,"column":null}},"476":{"start":{"line":919,"column":6},"end":{"line":919,"column":null}},"477":{"start":{"line":920,"column":6},"end":{"line":920,"column":null}},"478":{"start":{"line":921,"column":6},"end":{"line":921,"column":null}},"479":{"start":{"line":923,"column":6},"end":{"line":923,"column":null}},"480":{"start":{"line":923,"column":29},"end":{"line":923,"column":null}},"481":{"start":{"line":925,"column":6},"end":{"line":925,"column":null}},"482":{"start":{"line":928,"column":12},"end":{"line":928,"column":null}},"483":{"start":{"line":929,"column":6},"end":{"line":929,"column":null}},"484":{"start":{"line":932,"column":6},"end":{"line":932,"column":null}},"485":{"start":{"line":935,"column":12},"end":{"line":935,"column":null}},"486":{"start":{"line":936,"column":6},"end":{"line":936,"column":null}},"487":{"start":{"line":941,"column":10},"end":{"line":941,"column":null}},"488":{"start":{"line":942,"column":4},"end":{"line":942,"column":null}},"489":{"start":{"line":943,"column":4},"end":{"line":943,"column":null}},"490":{"start":{"line":947,"column":4},"end":{"line":947,"column":null}},"491":{"start":{"line":947,"column":22},"end":{"line":947,"column":null}},"492":{"start":{"line":949,"column":4},"end":{"line":949,"column":null}},"493":{"start":{"line":951,"column":17},"end":{"line":951,"column":null}},"494":{"start":{"line":952,"column":10},"end":{"line":952,"column":null}},"495":{"start":{"line":954,"column":4},"end":{"line":963,"column":null}},"496":{"start":{"line":959,"column":6},"end":{"line":961,"column":null}},"497":{"start":{"line":960,"column":8},"end":{"line":960,"column":null}},"498":{"start":{"line":962,"column":6},"end":{"line":962,"column":null}},"499":{"start":{"line":967,"column":4},"end":{"line":967,"column":null}},"500":{"start":{"line":967,"column":19},"end":{"line":967,"column":null}},"501":{"start":{"line":969,"column":16},"end":{"line":969,"column":null}},"502":{"start":{"line":970,"column":4},"end":{"line":970,"column":null}},"503":{"start":{"line":971,"column":4},"end":{"line":971,"column":null}},"504":{"start":{"line":973,"column":4},"end":{"line":973,"column":null}},"505":{"start":{"line":973,"column":38},"end":{"line":973,"column":null}},"506":{"start":{"line":975,"column":14},"end":{"line":975,"column":null}},"507":{"start":{"line":976,"column":15},"end":{"line":976,"column":null}},"508":{"start":{"line":977,"column":15},"end":{"line":977,"column":null}},"509":{"start":{"line":978,"column":15},"end":{"line":978,"column":null}},"510":{"start":{"line":979,"column":15},"end":{"line":979,"column":null}},"511":{"start":{"line":982,"column":10},"end":{"line":982,"column":null}},"512":{"start":{"line":985,"column":4},"end":{"line":985,"column":null}},"513":{"start":{"line":986,"column":4},"end":{"line":990,"column":null}},"514":{"start":{"line":987,"column":6},"end":{"line":987,"column":null}},"515":{"start":{"line":988,"column":6},"end":{"line":988,"column":null}},"516":{"start":{"line":989,"column":6},"end":{"line":989,"column":null}},"517":{"start":{"line":993,"column":4},"end":{"line":993,"column":null}},"518":{"start":{"line":994,"column":4},"end":{"line":994,"column":null}},"519":{"start":{"line":997,"column":10},"end":{"line":997,"column":null}},"520":{"start":{"line":998,"column":21},"end":{"line":998,"column":null}},"521":{"start":{"line":999,"column":20},"end":{"line":999,"column":null}},"522":{"start":{"line":1000,"column":20},"end":{"line":1000,"column":null}},"523":{"start":{"line":1002,"column":4},"end":{"line":1002,"column":null}},"524":{"start":{"line":1003,"column":4},"end":{"line":1003,"column":null}},"525":{"start":{"line":1004,"column":4},"end":{"line":1004,"column":null}},"526":{"start":{"line":1005,"column":4},"end":{"line":1008,"column":null}},"527":{"start":{"line":1005,"column":17},"end":{"line":1005,"column":27}},"528":{"start":{"line":1006,"column":6},"end":{"line":1006,"column":null}},"529":{"start":{"line":1007,"column":6},"end":{"line":1007,"column":null}},"530":{"start":{"line":1009,"column":4},"end":{"line":1012,"column":null}},"531":{"start":{"line":1009,"column":17},"end":{"line":1009,"column":27}},"532":{"start":{"line":1010,"column":6},"end":{"line":1010,"column":null}},"533":{"start":{"line":1011,"column":6},"end":{"line":1011,"column":null}},"534":{"start":{"line":1013,"column":4},"end":{"line":1013,"column":null}},"535":{"start":{"line":1016,"column":4},"end":{"line":1016,"column":null}},"536":{"start":{"line":1016,"column":32},"end":{"line":1016,"column":59}},"537":{"start":{"line":1017,"column":4},"end":{"line":1017,"column":null}},"538":{"start":{"line":1017,"column":27},"end":{"line":1017,"column":54}},"539":{"start":{"line":1018,"column":4},"end":{"line":1018,"column":null}},"540":{"start":{"line":1018,"column":33},"end":{"line":1018,"column":61}},"541":{"start":{"line":1019,"column":4},"end":{"line":1019,"column":null}},"542":{"start":{"line":1019,"column":30},"end":{"line":1019,"column":57}},"543":{"start":{"line":1020,"column":4},"end":{"line":1020,"column":null}},"544":{"start":{"line":1020,"column":37},"end":{"line":1020,"column":67}},"545":{"start":{"line":1021,"column":4},"end":{"line":1021,"column":null}},"546":{"start":{"line":1021,"column":33},"end":{"line":1021,"column":61}},"547":{"start":{"line":1022,"column":4},"end":{"line":1022,"column":null}},"548":{"start":{"line":1025,"column":4},"end":{"line":1025,"column":null}},"549":{"start":{"line":1025,"column":33},"end":{"line":1025,"column":73}},"550":{"start":{"line":1026,"column":4},"end":{"line":1026,"column":null}},"551":{"start":{"line":1026,"column":33},"end":{"line":1026,"column":73}},"552":{"start":{"line":1027,"column":4},"end":{"line":1027,"column":null}},"553":{"start":{"line":1031,"column":4},"end":{"line":1045,"column":null}},"554":{"start":{"line":1032,"column":12},"end":{"line":1032,"column":null}},"555":{"start":{"line":1033,"column":6},"end":{"line":1033,"column":null}},"556":{"start":{"line":1034,"column":6},"end":{"line":1034,"column":null}},"557":{"start":{"line":1035,"column":6},"end":{"line":1035,"column":null}},"558":{"start":{"line":1036,"column":6},"end":{"line":1036,"column":null}},"559":{"start":{"line":1037,"column":6},"end":{"line":1037,"column":null}},"560":{"start":{"line":1038,"column":6},"end":{"line":1038,"column":null}},"561":{"start":{"line":1040,"column":6},"end":{"line":1040,"column":null}},"562":{"start":{"line":1041,"column":6},"end":{"line":1041,"column":null}},"563":{"start":{"line":1042,"column":6},"end":{"line":1042,"column":null}},"564":{"start":{"line":1043,"column":6},"end":{"line":1043,"column":null}},"565":{"start":{"line":1044,"column":6},"end":{"line":1044,"column":null}},"566":{"start":{"line":1048,"column":4},"end":{"line":1062,"column":null}},"567":{"start":{"line":1049,"column":12},"end":{"line":1049,"column":null}},"568":{"start":{"line":1050,"column":6},"end":{"line":1050,"column":null}},"569":{"start":{"line":1051,"column":6},"end":{"line":1051,"column":null}},"570":{"start":{"line":1052,"column":6},"end":{"line":1052,"column":null}},"571":{"start":{"line":1053,"column":6},"end":{"line":1053,"column":null}},"572":{"start":{"line":1054,"column":6},"end":{"line":1054,"column":null}},"573":{"start":{"line":1055,"column":6},"end":{"line":1055,"column":null}},"574":{"start":{"line":1057,"column":6},"end":{"line":1057,"column":null}},"575":{"start":{"line":1058,"column":6},"end":{"line":1058,"column":null}},"576":{"start":{"line":1059,"column":6},"end":{"line":1059,"column":null}},"577":{"start":{"line":1060,"column":6},"end":{"line":1060,"column":null}},"578":{"start":{"line":1061,"column":6},"end":{"line":1061,"column":null}},"579":{"start":{"line":1065,"column":18},"end":{"line":1065,"column":null}},"580":{"start":{"line":1066,"column":4},"end":{"line":1066,"column":null}},"581":{"start":{"line":1067,"column":4},"end":{"line":1067,"column":null}},"582":{"start":{"line":1068,"column":4},"end":{"line":1068,"column":null}},"583":{"start":{"line":1069,"column":4},"end":{"line":1069,"column":null}},"584":{"start":{"line":1073,"column":4},"end":{"line":1073,"column":null}},"585":{"start":{"line":1073,"column":24},"end":{"line":1073,"column":null}},"586":{"start":{"line":1074,"column":4},"end":{"line":1074,"column":null}},"587":{"start":{"line":1074,"column":27},"end":{"line":1074,"column":null}},"588":{"start":{"line":1075,"column":22},"end":{"line":1075,"column":null}},"589":{"start":{"line":1076,"column":4},"end":{"line":1076,"column":null}},"590":{"start":{"line":1079,"column":4},"end":{"line":1079,"column":null}},"591":{"start":{"line":1080,"column":4},"end":{"line":1089,"column":null}},"592":{"start":{"line":1081,"column":6},"end":{"line":1081,"column":null}},"593":{"start":{"line":1082,"column":6},"end":{"line":1082,"column":null}},"594":{"start":{"line":1083,"column":6},"end":{"line":1083,"column":null}},"595":{"start":{"line":1086,"column":6},"end":{"line":1088,"column":null}},"596":{"start":{"line":1087,"column":8},"end":{"line":1087,"column":null}},"597":{"start":{"line":1091,"column":4},"end":{"line":1091,"column":null}},"598":{"start":{"line":1094,"column":4},"end":{"line":1096,"column":null}},"599":{"start":{"line":1095,"column":6},"end":{"line":1095,"column":null}},"600":{"start":{"line":1099,"column":4},"end":{"line":1102,"column":null}},"601":{"start":{"line":1100,"column":6},"end":{"line":1100,"column":null}},"602":{"start":{"line":1101,"column":6},"end":{"line":1101,"column":null}},"603":{"start":{"line":1104,"column":4},"end":{"line":1104,"column":null}},"604":{"start":{"line":1105,"column":4},"end":{"line":1105,"column":null}},"605":{"start":{"line":1105,"column":33},"end":{"line":1105,"column":45}},"606":{"start":{"line":1109,"column":20},"end":{"line":1109,"column":null}}},"fnMap":{"0":{"name":"(anonymous_0)","decl":{"start":{"line":111,"column":2},"end":{"line":111,"column":15}},"loc":{"start":{"line":111,"column":15},"end":{"line":220,"column":null}},"line":111},"1":{"name":"(anonymous_1)","decl":{"start":{"line":119,"column":22},"end":{"line":119,"column":28}},"loc":{"start":{"line":119,"column":28},"end":{"line":119,"column":null}},"line":119},"2":{"name":"(anonymous_2)","decl":{"start":{"line":125,"column":23},"end":{"line":125,"column":24}},"loc":{"start":{"line":125,"column":30},"end":{"line":128,"column":null}},"line":125},"3":{"name":"(anonymous_3)","decl":{"start":{"line":129,"column":21},"end":{"line":129,"column":22}},"loc":{"start":{"line":129,"column":28},"end":{"line":131,"column":null}},"line":129},"4":{"name":"(anonymous_4)","decl":{"start":{"line":134,"column":25},"end":{"line":134,"column":26}},"loc":{"start":{"line":134,"column":32},"end":{"line":145,"column":null}},"line":134},"5":{"name":"(anonymous_5)","decl":{"start":{"line":149,"column":25},"end":{"line":149,"column":26}},"loc":{"start":{"line":149,"column":63},"end":{"line":155,"column":null}},"line":149},"6":{"name":"(anonymous_6)","decl":{"start":{"line":156,"column":22},"end":{"line":156,"column":23}},"loc":{"start":{"line":156,"column":29},"end":{"line":173,"column":null}},"line":156},"7":{"name":"(anonymous_7)","decl":{"start":{"line":174,"column":21},"end":{"line":174,"column":22}},"loc":{"start":{"line":174,"column":28},"end":{"line":200,"column":null}},"line":174},"8":{"name":"(anonymous_8)","decl":{"start":{"line":201,"column":20},"end":{"line":201,"column":21}},"loc":{"start":{"line":201,"column":27},"end":{"line":216,"column":null}},"line":201},"9":{"name":"(anonymous_9)","decl":{"start":{"line":219,"column":26},"end":{"line":219,"column":32}},"loc":{"start":{"line":219,"column":32},"end":{"line":219,"column":43}},"line":219},"10":{"name":"(anonymous_10)","decl":{"start":{"line":222,"column":2},"end":{"line":222,"column":17}},"loc":{"start":{"line":222,"column":17},"end":{"line":227,"column":null}},"line":222},"11":{"name":"(anonymous_11)","decl":{"start":{"line":229,"column":2},"end":{"line":229,"column":16}},"loc":{"start":{"line":229,"column":16},"end":{"line":313,"column":null}},"line":229},"12":{"name":"(anonymous_12)","decl":{"start":{"line":315,"column":10},"end":{"line":315,"column":33}},"loc":{"start":{"line":315,"column":33},"end":{"line":322,"column":null}},"line":315},"13":{"name":"(anonymous_13)","decl":{"start":{"line":324,"column":10},"end":{"line":324,"column":28}},"loc":{"start":{"line":324,"column":28},"end":{"line":347,"column":null}},"line":324},"14":{"name":"(anonymous_14)","decl":{"start":{"line":349,"column":2},"end":{"line":349,"column":18}},"loc":{"start":{"line":349,"column":18},"end":{"line":351,"column":null}},"line":349},"15":{"name":"(anonymous_15)","decl":{"start":{"line":353,"column":2},"end":{"line":353,"column":11}},"loc":{"start":{"line":353,"column":34},"end":{"line":367,"column":null}},"line":353},"16":{"name":"(anonymous_16)","decl":{"start":{"line":369,"column":2},"end":{"line":369,"column":23}},"loc":{"start":{"line":369,"column":23},"end":{"line":377,"column":null}},"line":369},"17":{"name":"(anonymous_17)","decl":{"start":{"line":379,"column":2},"end":{"line":379,"column":21}},"loc":{"start":{"line":379,"column":21},"end":{"line":426,"column":null}},"line":379},"18":{"name":"(anonymous_18)","decl":{"start":{"line":428,"column":2},"end":{"line":428,"column":18}},"loc":{"start":{"line":428,"column":102},"end":{"line":431,"column":null}},"line":428},"19":{"name":"(anonymous_19)","decl":{"start":{"line":433,"column":2},"end":{"line":433,"column":17}},"loc":{"start":{"line":433,"column":63},"end":{"line":446,"column":null}},"line":433},"20":{"name":"(anonymous_20)","decl":{"start":{"line":448,"column":2},"end":{"line":448,"column":17}},"loc":{"start":{"line":448,"column":55},"end":{"line":452,"column":null}},"line":448},"21":{"name":"(anonymous_21)","decl":{"start":{"line":454,"column":2},"end":{"line":454,"column":17}},"loc":{"start":{"line":454,"column":17},"end":{"line":910,"column":null}},"line":454},"22":{"name":"(anonymous_22)","decl":{"start":{"line":494,"column":41},"end":{"line":494,"column":46}},"loc":{"start":{"line":494,"column":46},"end":{"line":494,"column":63}},"line":494},"23":{"name":"(anonymous_23)","decl":{"start":{"line":502,"column":22},"end":{"line":502,"column":27}},"loc":{"start":{"line":502,"column":27},"end":{"line":668,"column":5}},"line":502},"24":{"name":"(anonymous_24)","decl":{"start":{"line":520,"column":31},"end":{"line":520,"column":36}},"loc":{"start":{"line":520,"column":36},"end":{"line":524,"column":11}},"line":520},"25":{"name":"(anonymous_25)","decl":{"start":{"line":671,"column":29},"end":{"line":671,"column":37}},"loc":{"start":{"line":671,"column":37},"end":{"line":671,"column":50}},"line":671},"26":{"name":"(anonymous_26)","decl":{"start":{"line":674,"column":29},"end":{"line":674,"column":37}},"loc":{"start":{"line":674,"column":37},"end":{"line":684,"column":5}},"line":674},"27":{"name":"(anonymous_27)","decl":{"start":{"line":687,"column":27},"end":{"line":687,"column":33}},"loc":{"start":{"line":687,"column":33},"end":{"line":694,"column":5}},"line":687},"28":{"name":"(anonymous_28)","decl":{"start":{"line":697,"column":25},"end":{"line":697,"column":30}},"loc":{"start":{"line":697,"column":30},"end":{"line":697,"column":74}},"line":697},"29":{"name":"(anonymous_29)","decl":{"start":{"line":700,"column":25},"end":{"line":700,"column":30}},"loc":{"start":{"line":700,"column":30},"end":{"line":710,"column":5}},"line":700},"30":{"name":"(anonymous_30)","decl":{"start":{"line":713,"column":29},"end":{"line":713,"column":37}},"loc":{"start":{"line":713,"column":37},"end":{"line":788,"column":5}},"line":713},"31":{"name":"(anonymous_31)","decl":{"start":{"line":791,"column":27},"end":{"line":791,"column":33}},"loc":{"start":{"line":791,"column":33},"end":{"line":839,"column":5}},"line":791},"32":{"name":"(anonymous_32)","decl":{"start":{"line":842,"column":22},"end":{"line":842,"column":27}},"loc":{"start":{"line":842,"column":27},"end":{"line":867,"column":5}},"line":842},"33":{"name":"(anonymous_33)","decl":{"start":{"line":859,"column":37},"end":{"line":859,"column":43}},"loc":{"start":{"line":859,"column":43},"end":{"line":859,"column":64}},"line":859},"34":{"name":"(anonymous_34)","decl":{"start":{"line":870,"column":25},"end":{"line":870,"column":57}},"loc":{"start":{"line":870,"column":76},"end":{"line":878,"column":null}},"line":870},"35":{"name":"(anonymous_35)","decl":{"start":{"line":886,"column":27},"end":{"line":886,"column":33}},"loc":{"start":{"line":886,"column":33},"end":{"line":886,"column":44}},"line":886},"36":{"name":"(anonymous_36)","decl":{"start":{"line":912,"column":2},"end":{"line":912,"column":11}},"loc":{"start":{"line":912,"column":57},"end":{"line":938,"column":null}},"line":912},"37":{"name":"(anonymous_37)","decl":{"start":{"line":940,"column":2},"end":{"line":940,"column":20}},"loc":{"start":{"line":940,"column":20},"end":{"line":944,"column":null}},"line":940},"38":{"name":"(anonymous_38)","decl":{"start":{"line":946,"column":2},"end":{"line":946,"column":25}},"loc":{"start":{"line":946,"column":25},"end":{"line":964,"column":null}},"line":946},"39":{"name":"(anonymous_39)","decl":{"start":{"line":958,"column":7},"end":{"line":958,"column":8}},"loc":{"start":{"line":958,"column":15},"end":{"line":963,"column":5}},"line":958},"40":{"name":"(anonymous_40)","decl":{"start":{"line":966,"column":2},"end":{"line":966,"column":17}},"loc":{"start":{"line":966,"column":17},"end":{"line":1070,"column":null}},"line":966},"41":{"name":"(anonymous_41)","decl":{"start":{"line":1016,"column":27},"end":{"line":1016,"column":32}},"loc":{"start":{"line":1016,"column":32},"end":{"line":1016,"column":59}},"line":1016},"42":{"name":"(anonymous_42)","decl":{"start":{"line":1017,"column":22},"end":{"line":1017,"column":27}},"loc":{"start":{"line":1017,"column":27},"end":{"line":1017,"column":54}},"line":1017},"43":{"name":"(anonymous_43)","decl":{"start":{"line":1018,"column":27},"end":{"line":1018,"column":33}},"loc":{"start":{"line":1018,"column":33},"end":{"line":1018,"column":61}},"line":1018},"44":{"name":"(anonymous_44)","decl":{"start":{"line":1019,"column":25},"end":{"line":1019,"column":30}},"loc":{"start":{"line":1019,"column":30},"end":{"line":1019,"column":57}},"line":1019},"45":{"name":"(anonymous_45)","decl":{"start":{"line":1020,"column":29},"end":{"line":1020,"column":37}},"loc":{"start":{"line":1020,"column":37},"end":{"line":1020,"column":67}},"line":1020},"46":{"name":"(anonymous_46)","decl":{"start":{"line":1021,"column":27},"end":{"line":1021,"column":33}},"loc":{"start":{"line":1021,"column":33},"end":{"line":1021,"column":61}},"line":1021},"47":{"name":"(anonymous_47)","decl":{"start":{"line":1025,"column":27},"end":{"line":1025,"column":33}},"loc":{"start":{"line":1025,"column":33},"end":{"line":1025,"column":73}},"line":1025},"48":{"name":"(anonymous_48)","decl":{"start":{"line":1026,"column":27},"end":{"line":1026,"column":33}},"loc":{"start":{"line":1026,"column":33},"end":{"line":1026,"column":73}},"line":1026},"49":{"name":"(anonymous_49)","decl":{"start":{"line":1072,"column":2},"end":{"line":1072,"column":7}},"loc":{"start":{"line":1072,"column":30},"end":{"line":1106,"column":null}},"line":1072},"50":{"name":"(anonymous_50)","decl":{"start":{"line":1105,"column":26},"end":{"line":1105,"column":27}},"loc":{"start":{"line":1105,"column":33},"end":{"line":1105,"column":45}},"line":1105}},"branchMap":{"0":{"loc":{"start":{"line":113,"column":4},"end":{"line":113,"column":null}},"type":"if","locations":[{"start":{"line":113,"column":4},"end":{"line":113,"column":null}},{"start":{},"end":{}}],"line":113},"1":{"loc":{"start":{"line":116,"column":4},"end":{"line":116,"column":null}},"type":"if","locations":[{"start":{"line":116,"column":4},"end":{"line":116,"column":null}},{"start":{},"end":{}}],"line":116},"2":{"loc":{"start":{"line":127,"column":6},"end":{"line":127,"column":null}},"type":"if","locations":[{"start":{"line":127,"column":6},"end":{"line":127,"column":null}},{"start":{},"end":{}}],"line":127},"3":{"loc":{"start":{"line":135,"column":6},"end":{"line":135,"column":null}},"type":"if","locations":[{"start":{"line":135,"column":6},"end":{"line":135,"column":null}},{"start":{},"end":{}}],"line":135},"4":{"loc":{"start":{"line":135,"column":10},"end":{"line":135,"column":40}},"type":"binary-expr","locations":[{"start":{"line":135,"column":10},"end":{"line":135,"column":26}},{"start":{"line":135,"column":26},"end":{"line":135,"column":40}}],"line":135},"5":{"loc":{"start":{"line":161,"column":8},"end":{"line":171,"column":null}},"type":"if","locations":[{"start":{"line":161,"column":8},"end":{"line":171,"column":null}},{"start":{"line":166,"column":15},"end":{"line":171,"column":null}}],"line":161},"6":{"loc":{"start":{"line":179,"column":8},"end":{"line":198,"column":null}},"type":"if","locations":[{"start":{"line":179,"column":8},"end":{"line":198,"column":null}},{"start":{"line":189,"column":15},"end":{"line":198,"column":null}}],"line":179},"7":{"loc":{"start":{"line":181,"column":10},"end":{"line":181,"column":null}},"type":"if","locations":[{"start":{"line":181,"column":10},"end":{"line":181,"column":null}},{"start":{},"end":{}}],"line":181},"8":{"loc":{"start":{"line":191,"column":10},"end":{"line":191,"column":null}},"type":"if","locations":[{"start":{"line":191,"column":10},"end":{"line":191,"column":null}},{"start":{},"end":{}}],"line":191},"9":{"loc":{"start":{"line":204,"column":8},"end":{"line":214,"column":null}},"type":"if","locations":[{"start":{"line":204,"column":8},"end":{"line":214,"column":null}},{"start":{"line":209,"column":15},"end":{"line":214,"column":null}}],"line":204},"10":{"loc":{"start":{"line":223,"column":4},"end":{"line":226,"column":null}},"type":"if","locations":[{"start":{"line":223,"column":4},"end":{"line":226,"column":null}},{"start":{},"end":{}}],"line":223},"11":{"loc":{"start":{"line":233,"column":4},"end":{"line":233,"column":null}},"type":"if","locations":[{"start":{"line":233,"column":4},"end":{"line":233,"column":null}},{"start":{},"end":{}}],"line":233},"12":{"loc":{"start":{"line":234,"column":4},"end":{"line":234,"column":null}},"type":"if","locations":[{"start":{"line":234,"column":4},"end":{"line":234,"column":null}},{"start":{},"end":{}}],"line":234},"13":{"loc":{"start":{"line":250,"column":4},"end":{"line":250,"column":null}},"type":"if","locations":[{"start":{"line":250,"column":4},"end":{"line":250,"column":null}},{"start":{},"end":{}}],"line":250},"14":{"loc":{"start":{"line":280,"column":13},"end":{"line":280,"column":47}},"type":"binary-expr","locations":[{"start":{"line":280,"column":13},"end":{"line":280,"column":23}},{"start":{"line":280,"column":23},"end":{"line":280,"column":47}}],"line":280},"15":{"loc":{"start":{"line":288,"column":8},"end":{"line":288,"column":null}},"type":"if","locations":[{"start":{"line":288,"column":8},"end":{"line":288,"column":null}},{"start":{},"end":{}}],"line":288},"16":{"loc":{"start":{"line":295,"column":10},"end":{"line":298,"column":null}},"type":"if","locations":[{"start":{"line":295,"column":10},"end":{"line":298,"column":null}},{"start":{},"end":{}}],"line":295},"17":{"loc":{"start":{"line":301,"column":8},"end":{"line":301,"column":null}},"type":"if","locations":[{"start":{"line":301,"column":8},"end":{"line":301,"column":null}},{"start":{},"end":{}}],"line":301},"18":{"loc":{"start":{"line":304,"column":6},"end":{"line":306,"column":null}},"type":"if","locations":[{"start":{"line":304,"column":6},"end":{"line":306,"column":null}},{"start":{},"end":{}}],"line":304},"19":{"loc":{"start":{"line":353,"column":11},"end":{"line":353,"column":34}},"type":"default-arg","locations":[{"start":{"line":353,"column":21},"end":{"line":353,"column":34}}],"line":353},"20":{"loc":{"start":{"line":373,"column":4},"end":{"line":373,"column":null}},"type":"if","locations":[{"start":{"line":373,"column":4},"end":{"line":373,"column":null}},{"start":{},"end":{}}],"line":373},"21":{"loc":{"start":{"line":374,"column":4},"end":{"line":374,"column":null}},"type":"if","locations":[{"start":{"line":374,"column":4},"end":{"line":374,"column":null}},{"start":{},"end":{}}],"line":374},"22":{"loc":{"start":{"line":380,"column":4},"end":{"line":380,"column":null}},"type":"if","locations":[{"start":{"line":380,"column":4},"end":{"line":380,"column":null}},{"start":{},"end":{}}],"line":380},"23":{"loc":{"start":{"line":380,"column":8},"end":{"line":380,"column":53}},"type":"binary-expr","locations":[{"start":{"line":380,"column":8},"end":{"line":380,"column":24}},{"start":{"line":380,"column":24},"end":{"line":380,"column":39}},{"start":{"line":380,"column":39},"end":{"line":380,"column":53}}],"line":380},"24":{"loc":{"start":{"line":382,"column":4},"end":{"line":425,"column":null}},"type":"if","locations":[{"start":{"line":382,"column":4},"end":{"line":425,"column":null}},{"start":{},"end":{}}],"line":382},"25":{"loc":{"start":{"line":387,"column":6},"end":{"line":387,"column":null}},"type":"if","locations":[{"start":{"line":387,"column":6},"end":{"line":387,"column":null}},{"start":{},"end":{}}],"line":387},"26":{"loc":{"start":{"line":391,"column":6},"end":{"line":419,"column":null}},"type":"switch","locations":[{"start":{"line":392,"column":8},"end":{"line":392,"column":null}},{"start":{"line":393,"column":8},"end":{"line":393,"column":null}},{"start":{"line":394,"column":8},"end":{"line":396,"column":null}},{"start":{"line":397,"column":8},"end":{"line":399,"column":null}},{"start":{"line":400,"column":8},"end":{"line":418,"column":null}}],"line":391},"27":{"loc":{"start":{"line":422,"column":6},"end":{"line":424,"column":null}},"type":"if","locations":[{"start":{"line":422,"column":6},"end":{"line":424,"column":null}},{"start":{},"end":{}}],"line":422},"28":{"loc":{"start":{"line":428,"column":64},"end":{"line":428,"column":80}},"type":"default-arg","locations":[{"start":{"line":428,"column":72},"end":{"line":428,"column":80}}],"line":428},"29":{"loc":{"start":{"line":428,"column":80},"end":{"line":428,"column":102}},"type":"default-arg","locations":[{"start":{"line":428,"column":89},"end":{"line":428,"column":102}}],"line":428},"30":{"loc":{"start":{"line":433,"column":46},"end":{"line":433,"column":63}},"type":"default-arg","locations":[{"start":{"line":433,"column":54},"end":{"line":433,"column":63}}],"line":433},"31":{"loc":{"start":{"line":435,"column":4},"end":{"line":435,"column":null}},"type":"if","locations":[{"start":{"line":435,"column":4},"end":{"line":435,"column":null}},{"start":{},"end":{}}],"line":435},"32":{"loc":{"start":{"line":438,"column":4},"end":{"line":438,"column":null}},"type":"if","locations":[{"start":{"line":438,"column":4},"end":{"line":438,"column":null}},{"start":{},"end":{}}],"line":438},"33":{"loc":{"start":{"line":448,"column":39},"end":{"line":448,"column":55}},"type":"default-arg","locations":[{"start":{"line":448,"column":46},"end":{"line":448,"column":55}}],"line":448},"34":{"loc":{"start":{"line":455,"column":4},"end":{"line":455,"column":null}},"type":"if","locations":[{"start":{"line":455,"column":4},"end":{"line":455,"column":null}},{"start":{},"end":{}}],"line":455},"35":{"loc":{"start":{"line":455,"column":8},"end":{"line":455,"column":53}},"type":"binary-expr","locations":[{"start":{"line":455,"column":8},"end":{"line":455,"column":24}},{"start":{"line":455,"column":24},"end":{"line":455,"column":39}},{"start":{"line":455,"column":39},"end":{"line":455,"column":53}}],"line":455},"36":{"loc":{"start":{"line":497,"column":4},"end":{"line":499,"column":null}},"type":"if","locations":[{"start":{"line":497,"column":4},"end":{"line":499,"column":null}},{"start":{},"end":{}}],"line":497},"37":{"loc":{"start":{"line":497,"column":8},"end":{"line":497,"column":57}},"type":"binary-expr","locations":[{"start":{"line":497,"column":8},"end":{"line":497,"column":37}},{"start":{"line":497,"column":37},"end":{"line":497,"column":57}}],"line":497},"38":{"loc":{"start":{"line":503,"column":6},"end":{"line":509,"column":null}},"type":"if","locations":[{"start":{"line":503,"column":6},"end":{"line":509,"column":null}},{"start":{},"end":{}}],"line":503},"39":{"loc":{"start":{"line":507,"column":10},"end":{"line":507,"column":null}},"type":"binary-expr","locations":[{"start":{"line":507,"column":10},"end":{"line":507,"column":35}},{"start":{"line":507,"column":35},"end":{"line":507,"column":null}}],"line":507},"40":{"loc":{"start":{"line":516,"column":6},"end":{"line":527,"column":null}},"type":"if","locations":[{"start":{"line":516,"column":6},"end":{"line":527,"column":null}},{"start":{},"end":{}}],"line":516},"41":{"loc":{"start":{"line":516,"column":10},"end":{"line":516,"column":39}},"type":"binary-expr","locations":[{"start":{"line":516,"column":10},"end":{"line":516,"column":31}},{"start":{"line":516,"column":31},"end":{"line":516,"column":39}}],"line":516},"42":{"loc":{"start":{"line":518,"column":8},"end":{"line":525,"column":null}},"type":"if","locations":[{"start":{"line":518,"column":8},"end":{"line":525,"column":null}},{"start":{},"end":{}}],"line":518},"43":{"loc":{"start":{"line":518,"column":12},"end":{"line":518,"column":47}},"type":"binary-expr","locations":[{"start":{"line":518,"column":12},"end":{"line":518,"column":28}},{"start":{"line":518,"column":28},"end":{"line":518,"column":47}}],"line":518},"44":{"loc":{"start":{"line":521,"column":12},"end":{"line":523,"column":null}},"type":"if","locations":[{"start":{"line":521,"column":12},"end":{"line":523,"column":null}},{"start":{},"end":{}}],"line":521},"45":{"loc":{"start":{"line":529,"column":6},"end":{"line":667,"column":null}},"type":"if","locations":[{"start":{"line":529,"column":6},"end":{"line":667,"column":null}},{"start":{},"end":{}}],"line":529},"46":{"loc":{"start":{"line":532,"column":8},"end":{"line":666,"column":null}},"type":"if","locations":[{"start":{"line":532,"column":8},"end":{"line":666,"column":null}},{"start":{},"end":{}}],"line":532},"47":{"loc":{"start":{"line":534,"column":10},"end":{"line":555,"column":null}},"type":"if","locations":[{"start":{"line":534,"column":10},"end":{"line":555,"column":null}},{"start":{},"end":{}}],"line":534},"48":{"loc":{"start":{"line":548,"column":14},"end":{"line":548,"column":null}},"type":"if","locations":[{"start":{"line":548,"column":14},"end":{"line":548,"column":null}},{"start":{},"end":{}}],"line":548},"49":{"loc":{"start":{"line":549,"column":14},"end":{"line":549,"column":null}},"type":"if","locations":[{"start":{"line":549,"column":14},"end":{"line":549,"column":null}},{"start":{},"end":{}}],"line":549},"50":{"loc":{"start":{"line":550,"column":14},"end":{"line":550,"column":null}},"type":"if","locations":[{"start":{"line":550,"column":14},"end":{"line":550,"column":null}},{"start":{},"end":{}}],"line":550},"51":{"loc":{"start":{"line":551,"column":14},"end":{"line":551,"column":null}},"type":"if","locations":[{"start":{"line":551,"column":14},"end":{"line":551,"column":null}},{"start":{},"end":{}}],"line":551},"52":{"loc":{"start":{"line":552,"column":14},"end":{"line":552,"column":null}},"type":"if","locations":[{"start":{"line":552,"column":14},"end":{"line":552,"column":null}},{"start":{},"end":{}}],"line":552},"53":{"loc":{"start":{"line":558,"column":10},"end":{"line":575,"column":null}},"type":"if","locations":[{"start":{"line":558,"column":10},"end":{"line":575,"column":null}},{"start":{},"end":{}}],"line":558},"54":{"loc":{"start":{"line":571,"column":14},"end":{"line":571,"column":null}},"type":"if","locations":[{"start":{"line":571,"column":14},"end":{"line":571,"column":null}},{"start":{},"end":{}}],"line":571},"55":{"loc":{"start":{"line":572,"column":14},"end":{"line":572,"column":null}},"type":"if","locations":[{"start":{"line":572,"column":14},"end":{"line":572,"column":null}},{"start":{},"end":{}}],"line":572},"56":{"loc":{"start":{"line":578,"column":10},"end":{"line":663,"column":null}},"type":"if","locations":[{"start":{"line":578,"column":10},"end":{"line":663,"column":null}},{"start":{},"end":{}}],"line":578},"57":{"loc":{"start":{"line":582,"column":33},"end":{"line":582,"column":54}},"type":"cond-expr","locations":[{"start":{"line":582,"column":45},"end":{"line":582,"column":50}},{"start":{"line":582,"column":50},"end":{"line":582,"column":54}}],"line":582},"58":{"loc":{"start":{"line":583,"column":49},"end":{"line":583,"column":null}},"type":"cond-expr","locations":[{"start":{"line":583,"column":61},"end":{"line":583,"column":66}},{"start":{"line":583,"column":66},"end":{"line":583,"column":null}}],"line":583},"59":{"loc":{"start":{"line":584,"column":30},"end":{"line":584,"column":null}},"type":"cond-expr","locations":[{"start":{"line":584,"column":42},"end":{"line":584,"column":63}},{"start":{"line":584,"column":63},"end":{"line":584,"column":null}}],"line":584},"60":{"loc":{"start":{"line":585,"column":14},"end":{"line":588,"column":null}},"type":"if","locations":[{"start":{"line":585,"column":14},"end":{"line":588,"column":null}},{"start":{},"end":{}}],"line":585},"61":{"loc":{"start":{"line":594,"column":22},"end":{"line":594,"column":null}},"type":"cond-expr","locations":[{"start":{"line":594,"column":34},"end":{"line":594,"column":58}},{"start":{"line":594,"column":58},"end":{"line":594,"column":null}}],"line":594},"62":{"loc":{"start":{"line":602,"column":12},"end":{"line":619,"column":null}},"type":"if","locations":[{"start":{"line":602,"column":12},"end":{"line":619,"column":null}},{"start":{},"end":{}}],"line":602},"63":{"loc":{"start":{"line":603,"column":32},"end":{"line":603,"column":null}},"type":"cond-expr","locations":[{"start":{"line":603,"column":46},"end":{"line":603,"column":76}},{"start":{"line":603,"column":76},"end":{"line":603,"column":null}}],"line":603},"64":{"loc":{"start":{"line":604,"column":31},"end":{"line":604,"column":null}},"type":"binary-expr","locations":[{"start":{"line":604,"column":31},"end":{"line":604,"column":46}},{"start":{"line":604,"column":46},"end":{"line":604,"column":null}}],"line":604},"65":{"loc":{"start":{"line":622,"column":12},"end":{"line":641,"column":null}},"type":"if","locations":[{"start":{"line":622,"column":12},"end":{"line":641,"column":null}},{"start":{},"end":{}}],"line":622},"66":{"loc":{"start":{"line":644,"column":12},"end":{"line":662,"column":null}},"type":"if","locations":[{"start":{"line":644,"column":12},"end":{"line":662,"column":null}},{"start":{},"end":{}}],"line":644},"67":{"loc":{"start":{"line":647,"column":16},"end":{"line":660,"column":null}},"type":"if","locations":[{"start":{"line":647,"column":16},"end":{"line":660,"column":null}},{"start":{},"end":{}}],"line":647},"68":{"loc":{"start":{"line":650,"column":18},"end":{"line":650,"column":null}},"type":"if","locations":[{"start":{"line":650,"column":18},"end":{"line":650,"column":null}},{"start":{},"end":{}}],"line":650},"69":{"loc":{"start":{"line":651,"column":18},"end":{"line":651,"column":null}},"type":"if","locations":[{"start":{"line":651,"column":18},"end":{"line":651,"column":null}},{"start":{},"end":{}}],"line":651},"70":{"loc":{"start":{"line":652,"column":18},"end":{"line":652,"column":null}},"type":"if","locations":[{"start":{"line":652,"column":18},"end":{"line":652,"column":null}},{"start":{},"end":{}}],"line":652},"71":{"loc":{"start":{"line":653,"column":18},"end":{"line":653,"column":null}},"type":"if","locations":[{"start":{"line":653,"column":18},"end":{"line":653,"column":null}},{"start":{},"end":{}}],"line":653},"72":{"loc":{"start":{"line":656,"column":18},"end":{"line":656,"column":null}},"type":"if","locations":[{"start":{"line":656,"column":18},"end":{"line":656,"column":null}},{"start":{},"end":{}}],"line":656},"73":{"loc":{"start":{"line":657,"column":18},"end":{"line":659,"column":null}},"type":"if","locations":[{"start":{"line":657,"column":18},"end":{"line":659,"column":null}},{"start":{},"end":{}}],"line":657},"74":{"loc":{"start":{"line":675,"column":6},"end":{"line":683,"column":null}},"type":"if","locations":[{"start":{"line":675,"column":6},"end":{"line":683,"column":null}},{"start":{},"end":{}}],"line":675},"75":{"loc":{"start":{"line":675,"column":11},"end":{"line":675,"column":59}},"type":"binary-expr","locations":[{"start":{"line":675,"column":11},"end":{"line":675,"column":36}},{"start":{"line":675,"column":36},"end":{"line":675,"column":59}}],"line":675},"76":{"loc":{"start":{"line":691,"column":6},"end":{"line":693,"column":null}},"type":"if","locations":[{"start":{"line":691,"column":6},"end":{"line":693,"column":null}},{"start":{},"end":{}}],"line":691},"77":{"loc":{"start":{"line":701,"column":6},"end":{"line":709,"column":null}},"type":"if","locations":[{"start":{"line":701,"column":6},"end":{"line":709,"column":null}},{"start":{},"end":{}}],"line":701},"78":{"loc":{"start":{"line":702,"column":8},"end":{"line":702,"column":null}},"type":"if","locations":[{"start":{"line":702,"column":8},"end":{"line":702,"column":null}},{"start":{},"end":{}}],"line":702},"79":{"loc":{"start":{"line":704,"column":8},"end":{"line":708,"column":null}},"type":"if","locations":[{"start":{"line":704,"column":8},"end":{"line":708,"column":null}},{"start":{},"end":{}}],"line":704},"80":{"loc":{"start":{"line":707,"column":10},"end":{"line":707,"column":null}},"type":"if","locations":[{"start":{"line":707,"column":10},"end":{"line":707,"column":null}},{"start":{},"end":{}}],"line":707},"81":{"loc":{"start":{"line":714,"column":6},"end":{"line":787,"column":null}},"type":"if","locations":[{"start":{"line":714,"column":6},"end":{"line":787,"column":null}},{"start":{"line":726,"column":13},"end":{"line":787,"column":null}}],"line":714},"82":{"loc":{"start":{"line":716,"column":8},"end":{"line":725,"column":null}},"type":"if","locations":[{"start":{"line":716,"column":8},"end":{"line":725,"column":null}},{"start":{},"end":{}}],"line":716},"83":{"loc":{"start":{"line":717,"column":10},"end":{"line":720,"column":null}},"type":"if","locations":[{"start":{"line":717,"column":10},"end":{"line":720,"column":null}},{"start":{},"end":{}}],"line":717},"84":{"loc":{"start":{"line":724,"column":10},"end":{"line":724,"column":null}},"type":"if","locations":[{"start":{"line":724,"column":10},"end":{"line":724,"column":null}},{"start":{},"end":{}}],"line":724},"85":{"loc":{"start":{"line":729,"column":10},"end":{"line":785,"column":null}},"type":"if","locations":[{"start":{"line":729,"column":10},"end":{"line":785,"column":null}},{"start":{},"end":{}}],"line":729},"86":{"loc":{"start":{"line":729,"column":14},"end":{"line":730,"column":80}},"type":"binary-expr","locations":[{"start":{"line":729,"column":14},"end":{"line":729,"column":null}},{"start":{"line":730,"column":14},"end":{"line":730,"column":80}}],"line":729},"87":{"loc":{"start":{"line":735,"column":12},"end":{"line":759,"column":null}},"type":"if","locations":[{"start":{"line":735,"column":12},"end":{"line":759,"column":null}},{"start":{},"end":{}}],"line":735},"88":{"loc":{"start":{"line":740,"column":14},"end":{"line":758,"column":null}},"type":"if","locations":[{"start":{"line":740,"column":14},"end":{"line":758,"column":null}},{"start":{},"end":{}}],"line":740},"89":{"loc":{"start":{"line":740,"column":18},"end":{"line":740,"column":64}},"type":"binary-expr","locations":[{"start":{"line":740,"column":18},"end":{"line":740,"column":33}},{"start":{"line":740,"column":33},"end":{"line":740,"column":64}}],"line":740},"90":{"loc":{"start":{"line":762,"column":12},"end":{"line":770,"column":null}},"type":"if","locations":[{"start":{"line":762,"column":12},"end":{"line":770,"column":null}},{"start":{},"end":{}}],"line":762},"91":{"loc":{"start":{"line":765,"column":16},"end":{"line":767,"column":null}},"type":"if","locations":[{"start":{"line":765,"column":16},"end":{"line":767,"column":null}},{"start":{},"end":{}}],"line":765},"92":{"loc":{"start":{"line":773,"column":12},"end":{"line":778,"column":null}},"type":"if","locations":[{"start":{"line":773,"column":12},"end":{"line":778,"column":null}},{"start":{},"end":{}}],"line":773},"93":{"loc":{"start":{"line":781,"column":12},"end":{"line":784,"column":null}},"type":"if","locations":[{"start":{"line":781,"column":12},"end":{"line":784,"column":null}},{"start":{},"end":{}}],"line":781},"94":{"loc":{"start":{"line":793,"column":8},"end":{"line":816,"column":null}},"type":"if","locations":[{"start":{"line":793,"column":8},"end":{"line":816,"column":null}},{"start":{},"end":{}}],"line":793},"95":{"loc":{"start":{"line":793,"column":12},"end":{"line":794,"column":72}},"type":"binary-expr","locations":[{"start":{"line":793,"column":12},"end":{"line":793,"column":null}},{"start":{"line":794,"column":12},"end":{"line":794,"column":72}}],"line":793},"96":{"loc":{"start":{"line":802,"column":10},"end":{"line":809,"column":null}},"type":"if","locations":[{"start":{"line":802,"column":10},"end":{"line":809,"column":null}},{"start":{},"end":{}}],"line":802},"97":{"loc":{"start":{"line":805,"column":14},"end":{"line":807,"column":null}},"type":"if","locations":[{"start":{"line":805,"column":14},"end":{"line":807,"column":null}},{"start":{},"end":{}}],"line":805},"98":{"loc":{"start":{"line":812,"column":10},"end":{"line":815,"column":null}},"type":"if","locations":[{"start":{"line":812,"column":10},"end":{"line":815,"column":null}},{"start":{},"end":{}}],"line":812},"99":{"loc":{"start":{"line":820,"column":6},"end":{"line":825,"column":null}},"type":"if","locations":[{"start":{"line":820,"column":6},"end":{"line":825,"column":null}},{"start":{},"end":{}}],"line":820},"100":{"loc":{"start":{"line":820,"column":10},"end":{"line":820,"column":52}},"type":"binary-expr","locations":[{"start":{"line":820,"column":10},"end":{"line":820,"column":28}},{"start":{"line":820,"column":28},"end":{"line":820,"column":52}}],"line":820},"101":{"loc":{"start":{"line":828,"column":6},"end":{"line":838,"column":null}},"type":"if","locations":[{"start":{"line":828,"column":6},"end":{"line":838,"column":null}},{"start":{},"end":{}}],"line":828},"102":{"loc":{"start":{"line":828,"column":10},"end":{"line":828,"column":36}},"type":"binary-expr","locations":[{"start":{"line":828,"column":10},"end":{"line":828,"column":23}},{"start":{"line":828,"column":23},"end":{"line":828,"column":36}}],"line":828},"103":{"loc":{"start":{"line":832,"column":8},"end":{"line":837,"column":null}},"type":"if","locations":[{"start":{"line":832,"column":8},"end":{"line":837,"column":null}},{"start":{},"end":{}}],"line":832},"104":{"loc":{"start":{"line":843,"column":6},"end":{"line":866,"column":null}},"type":"if","locations":[{"start":{"line":843,"column":6},"end":{"line":866,"column":null}},{"start":{},"end":{}}],"line":843},"105":{"loc":{"start":{"line":850,"column":8},"end":{"line":865,"column":null}},"type":"if","locations":[{"start":{"line":850,"column":8},"end":{"line":865,"column":null}},{"start":{},"end":{}}],"line":850},"106":{"loc":{"start":{"line":854,"column":10},"end":{"line":856,"column":null}},"type":"if","locations":[{"start":{"line":854,"column":10},"end":{"line":856,"column":null}},{"start":{},"end":{}}],"line":854},"107":{"loc":{"start":{"line":855,"column":59},"end":{"line":855,"column":81}},"type":"binary-expr","locations":[{"start":{"line":855,"column":59},"end":{"line":855,"column":75}},{"start":{"line":855,"column":75},"end":{"line":855,"column":81}}],"line":855},"108":{"loc":{"start":{"line":858,"column":10},"end":{"line":864,"column":null}},"type":"if","locations":[{"start":{"line":858,"column":10},"end":{"line":864,"column":null}},{"start":{"line":860,"column":10},"end":{"line":864,"column":null}}],"line":858},"109":{"loc":{"start":{"line":859,"column":21},"end":{"line":859,"column":37}},"type":"binary-expr","locations":[{"start":{"line":859,"column":21},"end":{"line":859,"column":34}},{"start":{"line":859,"column":34},"end":{"line":859,"column":37}}],"line":859},"110":{"loc":{"start":{"line":860,"column":10},"end":{"line":864,"column":null}},"type":"if","locations":[{"start":{"line":860,"column":10},"end":{"line":864,"column":null}},{"start":{"line":862,"column":10},"end":{"line":864,"column":null}}],"line":860},"111":{"loc":{"start":{"line":862,"column":10},"end":{"line":864,"column":null}},"type":"if","locations":[{"start":{"line":862,"column":10},"end":{"line":864,"column":null}},{"start":{},"end":{}}],"line":862},"112":{"loc":{"start":{"line":873,"column":8},"end":{"line":875,"column":null}},"type":"if","locations":[{"start":{"line":873,"column":8},"end":{"line":875,"column":null}},{"start":{},"end":{}}],"line":873},"113":{"loc":{"start":{"line":892,"column":6},"end":{"line":894,"column":null}},"type":"if","locations":[{"start":{"line":892,"column":6},"end":{"line":894,"column":null}},{"start":{},"end":{}}],"lin
[...]
nd":{"line":264,"column":null}},"57":{"start":{"line":266,"column":22},"end":{"line":266,"column":null}},"58":{"start":{"line":267,"column":24},"end":{"line":267,"column":null}},"59":{"start":{"line":268,"column":19},"end":{"line":268,"column":null}},"60":{"start":{"line":269,"column":19},"end":{"line":269,"column":null}},"61":{"start":{"line":271,"column":4},"end":{"line":283,"column":null}},"62":{"start":{"line":286,"column":2},"end":{"line":286,"column":null}},"63":{"start":{"line":300,"column":20},"end":{"line":303,"column":null}},"64":{"start":{"line":306,"column":20},"end":{"line":306,"column":null}},"65":{"start":{"line":307,"column":19},"end":{"line":307,"column":null}},"66":{"start":{"line":308,"column":22},"end":{"line":308,"column":null}},"67":{"start":{"line":309,"column":23},"end":{"line":309,"column":null}},"68":{"start":{"line":310,"column":21},"end":{"line":310,"column":null}},"69":{"start":{"line":312,"column":2},"end":{"line":322,"column":null}},"70":{"start":{"line":334,"column":2},"end":{"line":336,"column":null}},"71":{"start":{"line":335,"column":4},"end":{"line":335,"column":null}},"72":{"start":{"line":339,"column":2},"end":{"line":341,"column":null}},"73":{"start":{"line":340,"column":4},"end":{"line":340,"column":null}},"74":{"start":{"line":343,"column":2},"end":{"line":346,"column":null}},"75":{"start":{"line":372,"column":17},"end":{"line":372,"column":null}},"76":{"start":{"line":373,"column":17},"end":{"line":373,"column":null}},"77":{"start":{"line":374,"column":2},"end":{"line":374,"column":null}},"78":{"start":{"line":390,"column":8},"end":{"line":390,"column":null}},"79":{"start":{"line":391,"column":2},"end":{"line":391,"column":null}},"80":{"start":{"line":413,"column":2},"end":{"line":430,"column":null}},"81":{"start":{"line":415,"column":6},"end":{"line":415,"column":null}},"82":{"start":{"line":417,"column":6},"end":{"line":417,"column":null}},"83":{"start":{"line":419,"column":6},"end":{"line":419,"column":null}},"84":{"start":{"line":421,"column":6},"end":{"line":421,"column":null}},"85":{"start":{"line":423,"column":6},"end":{"line":423,"column":null}},"86":{"start":{"line":425,"column":6},"end":{"line":425,"column":null}},"87":{"start":{"line":427,"column":6},"end":{"line":427,"column":null}},"88":{"start":{"line":429,"column":6},"end":{"line":429,"column":null}}},"fnMap":{"0":{"name":"fireNearest","decl":{"start":{"line":67,"column":16},"end":{"line":67,"column":null}},"loc":{"start":{"line":73,"column":20},"end":{"line":97,"column":null}},"line":73},"1":{"name":"fireBubble","decl":{"start":{"line":102,"column":16},"end":{"line":102,"column":null}},"loc":{"start":{"line":110,"column":20},"end":{"line":142,"column":null}},"line":110},"2":{"name":"fireFacing","decl":{"start":{"line":147,"column":16},"end":{"line":147,"column":null}},"loc":{"start":{"line":157,"column":20},"end":{"line":181,"column":null}},"line":157},"3":{"name":"fireArc","decl":{"start":{"line":186,"column":16},"end":{"line":186,"column":null}},"loc":{"start":{"line":193,"column":20},"end":{"line":219,"column":null}},"line":193},"4":{"name":"fireFireball","decl":{"start":{"line":224,"column":16},"end":{"line":224,"column":null}},"loc":{"start":{"line":232,"column":20},"end":{"line":287,"column":null}},"line":232},"5":{"name":"fireSpray","decl":{"start":{"line":292,"column":16},"end":{"line":292,"column":null}},"loc":{"start":{"line":299,"column":20},"end":{"line":323,"column":null}},"line":299},"6":{"name":"checkAura","decl":{"start":{"line":328,"column":16},"end":{"line":328,"column":null}},"loc":{"start":{"line":333,"column":20},"end":{"line":347,"column":null}},"line":333},"7":{"name":"calculateWeaponDamage","decl":{"start":{"line":366,"column":16},"end":{"line":366,"column":null}},"loc":{"start":{"line":371,"column":16},"end":{"line":375,"column":null}},"line":371},"8":{"name":"decrementCooldown","decl":{"start":{"line":385,"column":16},"end":{"line":385,"column":null}},"loc":{"start":{"line":389,"column":10},"end":{"line":392,"column":null}},"line":389},"9":{"name":"fireWeapon","decl":{"start":{"line":398,"column":16},"end":{"line":398,"column":null}},"loc":{"start":{"line":412,"column":20},"end":{"line":431,"column":null}},"line":412}},"branchMap":{"0":{"loc":{"start":{"line":76,"column":2},"end":{"line":78,"column":null}},"type":"if","locations":[{"start":{"line":76,"column":2},"end":{"line":78,"column":null}},{"start":{},"end":{}}],"line":76},"1":{"loc":{"start":{"line":109,"column":2},"end":{"line":109,"column":null}},"type":"default-arg","locations":[{"start":{"line":109,"column":28},"end":{"line":109,"column":null}}],"line":109},"2":{"loc":{"start":{"line":113,"column":2},"end":{"line":115,"column":null}},"type":"if","locations":[{"start":{"line":113,"column":2},"end":{"line":115,"column":null}},{"start":{},"end":{}}],"line":113},"3":{"loc":{"start":{"line":118,"column":23},"end":{"line":118,"column":null}},"type":"binary-expr","locations":[{"start":{"line":118,"column":23},"end":{"line":118,"column":38}},{"start":{"line":118,"column":38},"end":{"line":118,"column":null}}],"line":118},"4":{"loc":{"start":{"line":119,"column":17},"end":{"line":119,"column":43}},"type":"binary-expr","locations":[{"start":{"line":119,"column":17},"end":{"line":119,"column":38}},{"start":{"line":119,"column":38},"end":{"line":119,"column":43}}],"line":119},"5":{"loc":{"start":{"line":156,"column":2},"end":{"line":156,"column":null}},"type":"default-arg","locations":[{"start":{"line":156,"column":28},"end":{"line":156,"column":null}}],"line":156},"6":{"loc":{"start":{"line":158,"column":16},"end":{"line":158,"column":null}},"type":"binary-expr","locations":[{"start":{"line":158,"column":16},"end":{"line":158,"column":28}},{"start":{"line":158,"column":28},"end":{"line":158,"column":null}}],"line":158},"7":{"loc":{"start":{"line":158,"column":39},"end":{"line":158,"column":52}},"type":"binary-expr","locations":[{"start":{"line":158,"column":39},"end":{"line":158,"column":49}},{"start":{"line":158,"column":49},"end":{"line":158,"column":52}}],"line":158},"8":{"loc":{"start":{"line":158,"column":52},"end":{"line":158,"column":63}},"type":"binary-expr","locations":[{"start":{"line":158,"column":52},"end":{"line":158,"column":62}},{"start":{"line":158,"column":62},"end":{"line":158,"column":63}}],"line":158},"9":{"loc":{"start":{"line":159,"column":22},"end":{"line":159,"column":null}},"type":"binary-expr","locations":[{"start":{"line":159,"column":22},"end":{"line":159,"column":37}},{"start":{"line":159,"column":37},"end":{"line":159,"column":null}}],"line":159},"10":{"loc":{"start":{"line":160,"column":17},"end":{"line":160,"column":43}},"type":"binary-expr","locations":[{"start":{"line":160,"column":17},"end":{"line":160,"column":38}},{"start":{"line":160,"column":38},"end":{"line":160,"column":43}}],"line":160},"11":{"loc":{"start":{"line":192,"column":2},"end":{"line":192,"column":null}},"type":"default-arg","locations":[{"start":{"line":192,"column":28},"end":{"line":192,"column":null}}],"line":192},"12":{"loc":{"start":{"line":194,"column":17},"end":{"line":194,"column":43}},"type":"binary-expr","locations":[{"start":{"line":194,"column":17},"end":{"line":194,"column":38}},{"start":{"line":194,"column":38},"end":{"line":194,"column":43}}],"line":194},"13":{"loc":{"start":{"line":195,"column":15},"end":{"line":195,"column":null}},"type":"binary-expr","locations":[{"start":{"line":195,"column":15},"end":{"line":195,"column":25}},{"start":{"line":195,"column":25},"end":{"line":195,"column":null}}],"line":195},"14":{"loc":{"start":{"line":231,"column":2},"end":{"line":231,"column":null}},"type":"default-arg","locations":[{"start":{"line":231,"column":28},"end":{"line":231,"column":null}}],"line":231},"15":{"loc":{"start":{"line":235,"column":2},"end":{"line":237,"column":null}},"type":"if","locations":[{"start":{"line":235,"column":2},"end":{"line":237,"column":null}},{"start":{},"end":{}}],"line":235},"16":{"loc":{"start":{"line":239,"column":21},"end":{"line":239,"column":null}},"type":"binary-expr","locations":[{"start":{"line":239,"column":21},"end":{"line":239,"column":36}},{"start":{"line":239,"column":36},"end":{"line":239,"column":null}}],"line":239},"17":{"loc":{"start":{"line":240,"column":25},"end":{"line":240,"column":null}},"type":"binary-expr","locations":[{"start":{"line":240,"column":25},"end":{"line":240,"column":40}},{"start":{"line":240,"column":40},"end":{"line":240,"column":null}}],"line":240},"18":{"loc":{"start":{"line":241,"column":17},"end":{"line":241,"column":43}},"type":"binary-expr","locations":[{"start":{"line":241,"column":17},"end":{"line":241,"column":38}},{"start":{"line":241,"column":38},"end":{"line":241,"column":43}}],"line":241},"19":{"loc":{"start":{"line":248,"column":4},"end":{"line":260,"column":null}},"type":"if","locations":[{"start":{"line":248,"column":4},"end":{"line":260,"column":null}},{"start":{},"end":{}}],"line":248},"20":{"loc":{"start":{"line":250,"column":6},"end":{"line":259,"column":null}},"type":"if","locations":[{"start":{"line":250,"column":6},"end":{"line":259,"column":null}},{"start":{"line":257,"column":13},"end":{"line":259,"column":null}}],"line":250},"21":{"loc":{"start":{"line":252,"column":8},"end":{"line":256,"column":null}},"type":"if","locations":[{"start":{"line":252,"column":8},"end":{"line":256,"column":null}},{"start":{"line":254,"column":8},"end":{"line":256,"column":null}}],"line":252},"22":{"loc":{"start":{"line":254,"column":8},"end":{"line":256,"column":null}},"type":"if","locations":[{"start":{"line":254,"column":8},"end":{"line":256,"column":null}},{"start":{},"end":{}}],"line":254},"23":{"loc":{"start":{"line":300,"column":20},"end":{"line":303,"column":null}},"type":"binary-expr","locations":[{"start":{"line":300,"column":20},"end":{"line":300,"column":null}},{"start":{"line":301,"column":4},"end":{"line":303,"column":null}}],"line":300},"24":{"loc":{"start":{"line":301,"column":4},"end":{"line":303,"column":null}},"type":"cond-expr","locations":[{"start":{"line":302,"column":6},"end":{"line":302,"column":null}},{"start":{"line":303,"column":6},"end":{"line":303,"column":null}}],"line":301},"25":{"loc":{"start":{"line":302,"column":17},"end":{"line":302,"column":30}},"type":"binary-expr","locations":[{"start":{"line":302,"column":17},"end":{"line":302,"column":27}},{"start":{"line":302,"column":27},"end":{"line":302,"column":30}}],"line":302},"26":{"loc":{"start":{"line":307,"column":19},"end":{"line":307,"column":null}},"type":"cond-expr","locations":[{"start":{"line":307,"column":31},"end":{"line":307,"column":43}},{"start":{"line":307,"column":43},"end":{"line":307,"column":null}}],"line":307},"27":{"loc":{"start":{"line":308,"column":22},"end":{"line":308,"column":null}},"type":"cond-expr","locations":[{"start":{"line":308,"column":34},"end":{"line":308,"column":39}},{"start":{"line":308,"column":39},"end":{"line":308,"column":null}}],"line":308},"28":{"loc":{"start":{"line":308,"column":39},"end":{"line":308,"column":null}},"type":"binary-expr","locations":[{"start":{"line":308,"column":39},"end":{"line":308,"column":56}},{"start":{"line":308,"column":56},"end":{"line":308,"column":null}}],"line":308},"29":{"loc":{"start":{"line":309,"column":23},"end":{"line":309,"column":null}},"type":"binary-expr","locations":[{"start":{"line":309,"column":23},"end":{"line":309,"column":36}},{"start":{"line":309,"column":36},"end":{"line":309,"column":null}}],"line":309},"30":{"loc":{"start":{"line":309,"column":36},"end":{"line":309,"column":null}},"type":"cond-expr","locations":[{"start":{"line":309,"column":48},"end":{"line":309,"column":55}},{"start":{"line":309,"column":55},"end":{"line":309,"column":null}}],"line":309},"31":{"loc":{"start":{"line":310,"column":21},"end":{"line":310,"column":null}},"type":"binary-expr","locations":[{"start":{"line":310,"column":21},"end":{"line":310,"column":37}},{"start":{"line":310,"column":37},"end":{"line":310,"column":null}}],"line":310},"32":{"loc":{"start":{"line":334,"column":2},"end":{"line":336,"column":null}},"type":"if","locations":[{"start":{"line":334,"column":2},"end":{"line":336,"column":null}},{"start":{},"end":{}}],"line":334},"33":{"loc":{"start":{"line":339,"column":2},"end":{"line":341,"column":null}},"type":"if","locations":[{"start":{"line":339,"column":2},"end":{"line":341,"column":null}},{"start":{},"end":{}}],"line":339},"34":{"loc":{"start":{"line":370,"column":2},"end":{"line":370,"column":null}},"type":"default-arg","locations":[{"start":{"line":370,"column":24},"end":{"line":370,"column":null}}],"line":370},"35":{"loc":{"start":{"line":373,"column":38},"end":{"line":373,"column":null}},"type":"cond-expr","locations":[{"start":{"line":373,"column":47},"end":{"line":373,"column":51}},{"start":{"line":373,"column":51},"end":{"line":373,"column":null}}],"line":373},"36":{"loc":{"start":{"line":388,"column":2},"end":{"line":388,"column":null}},"type":"default-arg","locations":[{"start":{"line":388,"column":30},"end":{"line":388,"column":null}}],"line":388},"37":{"loc":{"start":{"line":390,"column":43},"end":{"line":390,"column":null}},"type":"cond-expr","locations":[{"start":{"line":390,"column":62},"end":{"line":390,"column":66}},{"start":{"line":390,"column":66},"end":{"line":390,"column":null}}],"line":390},"38":{"loc":{"start":{"line":411,"column":2},"end":{"line":411,"column":null}},"type":"default-arg","locations":[{"start":{"line":411,"column":28},"end":{"line":411,"column":null}}],"line":411},"39":{"loc":{"start":{"line":413,"column":2},"end":{"line":430,"column":null}},"type":"switch","locations":[{"start":{"line":414,"column":4},"end":{"line":415,"column":null}},{"start":{"line":416,"column":4},"end":{"line":417,"column":null}},{"start":{"line":418,"column":4},"end":{"line":419,"column":null}},{"start":{"line":420,"column":4},"end":{"line":421,"column":null}},{"start":{"line":422,"column":4},"end":{"line":423,"column":null}},{"start":{"line":424,"column":4},"end":{"line":425,"column":null}},{"start":{"line":426,"column":4},"end":{"line":427,"column":null}},{"start":{"line":428,"column":4},"end":{"line":429,"column":null}}],"line":413}},"s":{"0":8,"1":8,"2":2,"3":6,"4":6,"5":12,"6":12,"7":7,"8":5,"9":5,"10":12,"11":12,"12":12,"13":12,"14":6,"15":6,"16":5,"17":7,"18":7,"19":7,"20":7,"21":7,"22":7,"23":9,"24":9,"25":7,"26":7,"27":7,"28":7,"29":7,"30":7,"31":7,"32":7,"33":7,"34":8,"35":8,"36":2,"37":6,"38":8,"39":8,"40":8,"41":8,"42":8,"43":8,"44":8,"45":8,"46":3,"47":3,"48":0,"49":0,"50":0,"51":0,"52":0,"53":3,"54":8,"55":8,"56":8,"57":8,"58":8,"59":8,"60":8,"61":8,"62":6,"63":7,"64":7,"65":7,"66":7,"67":7,"68":7,"69":7,"70":8,"71":1,"72":7,"73":1,"74":6,"75":13,"76":13,"77":13,"78":7,"79":7,"80":16,"81":2,"82":7,"83":1,"84":1,"85":2,"86":1,"87":1,"88":1},"f":{"0":8,"1":12,"2":7,"3":7,"4":8,"5":7,"6":8,"7":13,"8":7,"9":16},"b":{"0":[2,6],"1":[12],"2":[7,5],"3":[5,4],"4":[12,4],"5":[7],"6":[7,6],"7":[6,6],"8":[6,1],"9":[7,6],"10":[7,6],"11":[7],"12":[7,7],"13":[7,6],"14":[8],"15":[2,6],"16":[6,5],"17":[8,5],"18":[8,5],"19":[3,5],"20":[0,3],"21":[0,0],"22":[0,0],"23":[7,6],"24":[5,1],"25":[5,4],"26":[1,6],"27":[1,6],"28":[6,6],"29":[7,6],"30":[1,5],"31":[7,6],"32":[1,7],"33":[1,6],"34":[13],"35":[4,9],"36":[7],"37":[3,4],"38":[16],"39":[2,7,1,1,2,1,1,1]},"meta":{"lastBranch":40,"lastFunction":10,"lastStatement":89,"seen":{"f:67:16:67:Infinity":0,"s:74:22:74:Infinity":0,"b:76:2:78:Infinity:undefined:undefined:undefined:undefined":0,"s:76:2:78:Infinity":1,"s:77:4:77:Infinity":2,"s:80:8:80:Infinity":3,"s:82:2:96:Infinity":4,"f:102:16:102:Infinity":1,"b:109:28:109:Infinity":1,"s:111:22:111:Infinity":5,"b:113:2:115:Infinity:undefined:undefined:undefined:undefined":2,"s:113:2:115:Infinity":6,"s:114:4:114:Infinity":7,"s:117:8:117:Infinity":8,"s:118:16:118:Infinity":9,"b:118:23:118:38:118:38:118:Infinity":3,"s:119:8:119:Infinity":10,"b:119:17:119:38:119:38:119:43":4,"s:121:40:121:Infinity":11,"s:123:2:139:Infinity":12,"s:123:15:123:18":13,"s:124:10:124:Infinity":14,"s:125:4:138:Infinity":15,"s:141:2:141:Infinity":16,"f:147:16:147:Infinity":2,"b:156:28:156:Infinity":5,"s:158:16:158:Infinity":17,"b:158:16:158:28:158:28:158:Infinity":6,"b:158:39:158:49:158:49:158:52":7,"b:158:52:158:62:158:62:158:63":8,"s:159:16:159:Infinity":18,"b:159:22:159:37:159:37:159:Infinity":9,"s:160:8:160:Infinity":19,"b:160:17:160:38:160:38:160:43":10,"s:162:40:162:Infinity":20,"s:164:2:178:Infinity":21,"s:164:15:164:18":22,"s:165:10:165:Infinity":23,"s:166:4:177:Infinity":24,"s:180:2:180:Infinity":25,"f:186:16:186:Infinity":3,"b:192:28:192:Infinity":11,"s:194:8:194:Infinity":26,"b:194:17:194:38:194:38:194:43":12,"s:195:15:195:Infinity":27,"b:195:15:195:25:195:25:195:Infinity":13,"s:197:40:197:Infinity":28,"s:199:2:216:Infinity":29,"s:199:15:199:18":30,"s:200:10:200:Infinity":31,"s:201:4:215:Infinity":32,"s:218:2:218:Infinity":33,"f:224:16:224:Infinity":4,"b:231:28:231:Infinity":14,"s:233:22:233:Infinity":34,"b:235:2:237:Infinity:undefined:undefined:undefined:undefined":15,"s:235:2:237:Infinity":35,"s:236:4:236:Infinity":36,"s:239:16:239:Infinity":37,"b:239:21:239:36:239:36:239:Infinity":16,"s:240:19:240:Infinity":38,"b:240:25:240:40:240:40:240:Infinity":17,"s:241:8:241:Infinity":39,"b:241:17:241:38:241:38:241:43":18,"s:243:8:243:Infinity":40,"s:244:36:244:Infinity":41,"s:246:2:284:Infinity":42,"s:246:15:246:18":43,"s:247:22:247:Infinity":44,"b:248:4:260:Infinity:undefined:undefined:undefined:undefined":19,"s:248:4:260:Infinity":45,"s:249:21:249:Infinity":46,"b:250:6:259:Infinity:257:13:259:Infinity":20,"s:250:6:259:Infinity":47,"s:251:21:251:Infinity":48,"b:252:8:256:Infinity:254:8:256:Infinity":21,"s:252:8:256:Infinity":49,"s:253:10:253:Infinity":50,"b:254:8:256:Infinity:undefined:undefined:undefined:undefined":22,"s:254:8:256:Infinity":51,"s:255:10:255:Infinity":52,"s:258:8:258:Infinity":53,"s:262:24:262:Infinity":54,"s:263:20:263:Infinity":55,"s:264:20:264:Infinity":56,"s:266:22:266:Infinity":57,"s:267:24:267:Infinity":58,"s:268:19:268:Infinity":59,"s:269:19:269:Infinity":60,"s:271:4:283:Infinity":61,"s:286:2:286:Infinity":62,"f:292:16:292:Infinity":5,"s:300:20:303:Infinity":63,"b:300:20:300:Infinity:301:4:303:Infinity":23,"b:302:6:302:Infinity:303:6:303:Infinity":24,"b:302:17:302:27:302:27:302:30":25,"s:306:20:306:Infinity":64,"s:307:19:307:Infinity":65,"b:307:31:307:43:307:43:307:Infinity":26,"s:308:22:308:Infinity":66,"b:308:34:308:39:308:39:308:Infinity":27,"b:308:39:308:56:308:56:308:Infinity":28,"s:309:23:309:Infinity":67,"b:309:23:309:36:309:36:309:Infinity":29,"b:309:48:309:55:309:55:309:Infinity":30,"s:310:21:310:Infinity":68,"b:310:21:310:37:310:37:310:Infinity":31,"s:312:2:322:Infinity":69,"f:328:16:328:Infinity":6,"b:334:2:336:Infinity:undefined:undefined:undefined:undefined":32,"s:334:2:336:Infinity":70,"s:335:4:335:Infinity":71,"b:339:2:341:Infinity:undefined:undefined:undefined:undefined":33,"s:339:2:341:Infinity":72,"s:340:4:340:Infinity":73,"s:343:2:346:Infinity":74,"f:366:16:366:Infinity":7,"b:370:24:370:Infinity":34,"s:372:17:372:Infinity":75,"s:373:17:373:Infinity":76,"b:373:47:373:51:373:51:373:Infinity":35,"s:374:2:374:Infinity":77,"f:385:16:385:Infinity":8,"b:388:30:388:Infinity":36,"s:390:8:390:Infinity":78,"b:390:62:390:66:390:66:390:Infinity":37,"s:391:2:391:Infinity":79,"f:398:16:398:Infinity":9,"b:411:28:411:Infinity":38,"b:414:4:415:Infinity:416:4:417:Infinity:418:4:419:Infinity:420:4:421:Infinity:422:4:423:Infinity:424:4:425:Infinity:426:4:427:Infinity:428:4:429:Infinity":39,"s:413:2:430:Infinity":80,"s:415:6:415:Infinity":81,"s:417:6:417:Infinity":82,"s:419:6:419:Infinity":83,"s:421:6:421:Infinity":84,"s:423:6:423:Infinity":85,"s:425:6:425:Infinity":86,"s:427:6:427:Infinity":87,"s:429:6:429:Infinity":88}}}
,"/Users/stefan/tmp/games/survivor_protocol/src/types/index.ts": {"path":"/Users/stefan/tmp/games/survivor_protocol/src/types/index.ts","statementMap":{},"fnMap":{},"branchMap":{},"s":{},"f":{},"b":{},"meta":{"lastBranch":0,"lastFunction":0,"lastStatement":0,"seen":{}}}
}
