{"/Users/stefan/tmp/games/survivor_protocol/src/config.ts": {"path":"/Users/stefan/tmp/games/survivor_protocol/src/config.ts","statementMap":{"0":{"start":{"line":3,"column":30},"end":{"line":12,"column":null}}},"fnMap":{},"branchMap":{},"s":{"0":11},"f":{},"b":{},"meta":{"lastBranch":0,"lastFunction":0,"lastStatement":1,"seen":{"s:3:30:12:Infinity":0}}}
,"/Users/stefan/tmp/games/survivor_protocol/src/game.ts": {"path":"/Users/stefan/tmp/games/survivor_protocol/src/game.ts","statementMap":{"0":{"start":{"line":41,"column":37},"end":{"line":41,"column":null}},"1":{"start":{"line":42,"column":41},"end":{"line":42,"column":null}},"2":{"start":{"line":45,"column":24},"end":{"line":45,"column":null}},"3":{"start":{"line":46,"column":30},"end":{"line":46,"column":null}},"4":{"start":{"line":47,"column":32},"end":{"line":47,"column":null}},"5":{"start":{"line":48,"column":11},"end":{"line":48,"column":null}},"6":{"start":{"line":49,"column":11},"end":{"line":49,"column":null}},"7":{"start":{"line":50,"column":11},"end":{"line":50,"column":null}},"8":{"start":{"line":51,"column":9},"end":{"line":51,"column":null}},"9":{"start":{"line":52,"column":9},"end":{"line":52,"column":null}},"10":{"start":{"line":53,"column":12},"end":{"line":53,"column":null}},"11":{"start":{"line":54,"column":10},"end":{"line":54,"column":null}},"12":{"start":{"line":55,"column":14},"end":{"line":55,"column":null}},"13":{"start":{"line":56,"column":13},"end":{"line":56,"column":null}},"14":{"start":{"line":57,"column":16},"end":{"line":57,"column":null}},"15":{"start":{"line":58,"column":22},"end":{"line":58,"column":null}},"16":{"start":{"line":60,"column":26},"end":{"line":60,"column":null}},"17":{"start":{"line":61,"column":21},"end":{"line":61,"column":null}},"18":{"start":{"line":62,"column":30},"end":{"line":62,"column":null}},"19":{"start":{"line":63,"column":36},"end":{"line":63,"column":null}},"20":{"start":{"line":64,"column":17},"end":{"line":64,"column":null}},"21":{"start":{"line":65,"column":26},"end":{"line":65,"column":null}},"22":{"start":{"line":66,"column":30},"end":{"line":66,"column":null}},"23":{"start":{"line":67,"column":26},"end":{"line":67,"column":null}},"24":{"start":{"line":69,"column":22},"end":{"line":76,"column":null}},"25":{"start":{"line":78,"column":15},"end":{"line":78,"column":null}},"26":{"start":{"line":81,"column":4},"end":{"line":81,"column":null}},"27":{"start":{"line":82,"column":4},"end":{"line":82,"column":null}},"28":{"start":{"line":82,"column":22},"end":{"line":82,"column":null}},"29":{"start":{"line":84,"column":4},"end":{"line":84,"column":null}},"30":{"start":{"line":85,"column":4},"end":{"line":85,"column":null}},"31":{"start":{"line":85,"column":19},"end":{"line":85,"column":null}},"32":{"start":{"line":87,"column":4},"end":{"line":87,"column":null}},"33":{"start":{"line":88,"column":4},"end":{"line":88,"column":null}},"34":{"start":{"line":88,"column":28},"end":{"line":88,"column":null}},"35":{"start":{"line":90,"column":4},"end":{"line":90,"column":null}},"36":{"start":{"line":91,"column":4},"end":{"line":91,"column":null}},"37":{"start":{"line":94,"column":4},"end":{"line":97,"column":null}},"38":{"start":{"line":95,"column":6},"end":{"line":95,"column":null}},"39":{"start":{"line":96,"column":6},"end":{"line":96,"column":null}},"40":{"start":{"line":96,"column":39},"end":{"line":96,"column":null}},"41":{"start":{"line":98,"column":4},"end":{"line":100,"column":null}},"42":{"start":{"line":99,"column":6},"end":{"line":99,"column":null}},"43":{"start":{"line":103,"column":4},"end":{"line":114,"column":null}},"44":{"start":{"line":104,"column":6},"end":{"line":104,"column":null}},"45":{"start":{"line":104,"column":40},"end":{"line":104,"column":null}},"46":{"start":{"line":105,"column":19},"end":{"line":105,"column":null}},"47":{"start":{"line":106,"column":21},"end":{"line":106,"column":null}},"48":{"start":{"line":107,"column":21},"end":{"line":107,"column":null}},"49":{"start":{"line":109,"column":22},"end":{"line":109,"column":null}},"50":{"start":{"line":110,"column":22},"end":{"line":110,"column":null}},"51":{"start":{"line":111,"column":6},"end":{"line":111,"column":null}},"52":{"start":{"line":113,"column":6},"end":{"line":113,"column":null}},"53":{"start":{"line":117,"column":15},"end":{"line":117,"column":null}},"54":{"start":{"line":118,"column":25},"end":{"line":124,"column":null}},"55":{"start":{"line":119,"column":19},"end":{"line":119,"column":null}},"56":{"start":{"line":120,"column":6},"end":{"line":123,"column":null}},"57":{"start":{"line":125,"column":4},"end":{"line":142,"column":null}},"58":{"start":{"line":126,"column":6},"end":{"line":126,"column":null}},"59":{"start":{"line":127,"column":6},"end":{"line":141,"column":null}},"60":{"start":{"line":128,"column":20},"end":{"line":128,"column":null}},"61":{"start":{"line":129,"column":26},"end":{"line":129,"column":null}},"62":{"start":{"line":130,"column":8},"end":{"line":140,"column":null}},"63":{"start":{"line":132,"column":10},"end":{"line":132,"column":null}},"64":{"start":{"line":133,"column":10},"end":{"line":133,"column":null}},"65":{"start":{"line":134,"column":10},"end":{"line":134,"column":null}},"66":{"start":{"line":137,"column":10},"end":{"line":137,"column":null}},"67":{"start":{"line":138,"column":10},"end":{"line":138,"column":null}},"68":{"start":{"line":139,"column":10},"end":{"line":139,"column":null}},"69":{"start":{"line":143,"column":4},"end":{"line":169,"column":null}},"70":{"start":{"line":144,"column":6},"end":{"line":144,"column":null}},"71":{"start":{"line":145,"column":6},"end":{"line":168,"column":null}},"72":{"start":{"line":146,"column":20},"end":{"line":146,"column":null}},"73":{"start":{"line":147,"column":26},"end":{"line":147,"column":null}},"74":{"start":{"line":148,"column":8},"end":{"line":167,"column":null}},"75":{"start":{"line":150,"column":10},"end":{"line":150,"column":null}},"76":{"start":{"line":150,"column":38},"end":{"line":150,"column":null}},"77":{"start":{"line":151,"column":21},"end":{"line":151,"column":null}},"78":{"start":{"line":152,"column":21},"end":{"line":152,"column":null}},"79":{"start":{"line":153,"column":23},"end":{"line":153,"column":null}},"80":{"start":{"line":154,"column":24},"end":{"line":154,"column":null}},"81":{"start":{"line":155,"column":24},"end":{"line":155,"column":null}},"82":{"start":{"line":156,"column":10},"end":{"line":156,"column":null}},"83":{"start":{"line":157,"column":10},"end":{"line":157,"column":null}},"84":{"start":{"line":160,"column":10},"end":{"line":160,"column":null}},"85":{"start":{"line":160,"column":41},"end":{"line":160,"column":null}},"86":{"start":{"line":161,"column":21},"end":{"line":161,"column":null}},"87":{"start":{"line":162,"column":21},"end":{"line":162,"column":null}},"88":{"start":{"line":163,"column":24},"end":{"line":163,"column":null}},"89":{"start":{"line":164,"column":10},"end":{"line":164,"column":null}},"90":{"start":{"line":165,"column":10},"end":{"line":165,"column":null}},"91":{"start":{"line":166,"column":10},"end":{"line":166,"column":null}},"92":{"start":{"line":170,"column":4},"end":{"line":185,"column":null}},"93":{"start":{"line":171,"column":6},"end":{"line":184,"column":null}},"94":{"start":{"line":172,"column":26},"end":{"line":172,"column":null}},"95":{"start":{"line":173,"column":8},"end":{"line":183,"column":null}},"96":{"start":{"line":175,"column":10},"end":{"line":175,"column":null}},"97":{"start":{"line":176,"column":10},"end":{"line":176,"column":null}},"98":{"start":{"line":177,"column":10},"end":{"line":177,"column":null}},"99":{"start":{"line":180,"column":10},"end":{"line":180,"column":null}},"100":{"start":{"line":181,"column":10},"end":{"line":181,"column":null}},"101":{"start":{"line":182,"column":10},"end":{"line":182,"column":null}},"102":{"start":{"line":187,"column":4},"end":{"line":187,"column":null}},"103":{"start":{"line":188,"column":4},"end":{"line":188,"column":null}},"104":{"start":{"line":188,"column":32},"end":{"line":188,"column":43}},"105":{"start":{"line":192,"column":4},"end":{"line":195,"column":null}},"106":{"start":{"line":193,"column":6},"end":{"line":193,"column":null}},"107":{"start":{"line":194,"column":6},"end":{"line":194,"column":null}},"108":{"start":{"line":199,"column":23},"end":{"line":199,"column":null}},"109":{"start":{"line":200,"column":27},"end":{"line":200,"column":null}},"110":{"start":{"line":202,"column":4},"end":{"line":202,"column":null}},"111":{"start":{"line":202,"column":20},"end":{"line":202,"column":null}},"112":{"start":{"line":203,"column":4},"end":{"line":203,"column":null}},"113":{"start":{"line":203,"column":24},"end":{"line":203,"column":null}},"114":{"start":{"line":205,"column":4},"end":{"line":205,"column":null}},"115":{"start":{"line":206,"column":4},"end":{"line":206,"column":null}},"116":{"start":{"line":207,"column":4},"end":{"line":207,"column":null}},"117":{"start":{"line":208,"column":4},"end":{"line":208,"column":null}},"118":{"start":{"line":209,"column":4},"end":{"line":209,"column":null}},"119":{"start":{"line":210,"column":4},"end":{"line":210,"column":null}},"120":{"start":{"line":211,"column":4},"end":{"line":211,"column":null}},"121":{"start":{"line":212,"column":4},"end":{"line":212,"column":null}},"122":{"start":{"line":213,"column":4},"end":{"line":213,"column":null}},"123":{"start":{"line":214,"column":4},"end":{"line":214,"column":null}},"124":{"start":{"line":215,"column":4},"end":{"line":215,"column":null}},"125":{"start":{"line":218,"column":17},"end":{"line":218,"column":null}},"126":{"start":{"line":219,"column":4},"end":{"line":219,"column":null}},"127":{"start":{"line":219,"column":15},"end":{"line":219,"column":null}},"128":{"start":{"line":221,"column":4},"end":{"line":228,"column":null}},"129":{"start":{"line":230,"column":4},"end":{"line":230,"column":null}},"130":{"start":{"line":231,"column":4},"end":{"line":231,"column":null}},"131":{"start":{"line":232,"column":4},"end":{"line":232,"column":null}},"132":{"start":{"line":233,"column":4},"end":{"line":233,"column":null}},"133":{"start":{"line":234,"column":4},"end":{"line":234,"column":null}},"134":{"start":{"line":235,"column":4},"end":{"line":235,"column":null}},"135":{"start":{"line":236,"column":4},"end":{"line":236,"column":null}},"136":{"start":{"line":238,"column":19},"end":{"line":238,"column":null}},"137":{"start":{"line":239,"column":19},"end":{"line":239,"column":null}},"138":{"start":{"line":240,"column":21},"end":{"line":240,"column":null}},"139":{"start":{"line":243,"column":4},"end":{"line":276,"column":null}},"140":{"start":{"line":243,"column":17},"end":{"line":243,"column":20}},"141":{"start":{"line":244,"column":15},"end":{"line":244,"column":18}},"142":{"start":{"line":244,"column":23},"end":{"line":244,"column":26}},"143":{"start":{"line":244,"column":31},"end":{"line":244,"column":35}},"144":{"start":{"line":244,"column":40},"end":{"line":244,"column":null}},"145":{"start":{"line":245,"column":21},"end":{"line":245,"column":null}},"146":{"start":{"line":246,"column":18},"end":{"line":246,"column":null}},"147":{"start":{"line":247,"column":26},"end":{"line":247,"column":null}},"148":{"start":{"line":249,"column":6},"end":{"line":271,"column":null}},"149":{"start":{"line":250,"column":8},"end":{"line":250,"column":null}},"150":{"start":{"line":251,"column":8},"end":{"line":251,"column":null}},"151":{"start":{"line":252,"column":8},"end":{"line":252,"column":null}},"152":{"start":{"line":253,"column":8},"end":{"line":253,"column":null}},"153":{"start":{"line":254,"column":8},"end":{"line":254,"column":null}},"154":{"start":{"line":257,"column":8},"end":{"line":257,"column":null}},"155":{"start":{"line":257,"column":67},"end":{"line":257,"column":null}},"156":{"start":{"line":260,"column":23},"end":{"line":260,"column":null}},"157":{"start":{"line":261,"column":8},"end":{"line":268,"column":null}},"158":{"start":{"line":262,"column":23},"end":{"line":262,"column":null}},"159":{"start":{"line":263,"column":16},"end":{"line":263,"column":null}},"160":{"start":{"line":264,"column":10},"end":{"line":267,"column":null}},"161":{"start":{"line":265,"column":12},"end":{"line":265,"column":null}},"162":{"start":{"line":266,"column":12},"end":{"line":266,"column":null}},"163":{"start":{"line":270,"column":8},"end":{"line":270,"column":null}},"164":{"start":{"line":270,"column":23},"end":{"line":270,"column":null}},"165":{"start":{"line":273,"column":6},"end":{"line":275,"column":null}},"166":{"start":{"line":274,"column":8},"end":{"line":274,"column":null}},"167":{"start":{"line":278,"column":4},"end":{"line":278,"column":null}},"168":{"start":{"line":281,"column":4},"end":{"line":281,"column":null}},"169":{"start":{"line":286,"column":15},"end":{"line":286,"column":null}},"170":{"start":{"line":287,"column":4},"end":{"line":287,"column":null}},"171":{"start":{"line":287,"column":17},"end":{"line":287,"column":20}},"172":{"start":{"line":287,"column":32},"end":{"line":287,"column":null}},"173":{"start":{"line":288,"column":4},"end":{"line":288,"column":null}},"174":{"start":{"line":289,"column":4},"end":{"line":289,"column":null}},"175":{"start":{"line":290,"column":4},"end":{"line":290,"column":null}},"176":{"start":{"line":295,"column":4},"end":{"line":295,"column":null}},"177":{"start":{"line":298,"column":17},"end":{"line":298,"column":null}},"178":{"start":{"line":299,"column":4},"end":{"line":299,"column":null}},"179":{"start":{"line":302,"column":42},"end":{"line":302,"column":null}},"180":{"start":{"line":303,"column":4},"end":{"line":306,"column":null}},"181":{"start":{"line":304,"column":16},"end":{"line":304,"column":null}},"182":{"start":{"line":305,"column":6},"end":{"line":305,"column":null}},"183":{"start":{"line":309,"column":24},"end":{"line":309,"column":null}},"184":{"start":{"line":310,"column":18},"end":{"line":310,"column":null}},"185":{"start":{"line":311,"column":4},"end":{"line":311,"column":null}},"186":{"start":{"line":314,"column":17},"end":{"line":314,"column":null}},"187":{"start":{"line":315,"column":4},"end":{"line":315,"column":null}},"188":{"start":{"line":319,"column":4},"end":{"line":319,"column":null}},"189":{"start":{"line":323,"column":4},"end":{"line":323,"column":null}},"190":{"start":{"line":325,"column":10},"end":{"line":330,"column":null}},"191":{"start":{"line":332,"column":4},"end":{"line":332,"column":null}},"192":{"start":{"line":333,"column":4},"end":{"line":333,"column":null}},"193":{"start":{"line":335,"column":4},"end":{"line":335,"column":null}},"194":{"start":{"line":339,"column":27},"end":{"line":339,"column":null}},"195":{"start":{"line":340,"column":23},"end":{"line":340,"column":null}},"196":{"start":{"line":342,"column":4},"end":{"line":342,"column":null}},"197":{"start":{"line":342,"column":24},"end":{"line":342,"column":null}},"198":{"start":{"line":343,"column":4},"end":{"line":343,"column":null}},"199":{"start":{"line":343,"column":20},"end":{"line":343,"column":null}},"200":{"start":{"line":345,"column":4},"end":{"line":345,"column":null}},"201":{"start":{"line":349,"column":4},"end":{"line":349,"column":null}},"202":{"start":{"line":349,"column":53},"end":{"line":349,"column":null}},"203":{"start":{"line":351,"column":4},"end":{"line":395,"column":null}},"204":{"start":{"line":352,"column":6},"end":{"line":352,"column":null}},"205":{"start":{"line":353,"column":19},"end":{"line":353,"column":null}},"206":{"start":{"line":355,"column":6},"end":{"line":394,"column":null}},"207":{"start":{"line":357,"column":10},"end":{"line":357,"column":null}},"208":{"start":{"line":358,"column":10},"end":{"line":358,"column":null}},"209":{"start":{"line":359,"column":10},"end":{"line":359,"column":null}},"210":{"start":{"line":361,"column":10},"end":{"line":361,"column":null}},"211":{"start":{"line":362,"column":10},"end":{"line":362,"column":null}},"212":{"start":{"line":363,"column":10},"end":{"line":363,"column":null}},"213":{"start":{"line":365,"column":10},"end":{"line":365,"column":null}},"214":{"start":{"line":366,"column":10},"end":{"line":366,"column":null}},"215":{"start":{"line":367,"column":10},"end":{"line":367,"column":null}},"216":{"start":{"line":369,"column":10},"end":{"line":385,"column":null}},"217":{"start":{"line":369,"column":23},"end":{"line":369,"column":26}},"218":{"start":{"line":370,"column":25},"end":{"line":370,"column":null}},"219":{"start":{"line":371,"column":25},"end":{"line":382,"column":null}},"220":{"start":{"line":383,"column":12},"end":{"line":383,"column":null}},"221":{"start":{"line":384,"column":12},"end":{"line":384,"column":null}},"222":{"start":{"line":386,"column":10},"end":{"line":386,"column":null}},"223":{"start":{"line":387,"column":10},"end":{"line":387,"column":null}},"224":{"start":{"line":390,"column":10},"end":{"line":390,"column":null}},"225":{"start":{"line":391,"column":10},"end":{"line":391,"column":null}},"226":{"start":{"line":392,"column":10},"end":{"line":392,"column":null}},"227":{"start":{"line":393,"column":10},"end":{"line":393,"column":null}},"228":{"start":{"line":399,"column":15},"end":{"line":399,"column":null}},"229":{"start":{"line":400,"column":4},"end":{"line":400,"column":null}},"230":{"start":{"line":405,"column":26},"end":{"line":405,"column":null}},"231":{"start":{"line":406,"column":4},"end":{"line":406,"column":null}},"232":{"start":{"line":406,"column":48},"end":{"line":406,"column":null}},"233":{"start":{"line":409,"column":39},"end":{"line":409,"column":null}},"234":{"start":{"line":410,"column":4},"end":{"line":410,"column":null}},"235":{"start":{"line":410,"column":43},"end":{"line":410,"column":null}},"236":{"start":{"line":413,"column":22},"end":{"line":413,"column":null}},"237":{"start":{"line":414,"column":24},"end":{"line":414,"column":null}},"238":{"start":{"line":416,"column":4},"end":{"line":418,"column":null}},"239":{"start":{"line":416,"column":17},"end":{"line":416,"column":20}},"240":{"start":{"line":417,"column":6},"end":{"line":417,"column":null}},"241":{"start":{"line":422,"column":18},"end":{"line":422,"column":null}},"242":{"start":{"line":423,"column":4},"end":{"line":423,"column":null}},"243":{"start":{"line":424,"column":4},"end":{"line":424,"column":null}},"244":{"start":{"line":428,"column":4},"end":{"line":428,"column":null}},"245":{"start":{"line":428,"column":53},"end":{"line":428,"column":null}},"246":{"start":{"line":430,"column":14},"end":{"line":430,"column":null}},"247":{"start":{"line":432,"column":4},"end":{"line":432,"column":null}},"248":{"start":{"line":435,"column":10},"end":{"line":435,"column":null}},"249":{"start":{"line":436,"column":4},"end":{"line":436,"column":null}},"250":{"start":{"line":437,"column":4},"end":{"line":437,"column":null}},"251":{"start":{"line":438,"column":4},"end":{"line":438,"column":null}},"252":{"start":{"line":441,"column":4},"end":{"line":441,"column":null}},"253":{"start":{"line":442,"column":4},"end":{"line":442,"column":null}},"254":{"start":{"line":445,"column":4},"end":{"line":445,"column":null}},"255":{"start":{"line":448,"column":10},"end":{"line":455,"column":null}},"256":{"start":{"line":456,"column":4},"end":{"line":456,"column":null}},"257":{"start":{"line":457,"column":4},"end":{"line":457,"column":null}},"258":{"start":{"line":458,"column":4},"end":{"line":458,"column":null}},"259":{"start":{"line":459,"column":4},"end":{"line":459,"column":null}},"260":{"start":{"line":462,"column":10},"end":{"line":468,"column":null}},"261":{"start":{"line":467,"column":46},"end":{"line":467,"column":63}},"262":{"start":{"line":470,"column":4},"end":{"line":472,"column":null}},"263":{"start":{"line":471,"column":6},"end":{"line":471,"column":null}},"264":{"start":{"line":475,"column":4},"end":{"line":639,"column":null}},"265":{"start":{"line":476,"column":6},"end":{"line":480,"column":null}},"266":{"start":{"line":477,"column":8},"end":{"line":478,"column":null}},"267":{"start":{"line":482,"column":16},"end":{"line":482,"column":null}},"268":{"start":{"line":483,"column":21},"end":{"line":483,"column":null}},"269":{"start":{"line":484,"column":6},"end":{"line":484,"column":null}},"270":{"start":{"line":484,"column":18},"end":{"line":484,"column":null}},"271":{"start":{"line":487,"column":6},"end":{"line":498,"column":null}},"272":{"start":{"line":488,"column":14},"end":{"line":488,"column":null}},"273":{"start":{"line":489,"column":8},"end":{"line":496,"column":null}},"274":{"start":{"line":490,"column":10},"end":{"line":490,"column":null}},"275":{"start":{"line":491,"column":10},"end":{"line":495,"column":null}},"276":{"start":{"line":492,"column":12},"end":{"line":494,"column":null}},"277":{"start":{"line":493,"column":14},"end":{"line":493,"column":null}},"278":{"start":{"line":497,"column":8},"end":{"line":497,"column":null}},"279":{"start":{"line":500,"column":6},"end":{"line":638,"column":null}},"280":{"start":{"line":501,"column":14},"end":{"line":501,"column":null}},"281":{"start":{"line":503,"column":8},"end":{"line":637,"column":null}},"282":{"start":{"line":505,"column":10},"end":{"line":526,"column":null}},"283":{"start":{"line":506,"column":12},"end":{"line":525,"column":null}},"284":{"start":{"line":507,"column":27},"end":{"line":518,"column":null}},"285":{"start":{"line":519,"column":14},"end":{"line":519,"column":null}},"286":{"start":{"line":519,"column":38},"end":{"line":519,"column":null}},"287":{"start":{"line":520,"column":14},"end":{"line":520,"column":null}},"288":{"start":{"line":520,"column":36},"end":{"line":520,"column":null}},"289":{"start":{"line":521,"column":14},"end":{"line":521,"column":null}},"290":{"start":{"line":521,"column":35},"end":{"line":521,"column":null}},"291":{"start":{"line":522,"column":14},"end":{"line":522,"column":null}},"292":{"start":{"line":522,"column":42},"end":{"line":522,"column":null}},"293":{"start":{"line":523,"column":14},"end":{"line":523,"column":null}},"294":{"start":{"line":523,"column":38},"end":{"line":523,"column":null}},"295":{"start":{"line":524,"column":14},"end":{"line":524,"column":null}},"296":{"start":{"line":529,"column":10},"end":{"line":546,"column":null}},"297":{"start":{"line":530,"column":12},"end":{"line":545,"column":null}},"298":{"start":{"line":531,"column":31},"end":{"line":541,"column":null}},"299":{"start":{"line":542,"column":14},"end":{"line":542,"column":null}},"300":{"start":{"line":542,"column":40},"end":{"line":542,"column":null}},"301":{"start":{"line":543,"column":14},"end":{"line":543,"column":null}},"302":{"start":{"line":543,"column":38},"end":{"line":543,"column":null}},"303":{"start":{"line":544,"column":14},"end":{"line":544,"column":null}},"304":{"start":{"line":549,"column":10},"end":{"line":634,"column":null}},"305":{"start":{"line":550,"column":94},"end":{"line":550,"column":null}},"306":{"start":{"line":553,"column":12},"end":{"line":570,"column":null}},"307":{"start":{"line":553,"column":25},"end":{"line":553,"column":28}},"308":{"start":{"line":554,"column":27},"end":{"line":554,"column":null}},"309":{"start":{"line":555,"column":30},"end":{"line":555,"column":null}},"310":{"start":{"line":556,"column":14},"end":{"line":559,"column":null}},"311":{"start":{"line":557,"column":22},"end":{"line":557,"column":null}},"312":{"start":{"line":558,"column":16},"end":{"line":558,"column":null}},"313":{"start":{"line":560,"column":34},"end":{"line":560,"column":null}},"314":{"start":{"line":561,"column":14},"end":{"line":569,"column":null}},"315":{"start":{"line":573,"column":12},"end":{"line":590,"column":null}},"316":{"start":{"line":574,"column":32},"end":{"line":574,"column":null}},"317":{"start":{"line":575,"column":31},"end":{"line":575,"column":null}},"318":{"start":{"line":576,"column":14},"end":{"line":589,"column":null}},"319":{"start":{"line":576,"column":27},"end":{"line":576,"column":30}},"320":{"start":{"line":577,"column":29},"end":{"line":577,"column":null}},"321":{"start":{"line":578,"column":36},"end":{"line":578,"column":null}},"322":{"start":{"line":579,"column":22},"end":{"line":579,"column":null}},"323":{"start":{"line":580,"column":34},"end":{"line":580,"column":null}},"324":{"start":{"line":581,"column":16},"end":{"line":588,"column":null}},"325":{"start":{"line":593,"column":12},"end":{"line":612,"column":null}},"326":{"start":{"line":594,"column":14},"end":{"line":611,"column":null}},"327":{"start":{"line":594,"column":27},"end":{"line":594,"column":30}},"328":{"start":{"line":595,"column":22},"end":{"line":595,"column":null}},"329":{"start":{"line":596,"column":30},"end":{"line":596,"column":null}},"330":{"start":{"line":597,"column":30},"end":{"line":597,"column":null}},"331":{"start":{"line":598,"column":29},"end":{"line":609,"column":null}},"332":{"start":{"line":610,"column":16},"end":{"line":610,"column":null}},"333":{"start":{"line":615,"column":12},"end":{"line":633,"column":null}},"334":{"start":{"line":616,"column":14},"end":{"line":632,"column":null}},"335":{"start":{"line":617,"column":29},"end":{"line":617,"column":null}},"336":{"start":{"line":618,"column":16},"end":{"line":631,"column":null}},"337":{"start":{"line":619,"column":28},"end":{"line":619,"column":null}},"338":{"start":{"line":620,"column":28},"end":{"line":620,"column":null}},"339":{"start":{"line":621,"column":18},"end":{"line":621,"column":null}},"340":{"start":{"line":621,"column":50},"end":{"line":621,"column":null}},"341":{"start":{"line":622,"column":18},"end":{"line":622,"column":null}},"342":{"start":{"line":622,"column":51},"end":{"line":622,"column":null}},"343":{"start":{"line":623,"column":18},"end":{"line":623,"column":null}},"344":{"start":{"line":623,"column":50},"end":{"line":623,"column":null}},"345":{"start":{"line":624,"column":18},"end":{"line":624,"column":null}},"346":{"start":{"line":624,"column":51},"end":{"line":624,"column":null}},"347":{"start":{"line":625,"column":37},"end":{"line":625,"column":null}},"348":{"start":{"line":626,"column":34},"end":{"line":626,"column":null}},"349":{"start":{"line":627,"column":18},"end":{"line":627,"column":null}},"350":{"start":{"line":627,"column":43},"end":{"line":627,"column":null}},"351":{"start":{"line":628,"column":18},"end":{"line":630,"column":null}},"352":{"start":{"line":629,"column":20},"end":{"line":629,"column":null}},"353":{"start":{"line":636,"column":10},"end":{"line":636,"column":null}},"354":{"start":{"line":642,"column":4},"end":{"line":642,"column":null}},"355":{"start":{"line":642,"column":37},"end":{"line":642,"column":50}},"356":{"start":{"line":645,"column":4},"end":{"line":655,"column":null}},"357":{"start":{"line":646,"column":6},"end":{"line":654,"column":null}},"358":{"start":{"line":647,"column":8},"end":{"line":653,"column":null}},"359":{"start":{"line":658,"column":4},"end":{"line":665,"column":null}},"360":{"start":{"line":659,"column":6},"end":{"line":659,"column":null}},"361":{"start":{"line":662,"column":6},"end":{"line":664,"column":null}},"362":{"start":{"line":663,"column":8},"end":{"line":663,"column":null}},"363":{"start":{"line":668,"column":4},"end":{"line":668,"column":null}},"364":{"start":{"line":668,"column":30},"end":{"line":668,"column":74}},"365":{"start":{"line":671,"column":4},"end":{"line":681,"column":null}},"366":{"start":{"line":672,"column":6},"end":{"line":680,"column":null}},"367":{"start":{"line":673,"column":8},"end":{"line":673,"column":null}},"368":{"start":{"line":673,"column":89},"end":{"line":673,"column":null}},"369":{"start":{"line":675,"column":8},"end":{"line":679,"column":null}},"370":{"start":{"line":676,"column":10},"end":{"line":676,"column":null}},"371":{"start":{"line":677,"column":10},"end":{"line":677,"column":null}},"372":{"start":{"line":678,"column":10},"end":{"line":678,"column":null}},"373":{"start":{"line":678,"column":25},"end":{"line":678,"column":null}},"374":{"start":{"line":684,"column":4},"end":{"line":761,"column":null}},"375":{"start":{"line":685,"column":6},"end":{"line":760,"column":null}},"376":{"start":{"line":687,"column":8},"end":{"line":696,"column":null}},"377":{"start":{"line":688,"column":10},"end":{"line":691,"column":null}},"378":{"start":{"line":689,"column":12},"end":{"line":689,"column":null}},"379":{"start":{"line":690,"column":12},"end":{"line":690,"column":null}},"380":{"start":{"line":692,"column":10},"end":{"line":692,"column":null}},"381":{"start":{"line":693,"column":10},"end":{"line":693,"column":null}},"382":{"start":{"line":694,"column":10},"end":{"line":694,"column":null}},"383":{"start":{"line":695,"column":10},"end":{"line":695,"column":null}},"384":{"start":{"line":695,"column":25},"end":{"line":695,"column":null}},"385":{"start":{"line":699,"column":8},"end":{"line":759,"column":null}},"386":{"start":{"line":700,"column":10},"end":{"line":758,"column":null}},"387":{"start":{"line":702,"column":12},"end":{"line":702,"column":null}},"388":{"start":{"line":703,"column":12},"end":{"line":703,"column":null}},"389":{"start":{"line":706,"column":12},"end":{"line":730,"column":null}},"390":{"start":{"line":707,"column":14},"end":{"line":707,"column":null}},"391":{"start":{"line":708,"column":14},"end":{"line":708,"column":null}},"392":{"start":{"line":711,"column":14},"end":{"line":729,"column":null}},"393":{"start":{"line":712,"column":16},"end":{"line":728,"column":null}},"394":{"start":{"line":712,"column":29},"end":{"line":712,"column":32}},"395":{"start":{"line":713,"column":33},"end":{"line":713,"column":null}},"396":{"start":{"line":714,"column":36},"end":{"line":725,"column":null}},"397":{"start":{"line":726,"column":18},"end":{"line":726,"column":null}},"398":{"start":{"line":727,"column":18},"end":{"line":727,"column":null}},"399":{"start":{"line":733,"column":12},"end":{"line":743,"column":null}},"400":{"start":{"line":734,"column":14},"end":{"line":741,"column":null}},"401":{"start":{"line":735,"column":16},"end":{"line":740,"column":null}},"402":{"start":{"line":736,"column":31},"end":{"line":736,"column":null}},"403":{"start":{"line":737,"column":18},"end":{"line":739,"column":null}},"404":{"start":{"line":738,"column":20},"end":{"line":738,"column":null}},"405":{"start":{"line":742,"column":14},"end":{"line":742,"column":null}},"406":{"start":{"line":746,"column":12},"end":{"line":751,"column":null}},"407":{"start":{"line":747,"column":30},"end":{"line":747,"column":null}},"408":{"start":{"line":748,"column":30},"end":{"line":748,"column":null}},"409":{"start":{"line":749,"column":14},"end":{"line":749,"column":null}},"410":{"start":{"line":750,"column":14},"end":{"line":750,"column":null}},"411":{"start":{"line":753,"column":12},"end":{"line":753,"column":null}},"412":{"start":{"line":754,"column":12},"end":{"line":757,"column":null}},"413":{"start":{"line":755,"column":14},"end":{"line":755,"column":null}},"414":{"start":{"line":756,"column":14},"end":{"line":756,"column":null}},"415":{"start":{"line":764,"column":4},"end":{"line":822,"column":null}},"416":{"start":{"line":765,"column":6},"end":{"line":792,"column":null}},"417":{"start":{"line":766,"column":8},"end":{"line":791,"column":null}},"418":{"start":{"line":768,"column":10},"end":{"line":768,"column":null}},"419":{"start":{"line":769,"column":10},"end":{"line":769,"column":null}},"420":{"start":{"line":772,"column":10},"end":{"line":772,"column":null}},"421":{"start":{"line":775,"column":10},"end":{"line":784,"column":null}},"422":{"start":{"line":776,"column":12},"end":{"line":783,"column":null}},"423":{"start":{"line":777,"column":14},"end":{"line":782,"column":null}},"424":{"start":{"line":778,"column":29},"end":{"line":778,"column":null}},"425":{"start":{"line":779,"column":16},"end":{"line":781,"column":null}},"426":{"start":{"line":780,"column":18},"end":{"line":780,"column":null}},"427":{"start":{"line":786,"column":10},"end":{"line":786,"column":null}},"428":{"start":{"line":787,"column":10},"end":{"line":790,"column":null}},"429":{"start":{"line":788,"column":12},"end":{"line":788,"column":null}},"430":{"start":{"line":789,"column":12},"end":{"line":789,"column":null}},"431":{"start":{"line":795,"column":6},"end":{"line":804,"column":null}},"432":{"start":{"line":796,"column":8},"end":{"line":803,"column":null}},"433":{"start":{"line":797,"column":10},"end":{"line":802,"column":null}},"434":{"start":{"line":798,"column":25},"end":{"line":798,"column":null}},"435":{"start":{"line":799,"column":12},"end":{"line":801,"column":null}},"436":{"start":{"line":800,"column":14},"end":{"line":800,"column":null}},"437":{"start":{"line":807,"column":6},"end":{"line":821,"column":null}},"438":{"start":{"line":808,"column":8},"end":{"line":808,"column":null}},"439":{"start":{"line":811,"column":8},"end":{"line":820,"column":null}},"440":{"start":{"line":812,"column":10},"end":{"line":819,"column":null}},"441":{"start":{"line":813,"column":12},"end":{"line":818,"column":null}},"442":{"start":{"line":814,"column":27},"end":{"line":814,"column":null}},"443":{"start":{"line":815,"column":14},"end":{"line":817,"column":null}},"444":{"start":{"line":816,"column":16},"end":{"line":816,"column":null}},"445":{"start":{"line":825,"column":4},"end":{"line":850,"column":null}},"446":{"start":{"line":826,"column":6},"end":{"line":849,"column":null}},"447":{"start":{"line":828,"column":14},"end":{"line":828,"column":null}},"448":{"start":{"line":829,"column":8},"end":{"line":829,"column":null}},"449":{"start":{"line":830,"column":8},"end":{"line":830,"column":null}},"450":{"start":{"line":833,"column":8},"end":{"line":848,"column":null}},"451":{"start":{"line":834,"column":10},"end":{"line":834,"column":null}},"452":{"start":{"line":836,"column":16},"end":{"line":836,"column":null}},"453":{"start":{"line":837,"column":10},"end":{"line":839,"column":null}},"454":{"start":{"line":838,"column":12},"end":{"line":838,"column":null}},"455":{"start":{"line":841,"column":10},"end":{"line":847,"column":null}},"456":{"start":{"line":842,"column":12},"end":{"line":842,"column":null}},"457":{"start":{"line":842,"column":43},"end":{"line":842,"column":64}},"458":{"start":{"line":843,"column":10},"end":{"line":847,"column":null}},"459":{"start":{"line":844,"column":12},"end":{"line":844,"column":null}},"460":{"start":{"line":845,"column":10},"end":{"line":847,"column":null}},"461":{"start":{"line":846,"column":12},"end":{"line":846,"column":null}},"462":{"start":{"line":853,"column":25},"end":{"line":861,"column":null}},"463":{"start":{"line":854,"column":21},"end":{"line":854,"column":null}},"464":{"start":{"line":855,"column":6},"end":{"line":859,"column":null}},"465":{"start":{"line":855,"column":19},"end":{"line":855,"column":22}},"466":{"start":{"line":856,"column":8},"end":{"line":858,"column":null}},"467":{"start":{"line":857,"column":10},"end":{"line":857,"column":null}},"468":{"start":{"line":860,"column":6},"end":{"line":860,"column":null}},"469":{"start":{"line":863,"column":4},"end":{"line":863,"column":null}},"470":{"start":{"line":864,"column":4},"end":{"line":864,"column":null}},"471":{"start":{"line":865,"column":4},"end":{"line":865,"column":null}},"472":{"start":{"line":866,"column":4},"end":{"line":866,"column":null}},"473":{"start":{"line":869,"column":4},"end":{"line":869,"column":null}},"474":{"start":{"line":869,"column":33},"end":{"line":869,"column":44}},"475":{"start":{"line":870,"column":4},"end":{"line":870,"column":null}},"476":{"start":{"line":873,"column":22},"end":{"line":873,"column":null}},"477":{"start":{"line":874,"column":4},"end":{"line":878,"column":null}},"478":{"start":{"line":874,"column":17},"end":{"line":874,"column":20}},"479":{"start":{"line":875,"column":6},"end":{"line":877,"column":null}},"480":{"start":{"line":876,"column":8},"end":{"line":876,"column":null}},"481":{"start":{"line":879,"column":4},"end":{"line":879,"column":null}},"482":{"start":{"line":882,"column":4},"end":{"line":882,"column":null}},"483":{"start":{"line":883,"column":4},"end":{"line":883,"column":null}},"484":{"start":{"line":884,"column":4},"end":{"line":884,"column":null}},"485":{"start":{"line":887,"column":4},"end":{"line":889,"column":null}},"486":{"start":{"line":888,"column":6},"end":{"line":888,"column":null}},"487":{"start":{"line":892,"column":4},"end":{"line":892,"column":null}},"488":{"start":{"line":896,"column":4},"end":{"line":896,"column":null}},"489":{"start":{"line":897,"column":4},"end":{"line":897,"column":null}},"490":{"start":{"line":899,"column":4},"end":{"line":899,"column":null}},"491":{"start":{"line":901,"column":4},"end":{"line":925,"column":null}},"492":{"start":{"line":902,"column":6},"end":{"line":902,"column":null}},"493":{"start":{"line":903,"column":6},"end":{"line":903,"column":null}},"494":{"start":{"line":904,"column":6},"end":{"line":904,"column":null}},"495":{"start":{"line":906,"column":6},"end":{"line":906,"column":null}},"496":{"start":{"line":906,"column":29},"end":{"line":906,"column":null}},"497":{"start":{"line":908,"column":6},"end":{"line":908,"column":null}},"498":{"start":{"line":911,"column":28},"end":{"line":911,"column":null}},"499":{"start":{"line":912,"column":6},"end":{"line":912,"column":null}},"500":{"start":{"line":915,"column":6},"end":{"line":915,"column":null}},"501":{"start":{"line":918,"column":6},"end":{"line":924,"column":null}},"502":{"start":{"line":919,"column":8},"end":{"line":919,"column":null}},"503":{"start":{"line":920,"column":6},"end":{"line":924,"column":null}},"504":{"start":{"line":921,"column":8},"end":{"line":921,"column":null}},"505":{"start":{"line":923,"column":8},"end":{"line":923,"column":null}},"506":{"start":{"line":929,"column":17},"end":{"line":929,"column":null}},"507":{"start":{"line":930,"column":4},"end":{"line":930,"column":null}},"508":{"start":{"line":931,"column":4},"end":{"line":931,"column":null}},"509":{"start":{"line":935,"column":4},"end":{"line":935,"column":null}},"510":{"start":{"line":935,"column":22},"end":{"line":935,"column":null}},"511":{"start":{"line":937,"column":4},"end":{"line":937,"column":null}},"512":{"start":{"line":939,"column":17},"end":{"line":939,"column":null}},"513":{"start":{"line":940,"column":30},"end":{"line":940,"column":null}},"514":{"start":{"line":942,"column":4},"end":{"line":945,"column":null}},"515":{"start":{"line":943,"column":16},"end":{"line":943,"column":null}},"516":{"start":{"line":944,"column":6},"end":{"line":944,"column":null}},"517":{"start":{"line":944,"column":32},"end":{"line":944,"column":null}},"518":{"start":{"line":947,"column":4},"end":{"line":956,"column":null}},"519":{"start":{"line":952,"column":6},"end":{"line":954,"column":null}},"520":{"start":{"line":953,"column":8},"end":{"line":953,"column":null}},"521":{"start":{"line":955,"column":6},"end":{"line":955,"column":null}},"522":{"start":{"line":960,"column":4},"end":{"line":960,"column":null}},"523":{"start":{"line":960,"column":19},"end":{"line":960,"column":null}},"524":{"start":{"line":962,"column":16},"end":{"line":962,"column":null}},"525":{"start":{"line":963,"column":4},"end":{"line":963,"column":null}},"526":{"start":{"line":964,"column":4},"end":{"line":964,"column":null}},"527":{"start":{"line":966,"column":4},"end":{"line":966,"column":null}},"528":{"start":{"line":966,"column":38},"end":{"line":966,"column":null}},"529":{"start":{"line":968,"column":14},"end":{"line":968,"column":null}},"530":{"start":{"line":969,"column":15},"end":{"line":969,"column":null}},"531":{"start":{"line":970,"column":15},"end":{"line":970,"column":null}},"532":{"start":{"line":971,"column":15},"end":{"line":971,"column":null}},"533":{"start":{"line":972,"column":15},"end":{"line":972,"column":null}},"534":{"start":{"line":975,"column":21},"end":{"line":975,"column":null}},"535":{"start":{"line":976,"column":22},"end":{"line":976,"column":null}},"536":{"start":{"line":979,"column":4},"end":{"line":979,"column":null}},"537":{"start":{"line":980,"column":4},"end":{"line":984,"column":null}},"538":{"start":{"line":981,"column":6},"end":{"line":981,"column":null}},"539":{"start":{"line":982,"column":6},"end":{"line":982,"column":null}},"540":{"start":{"line":983,"column":6},"end":{"line":983,"column":null}},"541":{"start":{"line":987,"column":4},"end":{"line":987,"column":null}},"542":{"start":{"line":988,"column":4},"end":{"line":988,"column":null}},"543":{"start":{"line":991,"column":21},"end":{"line":991,"column":null}},"544":{"start":{"line":992,"column":20},"end":{"line":992,"column":null}},"545":{"start":{"line":993,"column":20},"end":{"line":993,"column":null}},"546":{"start":{"line":995,"column":4},"end":{"line":995,"column":null}},"547":{"start":{"line":996,"column":4},"end":{"line":996,"column":null}},"548":{"start":{"line":997,"column":4},"end":{"line":997,"column":null}},"549":{"start":{"line":998,"column":4},"end":{"line":1001,"column":null}},"550":{"start":{"line":998,"column":17},"end":{"line":998,"column":27}},"551":{"start":{"line":999,"column":6},"end":{"line":999,"column":null}},"552":{"start":{"line":1000,"column":6},"end":{"line":1000,"column":null}},"553":{"start":{"line":1002,"column":4},"end":{"line":1005,"column":null}},"554":{"start":{"line":1002,"column":17},"end":{"line":1002,"column":27}},"555":{"start":{"line":1003,"column":6},"end":{"line":1003,"column":null}},"556":{"start":{"line":1004,"column":6},"end":{"line":1004,"column":null}},"557":{"start":{"line":1006,"column":4},"end":{"line":1006,"column":null}},"558":{"start":{"line":1009,"column":4},"end":{"line":1009,"column":null}},"559":{"start":{"line":1009,"column":32},"end":{"line":1009,"column":59}},"560":{"start":{"line":1010,"column":4},"end":{"line":1010,"column":null}},"561":{"start":{"line":1010,"column":27},"end":{"line":1010,"column":54}},"562":{"start":{"line":1011,"column":4},"end":{"line":1011,"column":null}},"563":{"start":{"line":1011,"column":33},"end":{"line":1011,"column":61}},"564":{"start":{"line":1012,"column":4},"end":{"line":1012,"column":null}},"565":{"start":{"line":1012,"column":30},"end":{"line":1012,"column":57}},"566":{"start":{"line":1013,"column":4},"end":{"line":1013,"column":null}},"567":{"start":{"line":1013,"column":37},"end":{"line":1013,"column":67}},"568":{"start":{"line":1014,"column":4},"end":{"line":1014,"column":null}},"569":{"start":{"line":1014,"column":33},"end":{"line":1014,"column":61}},"570":{"start":{"line":1015,"column":4},"end":{"line":1015,"column":null}},"571":{"start":{"line":1018,"column":4},"end":{"line":1018,"column":null}},"572":{"start":{"line":1018,"column":33},"end":{"line":1018,"column":73}},"573":{"start":{"line":1019,"column":4},"end":{"line":1019,"column":null}},"574":{"start":{"line":1019,"column":33},"end":{"line":1019,"column":73}},"575":{"start":{"line":1020,"column":4},"end":{"line":1020,"column":null}},"576":{"start":{"line":1023,"column":23},"end":{"line":1023,"column":null}},"577":{"start":{"line":1024,"column":22},"end":{"line":1024,"column":null}},"578":{"start":{"line":1025,"column":23},"end":{"line":1025,"column":null}},"579":{"start":{"line":1028,"column":4},"end":{"line":1043,"column":null}},"580":{"start":{"line":1029,"column":6},"end":{"line":1029,"column":null}},"581":{"start":{"line":1030,"column":6},"end":{"line":1030,"column":null}},"582":{"start":{"line":1031,"column":6},"end":{"line":1031,"column":null}},"583":{"start":{"line":1032,"column":6},"end":{"line":1032,"column":null}},"584":{"start":{"line":1033,"column":6},"end":{"line":1033,"column":null}},"585":{"start":{"line":1034,"column":6},"end":{"line":1034,"column":null}},"586":{"start":{"line":1036,"column":6},"end":{"line":1036,"column":null}},"587":{"start":{"line":1037,"column":6},"end":{"line":1037,"column":null}},"588":{"start":{"line":1038,"column":23},"end":{"line":1038,"column":null}},"589":{"start":{"line":1039,"column":23},"end":{"line":1039,"column":null}},"590":{"start":{"line":1040,"column":6},"end":{"line":1040,"column":null}},"591":{"start":{"line":1041,"column":6},"end":{"line":1041,"column":null}},"592":{"start":{"line":1042,"column":6},"end":{"line":1042,"column":null}},"593":{"start":{"line":1046,"column":4},"end":{"line":1061,"column":null}},"594":{"start":{"line":1047,"column":6},"end":{"line":1047,"column":null}},"595":{"start":{"line":1048,"column":6},"end":{"line":1048,"column":null}},"596":{"start":{"line":1049,"column":6},"end":{"line":1049,"column":null}},"597":{"start":{"line":1050,"column":6},"end":{"line":1050,"column":null}},"598":{"start":{"line":1051,"column":6},"end":{"line":1051,"column":null}},"599":{"start":{"line":1052,"column":6},"end":{"line":1052,"column":null}},"600":{"start":{"line":1054,"column":6},"end":{"line":1054,"column":null}},"601":{"start":{"line":1055,"column":6},"end":{"line":1055,"column":null}},"602":{"start":{"line":1056,"column":23},"end":{"line":1056,"column":null}},"603":{"start":{"line":1057,"column":23},"end":{"line":1057,"column":null}},"604":{"start":{"line":1058,"column":6},"end":{"line":1058,"column":null}},"605":{"start":{"line":1059,"column":6},"end":{"line":1059,"column":null}},"606":{"start":{"line":1060,"column":6},"end":{"line":1060,"column":null}},"607":{"start":{"line":1064,"column":18},"end":{"line":1064,"column":null}},"608":{"start":{"line":1065,"column":4},"end":{"line":1065,"column":null}},"609":{"start":{"line":1066,"column":4},"end":{"line":1066,"column":null}},"610":{"start":{"line":1067,"column":4},"end":{"line":1067,"column":null}},"611":{"start":{"line":1068,"column":4},"end":{"line":1068,"column":null}},"612":{"start":{"line":1072,"column":4},"end":{"line":1072,"column":null}},"613":{"start":{"line":1072,"column":24},"end":{"line":1072,"column":null}},"614":{"start":{"line":1073,"column":4},"end":{"line":1073,"column":null}},"615":{"start":{"line":1073,"column":27},"end":{"line":1073,"column":null}},"616":{"start":{"line":1074,"column":22},"end":{"line":1074,"column":null}},"617":{"start":{"line":1075,"column":4},"end":{"line":1075,"column":null}},"618":{"start":{"line":1078,"column":4},"end":{"line":1078,"column":null}},"619":{"start":{"line":1079,"column":4},"end":{"line":1088,"column":null}},"620":{"start":{"line":1080,"column":6},"end":{"line":1080,"column":null}},"621":{"start":{"line":1081,"column":6},"end":{"line":1081,"column":null}},"622":{"start":{"line":1082,"column":6},"end":{"line":1082,"column":null}},"623":{"start":{"line":1085,"column":6},"end":{"line":1087,"column":null}},"624":{"start":{"line":1086,"column":8},"end":{"line":1086,"column":null}},"625":{"start":{"line":1090,"column":4},"end":{"line":1090,"column":null}},"626":{"start":{"line":1093,"column":4},"end":{"line":1095,"column":null}},"627":{"start":{"line":1094,"column":6},"end":{"line":1094,"column":null}},"628":{"start":{"line":1098,"column":4},"end":{"line":1101,"column":null}},"629":{"start":{"line":1099,"column":6},"end":{"line":1099,"column":null}},"630":{"start":{"line":1100,"column":6},"end":{"line":1100,"column":null}},"631":{"start":{"line":1103,"column":4},"end":{"line":1103,"column":null}},"632":{"start":{"line":1104,"column":4},"end":{"line":1104,"column":null}},"633":{"start":{"line":1104,"column":33},"end":{"line":1104,"column":45}},"634":{"start":{"line":1108,"column":20},"end":{"line":1108,"column":null}}},"fnMap":{"0":{"name":"(anonymous_0)","decl":{"start":{"line":80,"column":2},"end":{"line":80,"column":15}},"loc":{"start":{"line":80,"column":15},"end":{"line":189,"column":null}},"line":80},"1":{"name":"(anonymous_1)","decl":{"start":{"line":88,"column":22},"end":{"line":88,"column":28}},"loc":{"start":{"line":88,"column":28},"end":{"line":88,"column":null}},"line":88},"2":{"name":"(anonymous_2)","decl":{"start":{"line":94,"column":23},"end":{"line":94,"column":24}},"loc":{"start":{"line":94,"column":30},"end":{"line":97,"column":null}},"line":94},"3":{"name":"(anonymous_3)","decl":{"start":{"line":98,"column":21},"end":{"line":98,"column":22}},"loc":{"start":{"line":98,"column":28},"end":{"line":100,"column":null}},"line":98},"4":{"name":"(anonymous_4)","decl":{"start":{"line":103,"column":25},"end":{"line":103,"column":26}},"loc":{"start":{"line":103,"column":32},"end":{"line":114,"column":null}},"line":103},"5":{"name":"(anonymous_5)","decl":{"start":{"line":118,"column":25},"end":{"line":118,"column":26}},"loc":{"start":{"line":118,"column":63},"end":{"line":124,"column":null}},"line":118},"6":{"name":"(anonymous_6)","decl":{"start":{"line":125,"column":22},"end":{"line":125,"column":23}},"loc":{"start":{"line":125,"column":29},"end":{"line":142,"column":null}},"line":125},"7":{"name":"(anonymous_7)","decl":{"start":{"line":143,"column":21},"end":{"line":143,"column":22}},"loc":{"start":{"line":143,"column":28},"end":{"line":169,"column":null}},"line":143},"8":{"name":"(anonymous_8)","decl":{"start":{"line":170,"column":20},"end":{"line":170,"column":21}},"loc":{"start":{"line":170,"column":27},"end":{"line":185,"column":null}},"line":170},"9":{"name":"(anonymous_9)","decl":{"start":{"line":188,"column":26},"end":{"line":188,"column":32}},"loc":{"start":{"line":188,"column":32},"end":{"line":188,"column":43}},"line":188},"10":{"name":"(anonymous_10)","decl":{"start":{"line":191,"column":2},"end":{"line":191,"column":17}},"loc":{"start":{"line":191,"column":17},"end":{"line":196,"column":null}},"line":191},"11":{"name":"(anonymous_11)","decl":{"start":{"line":198,"column":2},"end":{"line":198,"column":16}},"loc":{"start":{"line":198,"column":16},"end":{"line":282,"column":null}},"line":198},"12":{"name":"(anonymous_12)","decl":{"start":{"line":284,"column":10},"end":{"line":284,"column":33}},"loc":{"start":{"line":284,"column":33},"end":{"line":291,"column":null}},"line":284},"13":{"name":"(anonymous_13)","decl":{"start":{"line":293,"column":10},"end":{"line":293,"column":28}},"loc":{"start":{"line":293,"column":28},"end":{"line":316,"column":null}},"line":293},"14":{"name":"(anonymous_14)","decl":{"start":{"line":318,"column":2},"end":{"line":318,"column":18}},"loc":{"start":{"line":318,"column":18},"end":{"line":320,"column":null}},"line":318},"15":{"name":"(anonymous_15)","decl":{"start":{"line":322,"column":2},"end":{"line":322,"column":11}},"loc":{"start":{"line":322,"column":34},"end":{"line":336,"column":null}},"line":322},"16":{"name":"(anonymous_16)","decl":{"start":{"line":338,"column":2},"end":{"line":338,"column":23}},"loc":{"start":{"line":338,"column":23},"end":{"line":346,"column":null}},"line":338},"17":{"name":"(anonymous_17)","decl":{"start":{"line":348,"column":2},"end":{"line":348,"column":21}},"loc":{"start":{"line":348,"column":21},"end":{"line":396,"column":null}},"line":348},"18":{"name":"(anonymous_18)","decl":{"start":{"line":398,"column":2},"end":{"line":398,"column":18}},"loc":{"start":{"line":398,"column":102},"end":{"line":401,"column":null}},"line":398},"19":{"name":"(anonymous_19)","decl":{"start":{"line":403,"column":2},"end":{"line":403,"column":17}},"loc":{"start":{"line":403,"column":63},"end":{"line":419,"column":null}},"line":403},"20":{"name":"(anonymous_20)","decl":{"start":{"line":421,"column":2},"end":{"line":421,"column":17}},"loc":{"start":{"line":421,"column":55},"end":{"line":425,"column":null}},"line":421},"21":{"name":"(anonymous_21)","decl":{"start":{"line":427,"column":2},"end":{"line":427,"column":17}},"loc":{"start":{"line":427,"column":17},"end":{"line":893,"column":null}},"line":427},"22":{"name":"(anonymous_22)","decl":{"start":{"line":467,"column":41},"end":{"line":467,"column":46}},"loc":{"start":{"line":467,"column":46},"end":{"line":467,"column":63}},"line":467},"23":{"name":"(anonymous_23)","decl":{"start":{"line":475,"column":22},"end":{"line":475,"column":27}},"loc":{"start":{"line":475,"column":27},"end":{"line":639,"column":5}},"line":475},"24":{"name":"(anonymous_24)","decl":{"start":{"line":491,"column":31},"end":{"line":491,"column":36}},"loc":{"start":{"line":491,"column":36},"end":{"line":495,"column":11}},"line":491},"25":{"name":"(anonymous_25)","decl":{"start":{"line":642,"column":29},"end":{"line":642,"column":37}},"loc":{"start":{"line":642,"column":37},"end":{"line":642,"column":50}},"line":642},"26":{"name":"(anonymous_26)","decl":{"start":{"line":645,"column":29},"end":{"line":645,"column":37}},"loc":{"start":{"line":645,"column":37},"end":{"line":655,"column":5}},"line":645},"27":{"name":"(anonymous_27)","decl":{"start":{"line":658,"column":27},"end":{"line":658,"column":33}},"loc":{"start":{"line":658,"column":33},"end":{"line":665,"column":5}},"line":658},"28":{"name":"(anonymous_28)","decl":{"start":{"line":668,"column":25},"end":{"line":668,"column":30}},"loc":{"start":{"line":668,"column":30},"end":{"line":668,"column":74}},"line":668},"29":{"name":"(anonymous_29)","decl":{"start":{"line":671,"column":25},"end":{"line":671,"column":30}},"loc":{"start":{"line":671,"column":30},"end":{"line":681,"column":5}},"line":671},"30":{"name":"(anonymous_30)","decl":{"start":{"line":684,"column":29},"end":{"line":684,"column":37}},"loc":{"start":{"line":684,"column":37},"end":{"line":761,"column":5}},"line":684},"31":{"name":"(anonymous_31)","decl":{"start":{"line":764,"column":27},"end":{"line":764,"column":33}},"loc":{"start":{"line":764,"column":33},"end":{"line":822,"column":5}},"line":764},"32":{"name":"(anonymous_32)","decl":{"start":{"line":825,"column":22},"end":{"line":825,"column":27}},"loc":{"start":{"line":825,"column":27},"end":{"line":850,"column":5}},"line":825},"33":{"name":"(anonymous_33)","decl":{"start":{"line":842,"column":37},"end":{"line":842,"column":43}},"loc":{"start":{"line":842,"column":43},"end":{"line":842,"column":64}},"line":842},"34":{"name":"(anonymous_34)","decl":{"start":{"line":853,"column":25},"end":{"line":853,"column":57}},"loc":{"start":{"line":853,"column":76},"end":{"line":861,"column":null}},"line":853},"35":{"name":"(anonymous_35)","decl":{"start":{"line":869,"column":27},"end":{"line":869,"column":33}},"loc":{"start":{"line":869,"column":33},"end":{"line":869,"column":44}},"line":869},"36":{"name":"(anonymous_36)","decl":{"start":{"line":895,"column":2},"end":{"line":895,"column":11}},"loc":{"start":{"line":895,"column":57},"end":{"line":926,"column":null}},"line":895},"37":{"name":"(anonymous_37)","decl":{"start":{"line":928,"column":2},"end":{"line":928,"column":20}},"loc":{"start":{"line":928,"column":20},"end":{"line":932,"column":null}},"line":928},"38":{"name":"(anonymous_38)","decl":{"start":{"line":934,"column":2},"end":{"line":934,"column":25}},"loc":{"start":{"line":934,"column":25},"end":{"line":957,"column":null}},"line":934},"39":{"name":"(anonymous_39)","decl":{"start":{"line":951,"column":7},"end":{"line":951,"column":8}},"loc":{"start":{"line":951,"column":15},"end":{"line":956,"column":5}},"line":951},"40":{"name":"(anonymous_40)","decl":{"start":{"line":959,"column":2},"end":{"line":959,"column":17}},"loc":{"start":{"line":959,"column":17},"end":{"line":1069,"column":null}},"line":959},"41":{"name":"(anonymous_41)","decl":{"start":{"line":1009,"column":27},"end":{"line":1009,"column":32}},"loc":{"start":{"line":1009,"column":32},"end":{"line":1009,"column":59}},"line":1009},"42":{"name":"(anonymous_42)","decl":{"start":{"line":1010,"column":22},"end":{"line":1010,"column":27}},"loc":{"start":{"line":1010,"column":27},"end":{"line":1010,"column":54}},"line":1010},"43":{"name":"(anonymous_43)","decl":{"start":{"line":1011,"column":27},"end":{"line":1011,"column":33}},"loc":{"start":{"line":1011,"column":33},"end":{"line":1011,"column":61}},"line":1011},"44":{"name":"(anonymous_44)","decl":{"start":{"line":1012,"column":25},"end":{"line":1012,"column":30}},"loc":{"start":{"line":1012,"column":30},"end":{"line":1012,"column":57}},"line":1012},"45":{"name":"(anonymous_45)","decl":{"start":{"line":1013,"column":29},"end":{"line":1013,"column":37}},"loc":{"start":{"line":1013,"column":37},"end":{"line":1013,"column":67}},"line":1013},"46":{"name":"(anonymous_46)","decl":{"start":{"line":1014,"column":27},"end":{"line":1014,"column":33}},"loc":{"start":{"line":1014,"column":33},"end":{"line":1014,"column":61}},"line":1014},"47":{"name":"(anonymous_47)","decl":{"start":{"line":1018,"column":27},"end":{"line":1018,"column":33}},"loc":{"start":{"line":1018,"column":33},"end":{"line":1018,"column":73}},"line":1018},"48":{"name":"(anonymous_48)","decl":{"start":{"line":1019,"column":27},"end":{"line":1019,"column":33}},"loc":{"start":{"line":1019,"column":33},"end":{"line":1019,"column":73}},"line":1019},"49":{"name":"(anonymous_49)","decl":{"start":{"line":1071,"column":2},"end":{"line":1071,"column":7}},"loc":{"start":{"line":1071,"column":30},"end":{"line":1105,"column":null}},"line":1071},"50":{"name":"(anonymous_50)","decl":{"start":{"line":1104,"column":26},"end":{"line":1104,"column":27}},"loc":{"start":{"line":1104,"column":33},"end":{"line":1104,"column":45}},"line":1104}},"branchMap":{"0":{"loc":{"start":{"line":82,"column":4},"end":{"line":82,"column":null}},"type":"if","locations":[{"start":{"line":82,"column":4},"end":{"line":82,"column":null}},{"start":{},"end":{}}],"line":82},"1":{"loc":{"start":{"line":85,"column":4},"end":{"line":85,"column":null}},"type":"if","locations":[{"start":{"line":85,"column":4},"end":{"line":85,"column":null}},{"start":{},"end":{}}],"line":85},"2":{"loc":{"start":{"line":96,"column":6},"end":{"line":96,"column":null}},"type":"if","locations":[{"start":{"line":96,"column":6},"end":{"line":96,"column":null}},{"start":{},"end":{}}],"line":96},"3":{"loc":{"start":{"line":104,"column":6},"end":{"line":104,"column":null}},"type":"if","locations":[{"start":{"line":104,"column":6},"end":{"line":104,"column":null}},{"start":{},"end":{}}],"line":104},"4":{"loc":{"start":{"line":104,"column":10},"end":{"line":104,"column":40}},"type":"binary-expr","locations":[{"start":{"line":104,"column":10},"end":{"line":104,"column":26}},{"start":{"line":104,"column":26},"end":{"line":104,"column":40}}],"line":104},"5":{"loc":{"start":{"line":130,"column":8},"end":{"line":140,"column":null}},"type":"if","locations":[{"start":{"line":130,"column":8},"end":{"line":140,"column":null}},{"start":{"line":135,"column":15},"end":{"line":140,"column":null}}],"line":130},"6":{"loc":{"start":{"line":148,"column":8},"end":{"line":167,"column":null}},"type":"if","locations":[{"start":{"line":148,"column":8},"end":{"line":167,"column":null}},{"start":{"line":158,"column":15},"end":{"line":167,"column":null}}],"line":148},"7":{"loc":{"start":{"line":150,"column":10},"end":{"line":150,"column":null}},"type":"if","locations":[{"start":{"line":150,"column":10},"end":{"line":150,"column":null}},{"start":{},"end":{}}],"line":150},"8":{"loc":{"start":{"line":160,"column":10},"end":{"line":160,"column":null}},"type":"if","locations":[{"start":{"line":160,"column":10},"end":{"line":160,"column":null}},{"start":{},"end":{}}],"line":160},"9":{"loc":{"start":{"line":173,"column":8},"end":{"line":183,"column":null}},"type":"if","locations":[{"start":{"line":173,"column":8},"end":{"line":183,"column":null}},{"start":{"line":178,"column":15},"end":{"line":183,"column":null}}],"line":173},"10":{"loc":{"start":{"line":192,"column":4},"end":{"line":195,"column":null}},"type":"if","locations":[{"start":{"line":192,"column":4},"end":{"line":195,"column":null}},{"start":{},"end":{}}],"line":192},"11":{"loc":{"start":{"line":202,"column":4},"end":{"line":202,"column":null}},"type":"if","locations":[{"start":{"line":202,"column":4},"end":{"line":202,"column":null}},{"start":{},"end":{}}],"line":202},"12":{"loc":{"start":{"line":203,"column":4},"end":{"line":203,"column":null}},"type":"if","locations":[{"start":{"line":203,"column":4},"end":{"line":203,"column":null}},{"start":{},"end":{}}],"line":203},"13":{"loc":{"start":{"line":219,"column":4},"end":{"line":219,"column":null}},"type":"if","locations":[{"start":{"line":219,"column":4},"end":{"line":219,"column":null}},{"start":{},"end":{}}],"line":219},"14":{"loc":{"start":{"line":249,"column":13},"end":{"line":249,"column":47}},"type":"binary-expr","locations":[{"start":{"line":249,"column":13},"end":{"line":249,"column":23}},{"start":{"line":249,"column":23},"end":{"line":249,"column":47}}],"line":249},"15":{"loc":{"start":{"line":257,"column":8},"end":{"line":257,"column":null}},"type":"if","locations":[{"start":{"line":257,"column":8},"end":{"line":257,"column":null}},{"start":{},"end":{}}],"line":257},"16":{"loc":{"start":{"line":264,"column":10},"end":{"line":267,"column":null}},"type":"if","locations":[{"start":{"line":264,"column":10},"end":{"line":267,"column":null}},{"start":{},"end":{}}],"line":264},"17":{"loc":{"start":{"line":270,"column":8},"end":{"line":270,"column":null}},"type":"if","locations":[{"start":{"line":270,"column":8},"end":{"line":270,"column":null}},{"start":{},"end":{}}],"line":270},"18":{"loc":{"start":{"line":273,"column":6},"end":{"line":275,"column":null}},"type":"if","locations":[{"start":{"line":273,"column":6},"end":{"line":275,"column":null}},{"start":{},"end":{}}],"line":273},"19":{"loc":{"start":{"line":322,"column":11},"end":{"line":322,"column":34}},"type":"default-arg","locations":[{"start":{"line":322,"column":21},"end":{"line":322,"column":34}}],"line":322},"20":{"loc":{"start":{"line":342,"column":4},"end":{"line":342,"column":null}},"type":"if","locations":[{"start":{"line":342,"column":4},"end":{"line":342,"column":null}},{"start":{},"end":{}}],"line":342},"21":{"loc":{"start":{"line":343,"column":4},"end":{"line":343,"column":null}},"type":"if","locations":[{"start":{"line":343,"column":4},"end":{"line":343,"column":null}},{"start":{},"end":{}}],"line":343},"22":{"loc":{"start":{"line":349,"column":4},"end":{"line":349,"column":null}},"type":"if","locations":[{"start":{"line":349,"column":4},"end":{"line":349,"column":null}},{"start":{},"end":{}}],"line":349},"23":{"loc":{"start":{"line":349,"column":8},"end":{"line":349,"column":53}},"type":"binary-expr","locations":[{"start":{"line":349,"column":8},"end":{"line":349,"column":24}},{"start":{"line":349,"column":24},"end":{"line":349,"column":39}},{"start":{"line":349,"column":39},"end":{"line":349,"column":53}}],"line":349},"24":{"loc":{"start":{"line":351,"column":4},"end":{"line":395,"column":null}},"type":"if","locations":[{"start":{"line":351,"column":4},"end":{"line":395,"column":null}},{"start":{},"end":{}}],"line":351},"25":{"loc":{"start":{"line":355,"column":6},"end":{"line":394,"column":null}},"type":"switch","locations":[{"start":{"line":356,"column":8},"end":{"line":359,"column":null}},{"start":{"line":360,"column":8},"end":{"line":363,"column":null}},{"start":{"line":364,"column":8},"end":{"line":367,"column":null}},{"start":{"line":368,"column":8},"end":{"line":387,"column":null}},{"start":{"line":388,"column":8},"end":{"line":393,"column":null}}],"line":355},"26":{"loc":{"start":{"line":398,"column":64},"end":{"line":398,"column":80}},"type":"default-arg","locations":[{"start":{"line":398,"column":72},"end":{"line":398,"column":80}}],"line":398},"27":{"loc":{"start":{"line":398,"column":80},"end":{"line":398,"column":102}},"type":"default-arg","locations":[{"start":{"line":398,"column":89},"end":{"line":398,"column":102}}],"line":398},"28":{"loc":{"start":{"line":403,"column":46},"end":{"line":403,"column":63}},"type":"default-arg","locations":[{"start":{"line":403,"column":54},"end":{"line":403,"column":63}}],"line":403},"29":{"loc":{"start":{"line":406,"column":4},"end":{"line":406,"column":null}},"type":"if","locations":[{"start":{"line":406,"column":4},"end":{"line":406,"column":null}},{"start":{},"end":{}}],"line":406},"30":{"loc":{"start":{"line":410,"column":4},"end":{"line":410,"column":null}},"type":"if","locations":[{"start":{"line":410,"column":4},"end":{"line":410,"column":null}},{"start":{},"end":{}}],"line":410},"31":{"loc":{"start":{"line":421,"column":39},"end":{"line":421,"column":55}},"type":"default-arg","locations":[{"start":{"line":421,"column":46},"end":{"line":421,"column":55}}],"line":421},"32":{"loc":{"start":{"line":428,"column":4},"end":{"line":428,"column":null}},"type":"if","locations":[{"start":{"line":428,"column":4},"end":{"line":428,"column":null}},{"start":{},"end":{}}],"line":428},"33":{"loc":{"start":{"line":428,"column":8},"end":{"line":428,"column":53}},"type":"binary-expr","locations":[{"start":{"line":428,"column":8},"end":{"line":428,"column":24}},{"start":{"line":428,"column":24},"end":{"line":428,"column":39}},{"start":{"line":428,"column":39},"end":{"line":428,"column":53}}],"line":428},"34":{"loc":{"start":{"line":470,"column":4},"end":{"line":472,"column":null}},"type":"if","locations":[{"start":{"line":470,"column":4},"end":{"line":472,"column":null}},{"start":{},"end":{}}],"line":470},"35":{"loc":{"start":{"line":470,"column":8},"end":{"line":470,"column":57}},"type":"binary-expr","locations":[{"start":{"line":470,"column":8},"end":{"line":470,"column":37}},{"start":{"line":470,"column":37},"end":{"line":470,"column":57}}],"line":470},"36":{"loc":{"start":{"line":476,"column":6},"end":{"line":480,"column":null}},"type":"if","locations":[{"start":{"line":476,"column":6},"end":{"line":480,"column":null}},{"start":{},"end":{}}],"line":476},"37":{"loc":{"start":{"line":478,"column":10},"end":{"line":478,"column":null}},"type":"cond-expr","locations":[{"start":{"line":478,"column":57},"end":{"line":478,"column":61}},{"start":{"line":478,"column":61},"end":{"line":478,"column":null}}],"line":478},"38":{"loc":{"start":{"line":478,"column":10},"end":{"line":478,"column":57}},"type":"binary-expr","locations":[{"start":{"line":478,"column":10},"end":{"line":478,"column":35}},{"start":{"line":478,"column":35},"end":{"line":478,"column":57}}],"line":478},"39":{"loc":{"start":{"line":484,"column":6},"end":{"line":484,"column":null}},"type":"if","locations":[{"start":{"line":484,"column":6},"end":{"line":484,"column":null}},{"start":{},"end":{}}],"line":484},"40":{"loc":{"start":{"line":487,"column":6},"end":{"line":498,"column":null}},"type":"if","locations":[{"start":{"line":487,"column":6},"end":{"line":498,"column":null}},{"start":{},"end":{}}],"line":487},"41":{"loc":{"start":{"line":487,"column":10},"end":{"line":487,"column":39}},"type":"binary-expr","locations":[{"start":{"line":487,"column":10},"end":{"line":487,"column":31}},{"start":{"line":487,"column":31},"end":{"line":487,"column":39}}],"line":487},"42":{"loc":{"start":{"line":489,"column":8},"end":{"line":496,"column":null}},"type":"if","locations":[{"start":{"line":489,"column":8},"end":{"line":496,"column":null}},{"start":{},"end":{}}],"line":489},"43":{"loc":{"start":{"line":489,"column":12},"end":{"line":489,"column":47}},"type":"binary-expr","locations":[{"start":{"line":489,"column":12},"end":{"line":489,"column":28}},{"start":{"line":489,"column":28},"end":{"line":489,"column":47}}],"line":489},"44":{"loc":{"start":{"line":492,"column":12},"end":{"line":494,"column":null}},"type":"if","locations":[{"start":{"line":492,"column":12},"end":{"line":494,"column":null}},{"start":{},"end":{}}],"line":492},"45":{"loc":{"start":{"line":500,"column":6},"end":{"line":638,"column":null}},"type":"if","locations":[{"start":{"line":500,"column":6},"end":{"line":638,"column":null}},{"start":{},"end":{}}],"line":500},"46":{"loc":{"start":{"line":503,"column":8},"end":{"line":637,"column":null}},"type":"if","locations":[{"start":{"line":503,"column":8},"end":{"line":637,"column":null}},{"start":{},"end":{}}],"line":503},"47":{"loc":{"start":{"line":505,"column":10},"end":{"line":526,"column":null}},"type":"if","locations":[{"start":{"line":505,"column":10},"end":{"line":526,"column":null}},{"start":{},"end":{}}],"line":505},"48":{"loc":{"start":{"line":519,"column":14},"end":{"line":519,"column":null}},"type":"if","locations":[{"start":{"line":519,"column":14},"end":{"line":519,"column":null}},{"start":{},"end":{}}],"line":519},"49":{"loc":{"start":{"line":520,"column":14},"end":{"line":520,"column":null}},"type":"if","locations":[{"start":{"line":520,"column":14},"end":{"line":520,"column":null}},{"start":{},"end":{}}],"line":520},"50":{"loc":{"start":{"line":521,"column":14},"end":{"line":521,"column":null}},"type":"if","locations":[{"start":{"line":521,"column":14},"end":{"line":521,"column":null}},{"start":{},"end":{}}],"line":521},"51":{"loc":{"start":{"line":522,"column":14},"end":{"line":522,"column":null}},"type":"if","locations":[{"start":{"line":522,"column":14},"end":{"line":522,"column":null}},{"start":{},"end":{}}],"line":522},"52":{"loc":{"start":{"line":523,"column":14},"end":{"line":523,"column":null}},"type":"if","locations":[{"start":{"line":523,"column":14},"end":{"line":523,"column":null}},{"start":{},"end":{}}],"line":523},"53":{"loc":{"start":{"line":529,"column":10},"end":{"line":546,"column":null}},"type":"if","locations":[{"start":{"line":529,"column":10},"end":{"line":546,"column":null}},{"start":{},"end":{}}],"line":529},"54":{"loc":{"start":{"line":542,"column":14},"end":{"line":542,"column":null}},"type":"if","locations":[{"start":{"line":542,"column":14},"end":{"line":542,"column":null}},{"start":{},"end":{}}],"line":542},"55":{"loc":{"start":{"line":543,"column":14},"end":{"line":543,"column":null}},"type":"if","locations":[{"start":{"line":543,"column":14},"end":{"line":543,"column":null}},{"start":{},"end":{}}],"line":543},"56":{"loc":{"start":{"line":549,"column":10},"end":{"line":634,"column":null}},"type":"if","locations":[{"start":{"line":549,"column":10},"end":{"line":634,"column":null}},{"start":{},"end":{}}],"line":549},"57":{"loc":{"start":{"line":553,"column":33},"end":{"line":553,"column":54}},"type":"cond-expr","locations":[{"start":{"line":553,"column":45},"end":{"line":553,"column":50}},{"start":{"line":553,"column":50},"end":{"line":553,"column":54}}],"line":553},"58":{"loc":{"start":{"line":554,"column":49},"end":{"line":554,"column":null}},"type":"cond-expr","locations":[{"start":{"line":554,"column":61},"end":{"line":554,"column":66}},{"start":{"line":554,"column":66},"end":{"line":554,"column":null}}],"line":554},"59":{"loc":{"start":{"line":555,"column":30},"end":{"line":555,"column":null}},"type":"cond-expr","locations":[{"start":{"line":555,"column":42},"end":{"line":555,"column":63}},{"start":{"line":555,"column":63},"end":{"line":555,"column":null}}],"line":555},"60":{"loc":{"start":{"line":556,"column":14},"end":{"line":559,"column":null}},"type":"if","locations":[{"start":{"line":556,"column":14},"end":{"line":559,"column":null}},{"start":{},"end":{}}],"line":556},"61":{"loc":{"start":{"line":565,"column":22},"end":{"line":565,"column":null}},"type":"cond-expr","locations":[{"start":{"line":565,"column":34},"end":{"line":565,"column":58}},{"start":{"line":565,"column":58},"end":{"line":565,"column":null}}],"line":565},"62":{"loc":{"start":{"line":573,"column":12},"end":{"line":590,"column":null}},"type":"if","locations":[{"start":{"line":573,"column":12},"end":{"line":590,"column":null}},{"start":{},"end":{}}],"line":573},"63":{"loc":{"start":{"line":574,"column":32},"end":{"line":574,"column":null}},"type":"cond-expr","locations":[{"start":{"line":574,"column":46},"end":{"line":574,"column":76}},{"start":{"line":574,"column":76},"end":{"line":574,"column":null}}],"line":574},"64":{"loc":{"start":{"line":575,"column":31},"end":{"line":575,"column":null}},"type":"binary-expr","locations":[{"start":{"line":575,"column":31},"end":{"line":575,"column":46}},{"start":{"line":575,"column":46},"end":{"line":575,"column":null}}],"line":575},"65":{"loc":{"start":{"line":593,"column":12},"end":{"line":612,"column":null}},"type":"if","locations":[{"start":{"line":593,"column":12},"end":{"line":612,"column":null}},{"start":{},"end":{}}],"line":593},"66":{"loc":{"start":{"line":615,"column":12},"end":{"line":633,"column":null}},"type":"if","locations":[{"start":{"line":615,"column":12},"end":{"line":633,"column":null}},{"start":{},"end":{}}],"line":615},"67":{"loc":{"start":{"line":618,"column":16},"end":{"line":631,"column":null}},"type":"if","locations":[{"start":{"line":618,"column":16},"end":{"line":631,"column":null}},{"start":{},"end":{}}],"line":618},"68":{"loc":{"start":{"line":621,"column":18},"end":{"line":621,"column":null}},"type":"if","locations":[{"start":{"line":621,"column":18},"end":{"line":621,"column":null}},{"start":{},"end":{}}],"line":621},"69":{"loc":{"start":{"line":622,"column":18},"end":{"line":622,"column":null}},"type":"if","locations":[{"start":{"line":622,"column":18},"end":{"line":622,"column":null}},{"start":{},"end":{}}],"line":622},"70":{"loc":{"start":{"line":623,"column":18},"end":{"line":623,"column":null}},"type":"if","locations":[{"start":{"line":623,"column":18},"end":{"line":623,"column":null}},{"start":{},"end":{}}],"line":623},"71":{"loc":{"start":{"line":624,"column":18},"end":{"line":624,"column":null}},"type":"if","locations":[{"start":{"line":624,"column":18},"end":{"line":624,"column":null}},{"start":{},"end":{}}],"line":624},"72":{"loc":{"start":{"line":627,"column":18},"end":{"line":627,"column":null}},"type":"if","locations":[{"start":{"line":627,"column":18},"end":{"line":627,"column":null}},{"start":{},"end":{}}],"line":627},"73":{"loc":{"start":{"line":628,"column":18},"end":{"line":630,"column":null}},"type":"if","locations":[{"start":{"line":628,"column":18},"end":{"line":630,"column":null}},{"start":{},"end":{}}],"line":628},"74":{"loc":{"start":{"line":646,"column":6},"end":{"line":654,"column":null}},"type":"if","locations":[{"start":{"line":646,"column":6},"end":{"line":654,"column":null}},{"start":{},"end":{}}],"line":646},"75":{"loc":{"start":{"line":646,"column":11},"end":{"line":646,"column":59}},"type":"binary-expr","locations":[{"start":{"line":646,"column":11},"end":{"line":646,"column":36}},{"start":{"line":646,"column":36},"end":{"line":646,"column":59}}],"line":646},"76":{"loc":{"start":{"line":662,"column":6},"end":{"line":664,"column":null}},"type":"if","locations":[{"start":{"line":662,"column":6},"end":{"line":664,"column":null}},{"start":{},"end":{}}],"line":662},"77":{"loc":{"start":{"line":672,"column":6},"end":{"line":680,"column":null}},"type":"if","locations":[{"start":{"line":672,"column":6},"end":{"line":680,"column":null}},{"start":{},"end":{}}],"line":672},"78":{"loc":{"start":{"line":673,"column":8},"end":{"line":673,"column":null}},"type":"if","locations":[{"start":{"line":673,"column":8},"end":{"line":673,"column":null}},{"start":{},"end":{}}],"line":673},"79":{"loc":{"start":{"line":673,"column":8},"end":{"line":673,"column":89}},"type":"binary-expr","locations":[{"start":{"line":673,"column":13},"end":{"line":673,"column":41}},{"start":{"line":673,"column":41},"end":{"line":673,"column":68}},{"start":{"line":673,"column":68},"end":{"line":673,"column":89}}],"line":673},"80":{"loc":{"start":{"line":675,"column":8},"end":{"line":679,"column":null}},"type":"if","locations":[{"start":{"line":675,"column":8},"end":{"line":679,"column":null}},{"start":{},"end":{}}],"line":675},"81":{"loc":{"start":{"line":678,"column":10},"end":{"line":678,"column":null}},"type":"if","locations":[{"start":{"line":678,"column":10},"end":{"line":678,"column":null}},{"start":{},"end":{}}],"line":678},"82":{"loc":{"start":{"line":685,"column":6},"end":{"line":760,"column":null}},"type":"if","locations":[{"start":{"line":685,"column":6},"end":{"line":760,"column":null}},{"start":{"line":697,"column":13},"end":{"line":760,"column":null}}],"line":685},"83":{"loc":{"start":{"line":687,"column":8},"end":{"line":696,"column":null}},"type":"if","locations":[{"start":{"line":687,"column":8},"end":{"line":696,"column":null}},{"start":{},"end":{}}],"line":687},"84":{"loc":{"start":{"line":688,"column":10},"end":{"line":691,"column":null}},"type":"if","locations":[{"start":{"line":688,"column":10},"end":{"line":691,"column":null}},{"start":{},"end":{}}],"line":688},"85":{"loc":{"start":{"line":688,"column":10},"end":{"line":688,"column":91}},"type":"binary-expr","locations":[{"start":{"line":688,"column":15},"end":{"line":688,"column":43}},{"start":{"line":688,"column":43},"end":{"line":688,"column":70}},{"start":{"line":688,"column":70},"end":{"line":688,"column":91}}],"line":688},"86":{"loc":{"start":{"line":695,"column":10},"end":{"line":695,"column":null}},"type":"if","locations":[{"start":{"line":695,"column":10},"end":{"line":695,"column":null}},{"start":{},"end":{}}],"line":695},"87":{"loc":{"start":{"line":700,"column":10},"end":{"line":758,"column":null}},"type":"if","locations":[{"start":{"line":700,"column":10},"end":{"line":758,"column":null}},{"start":{},"end":{}}],"line":700},"88":{"loc":{"start":{"line":700,"column":14},"end":{"line":701,"column":80}},"type":"binary-expr","locations":[{"start":{"line":700,"column":14},"end":{"line":700,"column":null}},{"start":{"line":701,"column":14},"end":{"line":701,"column":80}}],"line":700},"89":{"loc":{"start":{"line":706,"column":12},"end":{"line":730,"column":null}},"type":"if","locations":[{"start":{"line":706,"column":12},"end":{"line":730,"column":null}},{"start":{},"end":{}}],"line":706},"90":{"loc":{"start":{"line":711,"column":14},"end":{"line":729,"column":null}},"type":"if","locations":[{"start":{"line":711,"column":14},"end":{"line":729,"column":null}},{"start":{},"end":{}}],"line":711},"91":{"loc":{"start":{"line":711,"column":18},"end":{"line":711,"column":64}},"type":"binary-expr","locations":[{"start":{"line":711,"column":18},"end":{"line":711,"column":33}},{"start":{"line":711,"column":33},"end":{"line":711,"column":64}}],"line":711},"92":{"loc":{"start":{"line":733,"column":12},"end":{"line":743,"column":null}},"type":"if","locations":[{"start":{"line":733,"column":12},"end":{"line":743,"column":null}},{"start":{},"end":{}}],"line":733},"93":{"loc":{"start":{"line":735,"column":16},"end":{"line":740,"column":null}},"type":"if","locations":[{"start":{"line":735,"column":16},"end":{"line":740,"column":null}},{"start":{},"end":{}}],"line":735},"94":{"loc":{"start":{"line":735,"column":20},"end":{"line":735,"column":66}},"type":"binary-expr","locations":[{"start":{"line":735,"column":20},"end":{"line":735,"column":35}},{"start":{"line":735,"column":35},"end":{"line":735,"column":66}}],"line":735},"95":{"loc":{"start":{"line":737,"column":18},"end":{"line":739,"column":null}},"type":"if","locations":[{"start":{"line":737,"column":18},"end":{"line":739,"column":null}},{"start":{},"end":{}}],"line":737},"96":{"loc":{"start":{"line":746,"column":12},"end":{"line":751,"column":null}},"type":"if","locations":[{"start":{"line":746,"column":12},"end":{"line":751,"column":null}},{"start":{},"end":{}}],"line":746},"97":{"loc":{"start":{"line":754,"column":12},"end":{"line":757,"column":null}},"type":"if","locations":[{"start":{"line":754,"column":12},"end":{"line":757,"column":null}},{"start":{},"end":{}}],"line":754},"98":{"loc":{"start":{"line":766,"column":8},"end":{"line":791,"column":null}},"type":"if","locations":[{"start":{"line":766,"column":8},"end":{"line":791,"column":null}},{"start":{},"end":{}}],"line":766},"99":{"loc":{"start":{"line":766,"column":12},"end":{"line":767,"column":72}},"type":"binary-expr","locations":[{"start":{"line":766,"column":12},"end":{"line":766,"column":null}},{"start":{"line":767,"column":12},"end":{"line":767,"column":72}}],"line":766},"100":{"loc":{"start":{"line":775,"column":10},"end":{"line":784,"column":null}},"type":"if","locations":[{"start":{"line":775,"column":10},"end":{"line":784,"column":null}},{"start":{},"end":{}}],"line":775},"101":{"loc":{"start":{"line":777,"column":14},"end":{"line":782,"column":null}},"type":"if","locations":[{"start":{"line":777,"column":14},"end":{"line":782,"column":null}},{"start":{},"end":{}}],"line":777},"102":{"loc":{"start":{"line":777,"column":18},"end":{"line":777,"column":62}},"type":"binary-expr","locations":[{"start":{"line":777,"column":18},"end":{"line":777,"column":33}},{"start":{"line":777,"column":33},"end":{"line":777,"column":62}}],"line":777},"103":{"loc":{"start":{"line":779,"column":16},"end":{"line":781,"column":null}},"type":"if","locations":[{"start":{"line":779,"column":16},"end":{"line":781,"column":null}},{"start":{},"end":{}}],"
[...]
umn":null}},"28":{"start":{"line":197,"column":40},"end":{"line":197,"column":null}},"29":{"start":{"line":199,"column":2},"end":{"line":216,"column":null}},"30":{"start":{"line":199,"column":15},"end":{"line":199,"column":18}},"31":{"start":{"line":200,"column":10},"end":{"line":200,"column":null}},"32":{"start":{"line":201,"column":4},"end":{"line":215,"column":null}},"33":{"start":{"line":218,"column":2},"end":{"line":218,"column":null}},"34":{"start":{"line":233,"column":22},"end":{"line":233,"column":null}},"35":{"start":{"line":235,"column":2},"end":{"line":237,"column":null}},"36":{"start":{"line":236,"column":4},"end":{"line":236,"column":null}},"37":{"start":{"line":239,"column":16},"end":{"line":239,"column":null}},"38":{"start":{"line":240,"column":19},"end":{"line":240,"column":null}},"39":{"start":{"line":241,"column":8},"end":{"line":241,"column":null}},"40":{"start":{"line":243,"column":8},"end":{"line":243,"column":null}},"41":{"start":{"line":244,"column":36},"end":{"line":244,"column":null}},"42":{"start":{"line":246,"column":2},"end":{"line":284,"column":null}},"43":{"start":{"line":246,"column":15},"end":{"line":246,"column":18}},"44":{"start":{"line":247,"column":22},"end":{"line":247,"column":null}},"45":{"start":{"line":248,"column":4},"end":{"line":260,"column":null}},"46":{"start":{"line":249,"column":21},"end":{"line":249,"column":null}},"47":{"start":{"line":250,"column":6},"end":{"line":259,"column":null}},"48":{"start":{"line":251,"column":21},"end":{"line":251,"column":null}},"49":{"start":{"line":252,"column":8},"end":{"line":256,"column":null}},"50":{"start":{"line":253,"column":10},"end":{"line":253,"column":null}},"51":{"start":{"line":254,"column":8},"end":{"line":256,"column":null}},"52":{"start":{"line":255,"column":10},"end":{"line":255,"column":null}},"53":{"start":{"line":258,"column":8},"end":{"line":258,"column":null}},"54":{"start":{"line":262,"column":24},"end":{"line":262,"column":null}},"55":{"start":{"line":263,"column":20},"end":{"line":263,"column":null}},"56":{"start":{"line":264,"column":20},"end":{"line":264,"column":null}},"57":{"start":{"line":266,"column":22},"end":{"line":266,"column":null}},"58":{"start":{"line":267,"column":24},"end":{"line":267,"column":null}},"59":{"start":{"line":268,"column":19},"end":{"line":268,"column":null}},"60":{"start":{"line":269,"column":19},"end":{"line":269,"column":null}},"61":{"start":{"line":271,"column":4},"end":{"line":283,"column":null}},"62":{"start":{"line":286,"column":2},"end":{"line":286,"column":null}},"63":{"start":{"line":300,"column":20},"end":{"line":303,"column":null}},"64":{"start":{"line":306,"column":20},"end":{"line":306,"column":null}},"65":{"start":{"line":307,"column":19},"end":{"line":307,"column":null}},"66":{"start":{"line":308,"column":22},"end":{"line":308,"column":null}},"67":{"start":{"line":309,"column":23},"end":{"line":309,"column":null}},"68":{"start":{"line":310,"column":21},"end":{"line":310,"column":null}},"69":{"start":{"line":312,"column":2},"end":{"line":322,"column":null}},"70":{"start":{"line":334,"column":2},"end":{"line":336,"column":null}},"71":{"start":{"line":335,"column":4},"end":{"line":335,"column":null}},"72":{"start":{"line":339,"column":2},"end":{"line":341,"column":null}},"73":{"start":{"line":340,"column":4},"end":{"line":340,"column":null}},"74":{"start":{"line":343,"column":2},"end":{"line":346,"column":null}},"75":{"start":{"line":368,"column":2},"end":{"line":385,"column":null}},"76":{"start":{"line":370,"column":6},"end":{"line":370,"column":null}},"77":{"start":{"line":372,"column":6},"end":{"line":372,"column":null}},"78":{"start":{"line":374,"column":6},"end":{"line":374,"column":null}},"79":{"start":{"line":376,"column":6},"end":{"line":376,"column":null}},"80":{"start":{"line":378,"column":6},"end":{"line":378,"column":null}},"81":{"start":{"line":380,"column":6},"end":{"line":380,"column":null}},"82":{"start":{"line":382,"column":6},"end":{"line":382,"column":null}},"83":{"start":{"line":384,"column":6},"end":{"line":384,"column":null}}},"fnMap":{"0":{"name":"fireNearest","decl":{"start":{"line":67,"column":16},"end":{"line":67,"column":null}},"loc":{"start":{"line":73,"column":20},"end":{"line":97,"column":null}},"line":73},"1":{"name":"fireBubble","decl":{"start":{"line":102,"column":16},"end":{"line":102,"column":null}},"loc":{"start":{"line":110,"column":20},"end":{"line":142,"column":null}},"line":110},"2":{"name":"fireFacing","decl":{"start":{"line":147,"column":16},"end":{"line":147,"column":null}},"loc":{"start":{"line":157,"column":20},"end":{"line":181,"column":null}},"line":157},"3":{"name":"fireArc","decl":{"start":{"line":186,"column":16},"end":{"line":186,"column":null}},"loc":{"start":{"line":193,"column":20},"end":{"line":219,"column":null}},"line":193},"4":{"name":"fireFireball","decl":{"start":{"line":224,"column":16},"end":{"line":224,"column":null}},"loc":{"start":{"line":232,"column":20},"end":{"line":287,"column":null}},"line":232},"5":{"name":"fireSpray","decl":{"start":{"line":292,"column":16},"end":{"line":292,"column":null}},"loc":{"start":{"line":299,"column":20},"end":{"line":323,"column":null}},"line":299},"6":{"name":"checkAura","decl":{"start":{"line":328,"column":16},"end":{"line":328,"column":null}},"loc":{"start":{"line":333,"column":20},"end":{"line":347,"column":null}},"line":333},"7":{"name":"fireWeapon","decl":{"start":{"line":353,"column":16},"end":{"line":353,"column":null}},"loc":{"start":{"line":367,"column":20},"end":{"line":386,"column":null}},"line":367}},"branchMap":{"0":{"loc":{"start":{"line":76,"column":2},"end":{"line":78,"column":null}},"type":"if","locations":[{"start":{"line":76,"column":2},"end":{"line":78,"column":null}},{"start":{},"end":{}}],"line":76},"1":{"loc":{"start":{"line":109,"column":2},"end":{"line":109,"column":null}},"type":"default-arg","locations":[{"start":{"line":109,"column":28},"end":{"line":109,"column":null}}],"line":109},"2":{"loc":{"start":{"line":113,"column":2},"end":{"line":115,"column":null}},"type":"if","locations":[{"start":{"line":113,"column":2},"end":{"line":115,"column":null}},{"start":{},"end":{}}],"line":113},"3":{"loc":{"start":{"line":118,"column":23},"end":{"line":118,"column":null}},"type":"binary-expr","locations":[{"start":{"line":118,"column":23},"end":{"line":118,"column":38}},{"start":{"line":118,"column":38},"end":{"line":118,"column":null}}],"line":118},"4":{"loc":{"start":{"line":119,"column":17},"end":{"line":119,"column":43}},"type":"binary-expr","locations":[{"start":{"line":119,"column":17},"end":{"line":119,"column":38}},{"start":{"line":119,"column":38},"end":{"line":119,"column":43}}],"line":119},"5":{"loc":{"start":{"line":156,"column":2},"end":{"line":156,"column":null}},"type":"default-arg","locations":[{"start":{"line":156,"column":28},"end":{"line":156,"column":null}}],"line":156},"6":{"loc":{"start":{"line":158,"column":16},"end":{"line":158,"column":null}},"type":"binary-expr","locations":[{"start":{"line":158,"column":16},"end":{"line":158,"column":28}},{"start":{"line":158,"column":28},"end":{"line":158,"column":null}}],"line":158},"7":{"loc":{"start":{"line":158,"column":39},"end":{"line":158,"column":52}},"type":"binary-expr","locations":[{"start":{"line":158,"column":39},"end":{"line":158,"column":49}},{"start":{"line":158,"column":49},"end":{"line":158,"column":52}}],"line":158},"8":{"loc":{"start":{"line":158,"column":52},"end":{"line":158,"column":63}},"type":"binary-expr","locations":[{"start":{"line":158,"column":52},"end":{"line":158,"column":62}},{"start":{"line":158,"column":62},"end":{"line":158,"column":63}}],"line":158},"9":{"loc":{"start":{"line":159,"column":22},"end":{"line":159,"column":null}},"type":"binary-expr","locations":[{"start":{"line":159,"column":22},"end":{"line":159,"column":37}},{"start":{"line":159,"column":37},"end":{"line":159,"column":null}}],"line":159},"10":{"loc":{"start":{"line":160,"column":17},"end":{"line":160,"column":43}},"type":"binary-expr","locations":[{"start":{"line":160,"column":17},"end":{"line":160,"column":38}},{"start":{"line":160,"column":38},"end":{"line":160,"column":43}}],"line":160},"11":{"loc":{"start":{"line":192,"column":2},"end":{"line":192,"column":null}},"type":"default-arg","locations":[{"start":{"line":192,"column":28},"end":{"line":192,"column":null}}],"line":192},"12":{"loc":{"start":{"line":194,"column":17},"end":{"line":194,"column":43}},"type":"binary-expr","locations":[{"start":{"line":194,"column":17},"end":{"line":194,"column":38}},{"start":{"line":194,"column":38},"end":{"line":194,"column":43}}],"line":194},"13":{"loc":{"start":{"line":195,"column":15},"end":{"line":195,"column":null}},"type":"binary-expr","locations":[{"start":{"line":195,"column":15},"end":{"line":195,"column":25}},{"start":{"line":195,"column":25},"end":{"line":195,"column":null}}],"line":195},"14":{"loc":{"start":{"line":231,"column":2},"end":{"line":231,"column":null}},"type":"default-arg","locations":[{"start":{"line":231,"column":28},"end":{"line":231,"column":null}}],"line":231},"15":{"loc":{"start":{"line":235,"column":2},"end":{"line":237,"column":null}},"type":"if","locations":[{"start":{"line":235,"column":2},"end":{"line":237,"column":null}},{"start":{},"end":{}}],"line":235},"16":{"loc":{"start":{"line":239,"column":21},"end":{"line":239,"column":null}},"type":"binary-expr","locations":[{"start":{"line":239,"column":21},"end":{"line":239,"column":36}},{"start":{"line":239,"column":36},"end":{"line":239,"column":null}}],"line":239},"17":{"loc":{"start":{"line":240,"column":25},"end":{"line":240,"column":null}},"type":"binary-expr","locations":[{"start":{"line":240,"column":25},"end":{"line":240,"column":40}},{"start":{"line":240,"column":40},"end":{"line":240,"column":null}}],"line":240},"18":{"loc":{"start":{"line":241,"column":17},"end":{"line":241,"column":43}},"type":"binary-expr","locations":[{"start":{"line":241,"column":17},"end":{"line":241,"column":38}},{"start":{"line":241,"column":38},"end":{"line":241,"column":43}}],"line":241},"19":{"loc":{"start":{"line":248,"column":4},"end":{"line":260,"column":null}},"type":"if","locations":[{"start":{"line":248,"column":4},"end":{"line":260,"column":null}},{"start":{},"end":{}}],"line":248},"20":{"loc":{"start":{"line":250,"column":6},"end":{"line":259,"column":null}},"type":"if","locations":[{"start":{"line":250,"column":6},"end":{"line":259,"column":null}},{"start":{"line":257,"column":13},"end":{"line":259,"column":null}}],"line":250},"21":{"loc":{"start":{"line":252,"column":8},"end":{"line":256,"column":null}},"type":"if","locations":[{"start":{"line":252,"column":8},"end":{"line":256,"column":null}},{"start":{"line":254,"column":8},"end":{"line":256,"column":null}}],"line":252},"22":{"loc":{"start":{"line":254,"column":8},"end":{"line":256,"column":null}},"type":"if","locations":[{"start":{"line":254,"column":8},"end":{"line":256,"column":null}},{"start":{},"end":{}}],"line":254},"23":{"loc":{"start":{"line":300,"column":20},"end":{"line":303,"column":null}},"type":"binary-expr","locations":[{"start":{"line":300,"column":20},"end":{"line":300,"column":null}},{"start":{"line":301,"column":4},"end":{"line":303,"column":null}}],"line":300},"24":{"loc":{"start":{"line":301,"column":4},"end":{"line":303,"column":null}},"type":"cond-expr","locations":[{"start":{"line":302,"column":6},"end":{"line":302,"column":null}},{"start":{"line":303,"column":6},"end":{"line":303,"column":null}}],"line":301},"25":{"loc":{"start":{"line":302,"column":17},"end":{"line":302,"column":30}},"type":"binary-expr","locations":[{"start":{"line":302,"column":17},"end":{"line":302,"column":27}},{"start":{"line":302,"column":27},"end":{"line":302,"column":30}}],"line":302},"26":{"loc":{"start":{"line":307,"column":19},"end":{"line":307,"column":null}},"type":"cond-expr","locations":[{"start":{"line":307,"column":31},"end":{"line":307,"column":43}},{"start":{"line":307,"column":43},"end":{"line":307,"column":null}}],"line":307},"27":{"loc":{"start":{"line":308,"column":22},"end":{"line":308,"column":null}},"type":"cond-expr","locations":[{"start":{"line":308,"column":34},"end":{"line":308,"column":39}},{"start":{"line":308,"column":39},"end":{"line":308,"column":null}}],"line":308},"28":{"loc":{"start":{"line":308,"column":39},"end":{"line":308,"column":null}},"type":"binary-expr","locations":[{"start":{"line":308,"column":39},"end":{"line":308,"column":56}},{"start":{"line":308,"column":56},"end":{"line":308,"column":null}}],"line":308},"29":{"loc":{"start":{"line":309,"column":23},"end":{"line":309,"column":null}},"type":"binary-expr","locations":[{"start":{"line":309,"column":23},"end":{"line":309,"column":36}},{"start":{"line":309,"column":36},"end":{"line":309,"column":null}}],"line":309},"30":{"loc":{"start":{"line":309,"column":36},"end":{"line":309,"column":null}},"type":"cond-expr","locations":[{"start":{"line":309,"column":48},"end":{"line":309,"column":55}},{"start":{"line":309,"column":55},"end":{"line":309,"column":null}}],"line":309},"31":{"loc":{"start":{"line":310,"column":21},"end":{"line":310,"column":null}},"type":"binary-expr","locations":[{"start":{"line":310,"column":21},"end":{"line":310,"column":37}},{"start":{"line":310,"column":37},"end":{"line":310,"column":null}}],"line":310},"32":{"loc":{"start":{"line":334,"column":2},"end":{"line":336,"column":null}},"type":"if","locations":[{"start":{"line":334,"column":2},"end":{"line":336,"column":null}},{"start":{},"end":{}}],"line":334},"33":{"loc":{"start":{"line":339,"column":2},"end":{"line":341,"column":null}},"type":"if","locations":[{"start":{"line":339,"column":2},"end":{"line":341,"column":null}},{"start":{},"end":{}}],"line":339},"34":{"loc":{"start":{"line":366,"column":2},"end":{"line":366,"column":null}},"type":"default-arg","locations":[{"start":{"line":366,"column":28},"end":{"line":366,"column":null}}],"line":366},"35":{"loc":{"start":{"line":368,"column":2},"end":{"line":385,"column":null}},"type":"switch","locations":[{"start":{"line":369,"column":4},"end":{"line":370,"column":null}},{"start":{"line":371,"column":4},"end":{"line":372,"column":null}},{"start":{"line":373,"column":4},"end":{"line":374,"column":null}},{"start":{"line":375,"column":4},"end":{"line":376,"column":null}},{"start":{"line":377,"column":4},"end":{"line":378,"column":null}},{"start":{"line":379,"column":4},"end":{"line":380,"column":null}},{"start":{"line":381,"column":4},"end":{"line":382,"column":null}},{"start":{"line":383,"column":4},"end":{"line":384,"column":null}}],"line":368}},"s":{"0":8,"1":8,"2":2,"3":6,"4":6,"5":7,"6":7,"7":2,"8":5,"9":5,"10":7,"11":7,"12":7,"13":7,"14":6,"15":6,"16":5,"17":7,"18":7,"19":7,"20":7,"21":7,"22":7,"23":9,"24":9,"25":7,"26":7,"27":7,"28":7,"29":7,"30":7,"31":7,"32":7,"33":7,"34":8,"35":8,"36":2,"37":6,"38":8,"39":8,"40":8,"41":8,"42":8,"43":8,"44":8,"45":8,"46":3,"47":3,"48":0,"49":0,"50":0,"51":0,"52":0,"53":3,"54":8,"55":8,"56":8,"57":8,"58":8,"59":8,"60":8,"61":8,"62":6,"63":7,"64":7,"65":7,"66":7,"67":7,"68":7,"69":7,"70":8,"71":1,"72":7,"73":1,"74":6,"75":11,"76":2,"77":2,"78":1,"79":1,"80":2,"81":1,"82":1,"83":1},"f":{"0":8,"1":7,"2":7,"3":7,"4":8,"5":7,"6":8,"7":11},"b":{"0":[2,6],"1":[7],"2":[2,5],"3":[5,4],"4":[7,4],"5":[7],"6":[7,6],"7":[6,6],"8":[6,1],"9":[7,6],"10":[7,6],"11":[7],"12":[7,7],"13":[7,6],"14":[8],"15":[2,6],"16":[6,5],"17":[8,5],"18":[8,5],"19":[3,5],"20":[0,3],"21":[0,0],"22":[0,0],"23":[7,6],"24":[5,1],"25":[5,4],"26":[1,6],"27":[1,6],"28":[6,6],"29":[7,6],"30":[1,5],"31":[7,6],"32":[1,7],"33":[1,6],"34":[11],"35":[2,2,1,1,2,1,1,1]},"meta":{"lastBranch":36,"lastFunction":8,"lastStatement":84,"seen":{"f:67:16:67:Infinity":0,"s:74:22:74:Infinity":0,"b:76:2:78:Infinity:undefined:undefined:undefined:undefined":0,"s:76:2:78:Infinity":1,"s:77:4:77:Infinity":2,"s:80:8:80:Infinity":3,"s:82:2:96:Infinity":4,"f:102:16:102:Infinity":1,"b:109:28:109:Infinity":1,"s:111:22:111:Infinity":5,"b:113:2:115:Infinity:undefined:undefined:undefined:undefined":2,"s:113:2:115:Infinity":6,"s:114:4:114:Infinity":7,"s:117:8:117:Infinity":8,"s:118:16:118:Infinity":9,"b:118:23:118:38:118:38:118:Infinity":3,"s:119:8:119:Infinity":10,"b:119:17:119:38:119:38:119:43":4,"s:121:40:121:Infinity":11,"s:123:2:139:Infinity":12,"s:123:15:123:18":13,"s:124:10:124:Infinity":14,"s:125:4:138:Infinity":15,"s:141:2:141:Infinity":16,"f:147:16:147:Infinity":2,"b:156:28:156:Infinity":5,"s:158:16:158:Infinity":17,"b:158:16:158:28:158:28:158:Infinity":6,"b:158:39:158:49:158:49:158:52":7,"b:158:52:158:62:158:62:158:63":8,"s:159:16:159:Infinity":18,"b:159:22:159:37:159:37:159:Infinity":9,"s:160:8:160:Infinity":19,"b:160:17:160:38:160:38:160:43":10,"s:162:40:162:Infinity":20,"s:164:2:178:Infinity":21,"s:164:15:164:18":22,"s:165:10:165:Infinity":23,"s:166:4:177:Infinity":24,"s:180:2:180:Infinity":25,"f:186:16:186:Infinity":3,"b:192:28:192:Infinity":11,"s:194:8:194:Infinity":26,"b:194:17:194:38:194:38:194:43":12,"s:195:15:195:Infinity":27,"b:195:15:195:25:195:25:195:Infinity":13,"s:197:40:197:Infinity":28,"s:199:2:216:Infinity":29,"s:199:15:199:18":30,"s:200:10:200:Infinity":31,"s:201:4:215:Infinity":32,"s:218:2:218:Infinity":33,"f:224:16:224:Infinity":4,"b:231:28:231:Infinity":14,"s:233:22:233:Infinity":34,"b:235:2:237:Infinity:undefined:undefined:undefined:undefined":15,"s:235:2:237:Infinity":35,"s:236:4:236:Infinity":36,"s:239:16:239:Infinity":37,"b:239:21:239:36:239:36:239:Infinity":16,"s:240:19:240:Infinity":38,"b:240:25:240:40:240:40:240:Infinity":17,"s:241:8:241:Infinity":39,"b:241:17:241:38:241:38:241:43":18,"s:243:8:243:Infinity":40,"s:244:36:244:Infinity":41,"s:246:2:284:Infinity":42,"s:246:15:246:18":43,"s:247:22:247:Infinity":44,"b:248:4:260:Infinity:undefined:undefined:undefined:undefined":19,"s:248:4:260:Infinity":45,"s:249:21:249:Infinity":46,"b:250:6:259:Infinity:257:13:259:Infinity":20,"s:250:6:259:Infinity":47,"s:251:21:251:Infinity":48,"b:252:8:256:Infinity:254:8:256:Infinity":21,"s:252:8:256:Infinity":49,"s:253:10:253:Infinity":50,"b:254:8:256:Infinity:undefined:undefined:undefined:undefined":22,"s:254:8:256:Infinity":51,"s:255:10:255:Infinity":52,"s:258:8:258:Infinity":53,"s:262:24:262:Infinity":54,"s:263:20:263:Infinity":55,"s:264:20:264:Infinity":56,"s:266:22:266:Infinity":57,"s:267:24:267:Infinity":58,"s:268:19:268:Infinity":59,"s:269:19:269:Infinity":60,"s:271:4:283:Infinity":61,"s:286:2:286:Infinity":62,"f:292:16:292:Infinity":5,"s:300:20:303:Infinity":63,"b:300:20:300:Infinity:301:4:303:Infinity":23,"b:302:6:302:Infinity:303:6:303:Infinity":24,"b:302:17:302:27:302:27:302:30":25,"s:306:20:306:Infinity":64,"s:307:19:307:Infinity":65,"b:307:31:307:43:307:43:307:Infinity":26,"s:308:22:308:Infinity":66,"b:308:34:308:39:308:39:308:Infinity":27,"b:308:39:308:56:308:56:308:Infinity":28,"s:309:23:309:Infinity":67,"b:309:23:309:36:309:36:309:Infinity":29,"b:309:48:309:55:309:55:309:Infinity":30,"s:310:21:310:Infinity":68,"b:310:21:310:37:310:37:310:Infinity":31,"s:312:2:322:Infinity":69,"f:328:16:328:Infinity":6,"b:334:2:336:Infinity:undefined:undefined:undefined:undefined":32,"s:334:2:336:Infinity":70,"s:335:4:335:Infinity":71,"b:339:2:341:Infinity:undefined:undefined:undefined:undefined":33,"s:339:2:341:Infinity":72,"s:340:4:340:Infinity":73,"s:343:2:346:Infinity":74,"f:353:16:353:Infinity":7,"b:366:28:366:Infinity":34,"b:369:4:370:Infinity:371:4:372:Infinity:373:4:374:Infinity:375:4:376:Infinity:377:4:378:Infinity:379:4:380:Infinity:381:4:382:Infinity:383:4:384:Infinity":35,"s:368:2:385:Infinity":75,"s:370:6:370:Infinity":76,"s:372:6:372:Infinity":77,"s:374:6:374:Infinity":78,"s:376:6:376:Infinity":79,"s:378:6:378:Infinity":80,"s:380:6:380:Infinity":81,"s:382:6:382:Infinity":82,"s:384:6:384:Infinity":83}}}
,"/Users/stefan/tmp/games/survivor_protocol/src/types/index.ts": {"path":"/Users/stefan/tmp/games/survivor_protocol/src/types/index.ts","statementMap":{},"fnMap":{},"branchMap":{},"s":{},"f":{},"b":{},"meta":{"lastBranch":0,"lastFunction":0,"lastStatement":0,"seen":{}}}
}
